This is pdfTeX, Version 3.14159265-2.6-1.40.20 (TeX Live 2019/Debian) (preloaded format=pdflatex 2022.11.27)  30 NOV 2022 05:09
entering extended mode
 restricted \write18 enabled.
 %&-line parsing enabled.
**/home/flask_app/trader_stats/uploads/1470260.history.tex
(/home/flask_app/trader_stats/uploads/1470260.history.tex
LaTeX2e <2020-02-02> patch level 2
L3 programming layer <2020-02-14>
(/usr/share/texlive/texmf-dist/tex/latex/base/article.cls
Document Class: article 2019/12/20 v1.4l Standard LaTeX document class
(/usr/share/texlive/texmf-dist/tex/latex/base/size10.clo
File: size10.clo 2019/12/20 v1.4l Standard LaTeX file (size option)
)
\c@part=\count167
\c@section=\count168
\c@subsection=\count169
\c@subsubsection=\count170
\c@paragraph=\count171
\c@subparagraph=\count172
\c@figure=\count173
\c@table=\count174
\abovecaptionskip=\skip47
\belowcaptionskip=\skip48
\bibindent=\dimen134
)
(/usr/share/texlive/texmf-dist/tex/latex/base/fontenc.sty
Package: fontenc 2020/02/11 v2.0o Standard LaTeX package
)
(/usr/share/texlive/texmf-dist/tex/latex/base/inputenc.sty
Package: inputenc 2018/08/11 v1.3c Input encoding file
\inpenc@prehook=\toks14
\inpenc@posthook=\toks15
)
(/usr/share/texmf/tex/latex/lm/lmodern.sty
Package: lmodern 2009/10/30 v1.6 Latin Modern Fonts
LaTeX Font Info:    Overwriting symbol font `operators' in version `normal'
(Font)                  OT1/cmr/m/n --> OT1/lmr/m/n on input line 22.
LaTeX Font Info:    Overwriting symbol font `letters' in version `normal'
(Font)                  OML/cmm/m/it --> OML/lmm/m/it on input line 23.
LaTeX Font Info:    Overwriting symbol font `symbols' in version `normal'
(Font)                  OMS/cmsy/m/n --> OMS/lmsy/m/n on input line 24.
LaTeX Font Info:    Overwriting symbol font `largesymbols' in version `normal'
(Font)                  OMX/cmex/m/n --> OMX/lmex/m/n on input line 25.
LaTeX Font Info:    Overwriting symbol font `operators' in version `bold'
(Font)                  OT1/cmr/bx/n --> OT1/lmr/bx/n on input line 26.
LaTeX Font Info:    Overwriting symbol font `letters' in version `bold'
(Font)                  OML/cmm/b/it --> OML/lmm/b/it on input line 27.
LaTeX Font Info:    Overwriting symbol font `symbols' in version `bold'
(Font)                  OMS/cmsy/b/n --> OMS/lmsy/b/n on input line 28.
LaTeX Font Info:    Overwriting symbol font `largesymbols' in version `bold'
(Font)                  OMX/cmex/m/n --> OMX/lmex/m/n on input line 29.
LaTeX Font Info:    Overwriting math alphabet `\mathbf' in version `normal'
(Font)                  OT1/cmr/bx/n --> OT1/lmr/bx/n on input line 31.
LaTeX Font Info:    Overwriting math alphabet `\mathsf' in version `normal'
(Font)                  OT1/cmss/m/n --> OT1/lmss/m/n on input line 32.
LaTeX Font Info:    Overwriting math alphabet `\mathit' in version `normal'
(Font)                  OT1/cmr/m/it --> OT1/lmr/m/it on input line 33.
LaTeX Font Info:    Overwriting math alphabet `\mathtt' in version `normal'
(Font)                  OT1/cmtt/m/n --> OT1/lmtt/m/n on input line 34.
LaTeX Font Info:    Overwriting math alphabet `\mathbf' in version `bold'
(Font)                  OT1/cmr/bx/n --> OT1/lmr/bx/n on input line 35.
LaTeX Font Info:    Overwriting math alphabet `\mathsf' in version `bold'
(Font)                  OT1/cmss/bx/n --> OT1/lmss/bx/n on input line 36.
LaTeX Font Info:    Overwriting math alphabet `\mathit' in version `bold'
(Font)                  OT1/cmr/bx/it --> OT1/lmr/bx/it on input line 37.
LaTeX Font Info:    Overwriting math alphabet `\mathtt' in version `bold'
(Font)                  OT1/cmtt/m/n --> OT1/lmtt/m/n on input line 38.
)
(/usr/share/texlive/texmf-dist/tex/latex/base/textcomp.sty
Package: textcomp 2020/02/02 v2.0n Standard LaTeX package
)
(/usr/share/texlive/texmf-dist/tex/latex/lastpage/lastpage.sty
Package: lastpage 2015/03/29 v1.2m Refers to last page's name (HMM; JPG)
)
(/usr/share/texlive/texmf-dist/tex/latex/geometry/geometry.sty
Package: geometry 2020/01/02 v5.9 Page Geometry

(/usr/share/texlive/texmf-dist/tex/latex/graphics/keyval.sty
Package: keyval 2014/10/28 v1.15 key=value parser (DPC)
\KV@toks@=\toks16
)
(/usr/share/texlive/texmf-dist/tex/generic/iftex/ifvtex.sty
Package: ifvtex 2019/10/25 v1.7 ifvtex legacy package. Use iftex instead.

(/usr/share/texlive/texmf-dist/tex/generic/iftex/iftex.sty
Package: iftex 2019/11/07 v1.0c TeX engine tests
))
\Gm@cnth=\count175
\Gm@cntv=\count176
\c@Gm@tempcnt=\count177
\Gm@bindingoffset=\dimen135
\Gm@wd@mp=\dimen136
\Gm@odd@mp=\dimen137
\Gm@even@mp=\dimen138
\Gm@layoutwidth=\dimen139
\Gm@layoutheight=\dimen140
\Gm@layouthoffset=\dimen141
\Gm@layoutvoffset=\dimen142
\Gm@dimlist=\toks17
)
(/usr/share/texlive/texmf-dist/tex/latex/graphics/graphicx.sty
Package: graphicx 2019/11/30 v1.2a Enhanced LaTeX Graphics (DPC,SPQR)

(/usr/share/texlive/texmf-dist/tex/latex/graphics/graphics.sty
Package: graphics 2019/11/30 v1.4a Standard LaTeX Graphics (DPC,SPQR)

(/usr/share/texlive/texmf-dist/tex/latex/graphics/trig.sty
Package: trig 2016/01/03 v1.10 sin cos tan (DPC)
)
(/usr/share/texlive/texmf-dist/tex/latex/graphics-cfg/graphics.cfg
File: graphics.cfg 2016/06/04 v1.11 sample graphics configuration
)
Package graphics Info: Driver file: pdftex.def on input line 105.

(/usr/share/texlive/texmf-dist/tex/latex/graphics-def/pdftex.def
File: pdftex.def 2018/01/08 v1.0l Graphics/color driver for pdftex
))
\Gin@req@height=\dimen143
\Gin@req@width=\dimen144
)
(/usr/share/texlive/texmf-dist/tex/latex/l3backend/l3backend-pdfmode.def
File: l3backend-pdfmode.def 2020-02-03 L3 backend support: PDF mode
\l__kernel_color_stack_int=\count178
\l__pdf_internal_box=\box45
)
No file 1470260.history.aux.
\openout1 = `1470260.history.aux'.

LaTeX Font Info:    Checking defaults for OML/cmm/m/it on input line 15.
LaTeX Font Info:    ... okay on input line 15.
LaTeX Font Info:    Checking defaults for OMS/cmsy/m/n on input line 15.
LaTeX Font Info:    ... okay on input line 15.
LaTeX Font Info:    Checking defaults for OT1/cmr/m/n on input line 15.
LaTeX Font Info:    ... okay on input line 15.
LaTeX Font Info:    Checking defaults for T1/cmr/m/n on input line 15.
LaTeX Font Info:    ... okay on input line 15.
LaTeX Font Info:    Checking defaults for TS1/cmr/m/n on input line 15.
LaTeX Font Info:    ... okay on input line 15.
LaTeX Font Info:    Checking defaults for OMX/cmex/m/n on input line 15.
LaTeX Font Info:    ... okay on input line 15.
LaTeX Font Info:    Checking defaults for U/cmr/m/n on input line 15.
LaTeX Font Info:    ... okay on input line 15.
LaTeX Font Info:    Trying to load font information for T1+lmr on input line 15
.
(/usr/share/texmf/tex/latex/lm/t1lmr.fd
File: t1lmr.fd 2009/10/30 v1.6 Font defs for Latin Modern
)
Package lastpage Info: Please have a look at the pageslts package at
(lastpage)             https://www.ctan.org/pkg/pageslts
(lastpage)             ! on input line 15.

*geometry* driver: auto-detecting
*geometry* detected driver: pdftex
*geometry* verbose mode - [ preamble ] result:
* driver: pdftex
* paper: <default>
* layout: <same size as paper>
* layoutoffset:(h,v)=(0.0pt,0.0pt)
* modes: 
* h-part:(L,W,R)=(56.9055pt, 500.484pt, 56.9055pt)
* v-part:(T,H,B)=(95.39737pt, 556.47656pt, 143.09605pt)
* \paperwidth=614.295pt
* \paperheight=794.96999pt
* \textwidth=500.484pt
* \textheight=556.47656pt
* \oddsidemargin=-15.36449pt
* \evensidemargin=-15.36449pt
* \topmargin=-13.87262pt
* \headheight=12.0pt
* \headsep=25.0pt
* \topskip=10.0pt
* \footskip=30.0pt
* \marginparwidth=65.0pt
* \marginparsep=11.0pt
* \columnsep=10.0pt
* \skip\footins=9.0pt plus 4.0pt minus 2.0pt
* \hoffset=0.0pt
* \voffset=0.0pt
* \mag=1000
* \@twocolumnfalse
* \@twosidefalse
* \@mparswitchfalse
* \@reversemarginfalse
* (1in=72.27pt=25.4mm, 1cm=28.453pt)

(/usr/share/texlive/texmf-dist/tex/context/base/mkii/supp-pdf.mkii
[Loading MPS to PDF converter (version 2006.09.02).]
\scratchcounter=\count179
\scratchdimen=\dimen145
\scratchbox=\box46
\nofMPsegments=\count180
\nofMParguments=\count181
\everyMPshowfont=\toks18
\MPscratchCnt=\count182
\MPscratchDim=\dimen146
\MPnumerator=\count183
\makeMPintoPDFobject=\count184
\everyMPtoPDFconversion=\toks19
) (/usr/share/texlive/texmf-dist/tex/latex/epstopdf-pkg/epstopdf-base.sty
Package: epstopdf-base 2020-01-24 v2.11 Base part for package epstopdf
Package epstopdf-base Info: Redefining graphics rule for `.eps' on input line 4
85.

(/usr/share/texlive/texmf-dist/tex/latex/latexconfig/epstopdf-sys.cfg
File: epstopdf-sys.cfg 2010/07/13 v1.3 Configuration of (r)epstopdf for TeX Liv
e
))
LaTeX Font Info:    Trying to load font information for OT1+lmr on input line 1
7.

(/usr/share/texmf/tex/latex/lm/ot1lmr.fd
File: ot1lmr.fd 2009/10/30 v1.6 Font defs for Latin Modern
)
LaTeX Font Info:    Trying to load font information for OML+lmm on input line 1
7.

(/usr/share/texmf/tex/latex/lm/omllmm.fd
File: omllmm.fd 2009/10/30 v1.6 Font defs for Latin Modern
)
LaTeX Font Info:    Trying to load font information for OMS+lmsy on input line 
17.

(/usr/share/texmf/tex/latex/lm/omslmsy.fd
File: omslmsy.fd 2009/10/30 v1.6 Font defs for Latin Modern
)
LaTeX Font Info:    Trying to load font information for OMX+lmex on input line 
17.

(/usr/share/texmf/tex/latex/lm/omxlmex.fd
File: omxlmex.fd 2009/10/30 v1.6 Font defs for Latin Modern
)
LaTeX Font Info:    External font `lmex10' loaded for size
(Font)              <12> on input line 17.
LaTeX Font Info:    External font `lmex10' loaded for size
(Font)              <8> on input line 17.
LaTeX Font Info:    External font `lmex10' loaded for size
(Font)              <6> on input line 17.
</tmp/pylatex-tmp.rip8vdum/ad14efc7-c597-421a-b0de-49b71cacddcb.pdf, id=1, 1445
.4pt x 578.16pt>
File: /tmp/pylatex-tmp.rip8vdum/ad14efc7-c597-421a-b0de-49b71cacddcb.pdf Graphi
c file (type pdf)
<use /tmp/pylatex-tmp.rip8vdum/ad14efc7-c597-421a-b0de-49b71cacddcb.pdf>
Package pdftex.def Info: /tmp/pylatex-tmp.rip8vdum/ad14efc7-c597-421a-b0de-49b7
1cacddcb.pdf  used on input line 24.
(pdftex.def)             Requested size: 400.38872pt x 160.15457pt.
</tmp/pylatex-tmp.rip8vdum/c43ebf51-55b9-48f4-83e2-b0f580940072.pdf, id=2, 1445
.4pt x 578.16pt>
File: /tmp/pylatex-tmp.rip8vdum/c43ebf51-55b9-48f4-83e2-b0f580940072.pdf Graphi
c file (type pdf)
<use /tmp/pylatex-tmp.rip8vdum/c43ebf51-55b9-48f4-83e2-b0f580940072.pdf>
Package pdftex.def Info: /tmp/pylatex-tmp.rip8vdum/c43ebf51-55b9-48f4-83e2-b0f5
80940072.pdf  used on input line 32.
(pdftex.def)             Requested size: 400.38872pt x 160.15457pt.
LaTeX Font Info:    External font `lmex10' loaded for size
(Font)              <10> on input line 40.
LaTeX Font Info:    External font `lmex10' loaded for size
(Font)              <7> on input line 40.
LaTeX Font Info:    External font `lmex10' loaded for size
(Font)              <5> on input line 40.

! Undefined control sequence.
l.41 \toprule
             
The control sequence at the end of the top line
of your error message was never \def'ed. If you have
misspelled it (e.g., `\hobx'), type `I' and the correct
spelling (e.g., `I\hbox'). Otherwise just continue,
and I'll forget about whatever was undefined.

! Undefined control sequence.
<recently read> \midrule 
                         
l.44 \midrule
             
The control sequence at the end of the top line
of your error message was never \def'ed. If you have
misspelled it (e.g., `\hobx'), type `I' and the correct
spelling (e.g., `I\hbox'). Otherwise just continue,
and I'll forget about whatever was undefined.

! Undefined control sequence.
<recently read> \bottomrule 
                            
l.67 \bottomrule
                
The control sequence at the end of the top line
of your error message was never \def'ed. If you have
misspelled it (e.g., `\hobx'), type `I' and the correct
spelling (e.g., `I\hbox'). Otherwise just continue,
and I'll forget about whatever was undefined.

</tmp/pylatex-tmp.rip8vdum/4c436658-cf28-4425-b2a4-de7bee30c4f2.pdf, id=3, 1445
.4pt x 1084.05pt>
File: /tmp/pylatex-tmp.rip8vdum/4c436658-cf28-4425-b2a4-de7bee30c4f2.pdf Graphi
c file (type pdf)
<use /tmp/pylatex-tmp.rip8vdum/4c436658-cf28-4425-b2a4-de7bee30c4f2.pdf>
Package pdftex.def Info: /tmp/pylatex-tmp.rip8vdum/4c436658-cf28-4425-b2a4-de7b
ee30c4f2.pdf  used on input line 74.
(pdftex.def)             Requested size: 400.38872pt x 300.28984pt.
[1

{/var/lib/texmf/fonts/map/pdftex/updmap/pdftex.map} </tmp/pylatex-tmp.rip8vdum/
ad14efc7-c597-421a-b0de-49b71cacddcb.pdf> </tmp/pylatex-tmp.rip8vdum/c43ebf51-5
5b9-48f4-83e2-b0f580940072.pdf>] [2] [3 </tmp/pylatex-tmp.rip8vdum/4c436658-cf2
8-4425-b2a4-de7bee30c4f2.pdf>]
! Undefined control sequence.
l.82 \toprule
             
The control sequence at the end of the top line
of your error message was never \def'ed. If you have
misspelled it (e.g., `\hobx'), type `I' and the correct
spelling (e.g., `I\hbox'). Otherwise just continue,
and I'll forget about whatever was undefined.

! Undefined control sequence.
<recently read> \midrule 
                         
l.85 \midrule
             
The control sequence at the end of the top line
of your error message was never \def'ed. If you have
misspelled it (e.g., `\hobx'), type `I' and the correct
spelling (e.g., `I\hbox'). Otherwise just continue,
and I'll forget about whatever was undefined.

! Undefined control sequence.
<recently read> \bottomrule 
                            
l.108 \bottomrule
                 
The control sequence at the end of the top line
of your error message was never \def'ed. If you have
misspelled it (e.g., `\hobx'), type `I' and the correct
spelling (e.g., `I\hbox'). Otherwise just continue,
and I'll forget about whatever was undefined.

</tmp/pylatex-tmp.rip8vdum/27930b07-54ac-42fa-b14b-b278c88e85d5.pdf, id=103, 14
45.4pt x 1084.05pt>
File: /tmp/pylatex-tmp.rip8vdum/27930b07-54ac-42fa-b14b-b278c88e85d5.pdf Graphi
c file (type pdf)
<use /tmp/pylatex-tmp.rip8vdum/27930b07-54ac-42fa-b14b-b278c88e85d5.pdf>
Package pdftex.def Info: /tmp/pylatex-tmp.rip8vdum/27930b07-54ac-42fa-b14b-b278
c88e85d5.pdf  used on input line 115.
(pdftex.def)             Requested size: 400.38872pt x 300.28984pt.
[4] [5 </tmp/pylatex-tmp.rip8vdum/27930b07-54ac-42fa-b14b-b278c88e85d5.pdf>]
! Undefined control sequence.
l.125 \toprule
              
The control sequence at the end of the top line
of your error message was never \def'ed. If you have
misspelled it (e.g., `\hobx'), type `I' and the correct
spelling (e.g., `I\hbox'). Otherwise just continue,
and I'll forget about whatever was undefined.

! Undefined control sequence.
<recently read> \midrule 
                         
l.128 \midrule
              
The control sequence at the end of the top line
of your error message was never \def'ed. If you have
misspelled it (e.g., `\hobx'), type `I' and the correct
spelling (e.g., `I\hbox'). Otherwise just continue,
and I'll forget about whatever was undefined.

! Undefined control sequence.
<recently read> \bottomrule 
                            
l.136 \bottomrule
                 
The control sequence at the end of the top line
of your error message was never \def'ed. If you have
misspelled it (e.g., `\hobx'), type `I' and the correct
spelling (e.g., `I\hbox'). Otherwise just continue,
and I'll forget about whatever was undefined.

</tmp/pylatex-tmp.rip8vdum/af61c2e9-83e4-497e-a899-7927f765ad2f.pdf, id=149, 14
45.4pt x 1084.05pt>
File: /tmp/pylatex-tmp.rip8vdum/af61c2e9-83e4-497e-a899-7927f765ad2f.pdf Graphi
c file (type pdf)
<use /tmp/pylatex-tmp.rip8vdum/af61c2e9-83e4-497e-a899-7927f765ad2f.pdf>
Package pdftex.def Info: /tmp/pylatex-tmp.rip8vdum/af61c2e9-83e4-497e-a899-7927
f765ad2f.pdf  used on input line 143.
(pdftex.def)             Requested size: 400.38872pt x 300.28984pt.
[6 </tmp/pylatex-tmp.rip8vdum/af61c2e9-83e4-497e-a899-7927f765ad2f.pdf>]
! Undefined control sequence.
l.151 \toprule
              
The control sequence at the end of the top line
of your error message was never \def'ed. If you have
misspelled it (e.g., `\hobx'), type `I' and the correct
spelling (e.g., `I\hbox'). Otherwise just continue,
and I'll forget about whatever was undefined.

! Undefined control sequence.
<recently read> \midrule 
                         
l.154 \midrule
              
The control sequence at the end of the top line
of your error message was never \def'ed. If you have
misspelled it (e.g., `\hobx'), type `I' and the correct
spelling (e.g., `I\hbox'). Otherwise just continue,
and I'll forget about whatever was undefined.

! Undefined control sequence.
<recently read> \bottomrule 
                            
l.162 \bottomrule
                 
The control sequence at the end of the top line
of your error message was never \def'ed. If you have
misspelled it (e.g., `\hobx'), type `I' and the correct
spelling (e.g., `I\hbox'). Otherwise just continue,
and I'll forget about whatever was undefined.

</tmp/pylatex-tmp.rip8vdum/0d913434-a137-404a-a975-914d503c5975.pdf, id=187, 14
45.4pt x 1084.05pt>
File: /tmp/pylatex-tmp.rip8vdum/0d913434-a137-404a-a975-914d503c5975.pdf Graphi
c file (type pdf)
<use /tmp/pylatex-tmp.rip8vdum/0d913434-a137-404a-a975-914d503c5975.pdf>
Package pdftex.def Info: /tmp/pylatex-tmp.rip8vdum/0d913434-a137-404a-a975-914d
503c5975.pdf  used on input line 169.
(pdftex.def)             Requested size: 400.38872pt x 300.28984pt.
[7 </tmp/pylatex-tmp.rip8vdum/0d913434-a137-404a-a975-914d503c5975.pdf>]
! Undefined control sequence.
l.179 \toprule
              
The control sequence at the end of the top line
of your error message was never \def'ed. If you have
misspelled it (e.g., `\hobx'), type `I' and the correct
spelling (e.g., `I\hbox'). Otherwise just continue,
and I'll forget about whatever was undefined.

! Undefined control sequence.
<recently read> \midrule 
                         
l.182 \midrule
              
The control sequence at the end of the top line
of your error message was never \def'ed. If you have
misspelled it (e.g., `\hobx'), type `I' and the correct
spelling (e.g., `I\hbox'). Otherwise just continue,
and I'll forget about whatever was undefined.

! Undefined control sequence.
<recently read> \bottomrule 
                            
l.207 \bottomrule
                 
The control sequence at the end of the top line
of your error message was never \def'ed. If you have
misspelled it (e.g., `\hobx'), type `I' and the correct
spelling (e.g., `I\hbox'). Otherwise just continue,
and I'll forget about whatever was undefined.

</tmp/pylatex-tmp.rip8vdum/e64429a7-53e4-4563-91da-f91b57bc813a.pdf, id=223, 14
45.4pt x 1084.05pt>
File: /tmp/pylatex-tmp.rip8vdum/e64429a7-53e4-4563-91da-f91b57bc813a.pdf Graphi
c file (type pdf)
<use /tmp/pylatex-tmp.rip8vdum/e64429a7-53e4-4563-91da-f91b57bc813a.pdf>
Package pdftex.def Info: /tmp/pylatex-tmp.rip8vdum/e64429a7-53e4-4563-91da-f91b
57bc813a.pdf  used on input line 214.
(pdftex.def)             Requested size: 400.38872pt x 300.28984pt.
[8] [9 </tmp/pylatex-tmp.rip8vdum/e64429a7-53e4-4563-91da-f91b57bc813a.pdf>]
! Undefined control sequence.
l.222 \toprule
              
The control sequence at the end of the top line
of your error message was never \def'ed. If you have
misspelled it (e.g., `\hobx'), type `I' and the correct
spelling (e.g., `I\hbox'). Otherwise just continue,
and I'll forget about whatever was undefined.

! Undefined control sequence.
<recently read> \midrule 
                         
l.225 \midrule
              
The control sequence at the end of the top line
of your error message was never \def'ed. If you have
misspelled it (e.g., `\hobx'), type `I' and the correct
spelling (e.g., `I\hbox'). Otherwise just continue,
and I'll forget about whatever was undefined.

! Undefined control sequence.
<recently read> \bottomrule 
                            
l.250 \bottomrule
                 
The control sequence at the end of the top line
of your error message was never \def'ed. If you have
misspelled it (e.g., `\hobx'), type `I' and the correct
spelling (e.g., `I\hbox'). Otherwise just continue,
and I'll forget about whatever was undefined.

</tmp/pylatex-tmp.rip8vdum/a730f865-4708-4de9-927f-ed0f34d58007.pdf, id=259, 14
45.4pt x 1084.05pt>
File: /tmp/pylatex-tmp.rip8vdum/a730f865-4708-4de9-927f-ed0f34d58007.pdf Graphi
c file (type pdf)
<use /tmp/pylatex-tmp.rip8vdum/a730f865-4708-4de9-927f-ed0f34d58007.pdf>
Package pdftex.def Info: /tmp/pylatex-tmp.rip8vdum/a730f865-4708-4de9-927f-ed0f
34d58007.pdf  used on input line 257.
(pdftex.def)             Requested size: 400.38872pt x 300.28984pt.
[10] [11 </tmp/pylatex-tmp.rip8vdum/a730f865-4708-4de9-927f-ed0f34d58007.pdf>]
</tmp/pylatex-tmp.rip8vdum/74b35dea-4aa4-4f9f-959b-45333731a31d.pdf, id=296, 14
45.4pt x 578.16pt>
File: /tmp/pylatex-tmp.rip8vdum/74b35dea-4aa4-4f9f-959b-45333731a31d.pdf Graphi
c file (type pdf)
<use /tmp/pylatex-tmp.rip8vdum/74b35dea-4aa4-4f9f-959b-45333731a31d.pdf>
Package pdftex.def Info: /tmp/pylatex-tmp.rip8vdum/74b35dea-4aa4-4f9f-959b-4533
3731a31d.pdf  used on input line 270.
(pdftex.def)             Requested size: 400.38872pt x 160.15457pt.
</tmp/pylatex-tmp.rip8vdum/a399bea5-35d8-42b9-8889-326e65a404a0.pdf, id=297, 14
45.4pt x 578.16pt>
File: /tmp/pylatex-tmp.rip8vdum/a399bea5-35d8-42b9-8889-326e65a404a0.pdf Graphi
c file (type pdf)
<use /tmp/pylatex-tmp.rip8vdum/a399bea5-35d8-42b9-8889-326e65a404a0.pdf>
Package pdftex.def Info: /tmp/pylatex-tmp.rip8vdum/a399bea5-35d8-42b9-8889-326e
65a404a0.pdf  used on input line 278.
(pdftex.def)             Requested size: 400.38872pt x 160.15457pt.

[12 </tmp/pylatex-tmp.rip8vdum/74b35dea-4aa4-4f9f-959b-45333731a31d.pdf> </tmp/
pylatex-tmp.rip8vdum/a399bea5-35d8-42b9-8889-326e65a404a0.pdf>]
</tmp/pylatex-tmp.rip8vdum/86093b6c-88e8-4e2b-a3db-3a87aea9704d.pdf, id=341, 14
45.4pt x 578.16pt>
File: /tmp/pylatex-tmp.rip8vdum/86093b6c-88e8-4e2b-a3db-3a87aea9704d.pdf Graphi
c file (type pdf)
<use /tmp/pylatex-tmp.rip8vdum/86093b6c-88e8-4e2b-a3db-3a87aea9704d.pdf>
Package pdftex.def Info: /tmp/pylatex-tmp.rip8vdum/86093b6c-88e8-4e2b-a3db-3a87
aea9704d.pdf  used on input line 289.
(pdftex.def)             Requested size: 400.38872pt x 160.15457pt.
</tmp/pylatex-tmp.rip8vdum/95c006b9-5063-4c51-afb3-f07a4cc50163.pdf, id=342, 14
45.4pt x 578.16pt>
File: /tmp/pylatex-tmp.rip8vdum/95c006b9-5063-4c51-afb3-f07a4cc50163.pdf Graphi
c file (type pdf)
<use /tmp/pylatex-tmp.rip8vdum/95c006b9-5063-4c51-afb3-f07a4cc50163.pdf>
Package pdftex.def Info: /tmp/pylatex-tmp.rip8vdum/95c006b9-5063-4c51-afb3-f07a
4cc50163.pdf  used on input line 297.
(pdftex.def)             Requested size: 400.38872pt x 160.15457pt.
 [13 </tmp/pylatex-tmp.rip8vdum/86093b6c-88e8-4e2b-a3db-3a87aea9704d.pdf> </tmp
/pylatex-tmp.rip8vdum/95c006b9-5063-4c51-afb3-f07a4cc50163.pdf>]
</tmp/pylatex-tmp.rip8vdum/142a368a-29f5-4b79-92ef-cc4c33c5b69d.pdf, id=391, 14
45.4pt x 578.16pt>
File: /tmp/pylatex-tmp.rip8vdum/142a368a-29f5-4b79-92ef-cc4c33c5b69d.pdf Graphi
c file (type pdf)
<use /tmp/pylatex-tmp.rip8vdum/142a368a-29f5-4b79-92ef-cc4c33c5b69d.pdf>
Package pdftex.def Info: /tmp/pylatex-tmp.rip8vdum/142a368a-29f5-4b79-92ef-cc4c
33c5b69d.pdf  used on input line 308.
(pdftex.def)             Requested size: 400.38872pt x 160.15457pt.
</tmp/pylatex-tmp.rip8vdum/173fcbe3-c59c-42d7-b992-690a3a346821.pdf, id=392, 14
45.4pt x 578.16pt>
File: /tmp/pylatex-tmp.rip8vdum/173fcbe3-c59c-42d7-b992-690a3a346821.pdf Graphi
c file (type pdf)
<use /tmp/pylatex-tmp.rip8vdum/173fcbe3-c59c-42d7-b992-690a3a346821.pdf>
Package pdftex.def Info: /tmp/pylatex-tmp.rip8vdum/173fcbe3-c59c-42d7-b992-690a
3a346821.pdf  used on input line 316.
(pdftex.def)             Requested size: 400.38872pt x 160.15457pt.
 [14 </tmp/pylatex-tmp.rip8vdum/142a368a-29f5-4b79-92ef-cc4c33c5b69d.pdf> </tmp
/pylatex-tmp.rip8vdum/173fcbe3-c59c-42d7-b992-690a3a346821.pdf>]
</tmp/pylatex-tmp.rip8vdum/f2b587e4-eba1-4f90-8a38-72f8cbcf7d45.pdf, id=462, 14
45.4pt x 578.16pt>
File: /tmp/pylatex-tmp.rip8vdum/f2b587e4-eba1-4f90-8a38-72f8cbcf7d45.pdf Graphi
c file (type pdf)
<use /tmp/pylatex-tmp.rip8vdum/f2b587e4-eba1-4f90-8a38-72f8cbcf7d45.pdf>
Package pdftex.def Info: /tmp/pylatex-tmp.rip8vdum/f2b587e4-eba1-4f90-8a38-72f8
cbcf7d45.pdf  used on input line 327.
(pdftex.def)             Requested size: 400.38872pt x 160.15457pt.
</tmp/pylatex-tmp.rip8vdum/84a2dd0d-7f2e-4fa0-a619-50e2cb773d0e.pdf, id=463, 14
45.4pt x 578.16pt>
File: /tmp/pylatex-tmp.rip8vdum/84a2dd0d-7f2e-4fa0-a619-50e2cb773d0e.pdf Graphi
c file (type pdf)
<use /tmp/pylatex-tmp.rip8vdum/84a2dd0d-7f2e-4fa0-a619-50e2cb773d0e.pdf>
Package pdftex.def Info: /tmp/pylatex-tmp.rip8vdum/84a2dd0d-7f2e-4fa0-a619-50e2
cb773d0e.pdf  used on input line 335.
(pdftex.def)             Requested size: 400.38872pt x 160.15457pt.
 [15 </tmp/pylatex-tmp.rip8vdum/f2b587e4-eba1-4f90-8a38-72f8cbcf7d45.pdf> </tmp
/pylatex-tmp.rip8vdum/84a2dd0d-7f2e-4fa0-a619-50e2cb773d0e.pdf>]
</tmp/pylatex-tmp.rip8vdum/b809822a-8140-4144-a124-0163653c79ee.pdf, id=528, 14
45.4pt x 578.16pt>
File: /tmp/pylatex-tmp.rip8vdum/b809822a-8140-4144-a124-0163653c79ee.pdf Graphi
c file (type pdf)
<use /tmp/pylatex-tmp.rip8vdum/b809822a-8140-4144-a124-0163653c79ee.pdf>
Package pdftex.def Info: /tmp/pylatex-tmp.rip8vdum/b809822a-8140-4144-a124-0163
653c79ee.pdf  used on input line 346.
(pdftex.def)             Requested size: 400.38872pt x 160.15457pt.
</tmp/pylatex-tmp.rip8vdum/2fc3d8d4-80a4-41cf-bd2e-b37677bc219c.pdf, id=529, 14
45.4pt x 578.16pt>
File: /tmp/pylatex-tmp.rip8vdum/2fc3d8d4-80a4-41cf-bd2e-b37677bc219c.pdf Graphi
c file (type pdf)
<use /tmp/pylatex-tmp.rip8vdum/2fc3d8d4-80a4-41cf-bd2e-b37677bc219c.pdf>
Package pdftex.def Info: /tmp/pylatex-tmp.rip8vdum/2fc3d8d4-80a4-41cf-bd2e-b376
77bc219c.pdf  used on input line 354.
(pdftex.def)             Requested size: 400.38872pt x 160.15457pt.
 [16 </tmp/pylatex-tmp.rip8vdum/b809822a-8140-4144-a124-0163653c79ee.pdf> </tmp
/pylatex-tmp.rip8vdum/2fc3d8d4-80a4-41cf-bd2e-b37677bc219c.pdf>]
</tmp/pylatex-tmp.rip8vdum/0dce3fff-0e51-49d2-9bac-14b43ebe19cd.pdf, id=575, 14
45.4pt x 578.16pt>
File: /tmp/pylatex-tmp.rip8vdum/0dce3fff-0e51-49d2-9bac-14b43ebe19cd.pdf Graphi
c file (type pdf)
<use /tmp/pylatex-tmp.rip8vdum/0dce3fff-0e51-49d2-9bac-14b43ebe19cd.pdf>
Package pdftex.def Info: /tmp/pylatex-tmp.rip8vdum/0dce3fff-0e51-49d2-9bac-14b4
3ebe19cd.pdf  used on input line 365.
(pdftex.def)             Requested size: 400.38872pt x 160.15457pt.
</tmp/pylatex-tmp.rip8vdum/c0924e6d-ceff-4e5f-bca5-187d811dc190.pdf, id=576, 14
45.4pt x 578.16pt>
File: /tmp/pylatex-tmp.rip8vdum/c0924e6d-ceff-4e5f-bca5-187d811dc190.pdf Graphi
c file (type pdf)
<use /tmp/pylatex-tmp.rip8vdum/c0924e6d-ceff-4e5f-bca5-187d811dc190.pdf>
Package pdftex.def Info: /tmp/pylatex-tmp.rip8vdum/c0924e6d-ceff-4e5f-bca5-187d
811dc190.pdf  used on input line 373.
(pdftex.def)             Requested size: 400.38872pt x 160.15457pt.
 [17 </tmp/pylatex-tmp.rip8vdum/0dce3fff-0e51-49d2-9bac-14b43ebe19cd.pdf> </tmp
/pylatex-tmp.rip8vdum/c0924e6d-ceff-4e5f-bca5-187d811dc190.pdf>]
</tmp/pylatex-tmp.rip8vdum/ed58c4e6-e845-4ec0-8926-c8510978317a.pdf, id=624, 14
45.4pt x 578.16pt>
File: /tmp/pylatex-tmp.rip8vdum/ed58c4e6-e845-4ec0-8926-c8510978317a.pdf Graphi
c file (type pdf)
<use /tmp/pylatex-tmp.rip8vdum/ed58c4e6-e845-4ec0-8926-c8510978317a.pdf>
Package pdftex.def Info: /tmp/pylatex-tmp.rip8vdum/ed58c4e6-e845-4ec0-8926-c851
0978317a.pdf  used on input line 384.
(pdftex.def)             Requested size: 400.38872pt x 160.15457pt.
</tmp/pylatex-tmp.rip8vdum/f12ad470-f8b2-478d-b0ae-f4e14dee2ba1.pdf, id=625, 14
45.4pt x 578.16pt>
File: /tmp/pylatex-tmp.rip8vdum/f12ad470-f8b2-478d-b0ae-f4e14dee2ba1.pdf Graphi
c file (type pdf)
<use /tmp/pylatex-tmp.rip8vdum/f12ad470-f8b2-478d-b0ae-f4e14dee2ba1.pdf>
Package pdftex.def Info: /tmp/pylatex-tmp.rip8vdum/f12ad470-f8b2-478d-b0ae-f4e1
4dee2ba1.pdf  used on input line 392.
(pdftex.def)             Requested size: 400.38872pt x 160.15457pt.
 [18 </tmp/pylatex-tmp.rip8vdum/ed58c4e6-e845-4ec0-8926-c8510978317a.pdf> </tmp
/pylatex-tmp.rip8vdum/f12ad470-f8b2-478d-b0ae-f4e14dee2ba1.pdf>]
</tmp/pylatex-tmp.rip8vdum/611b721f-f4b5-496c-a3d1-cfd4a4b87c34.pdf, id=694, 14
45.4pt x 578.16pt>
File: /tmp/pylatex-tmp.rip8vdum/611b721f-f4b5-496c-a3d1-cfd4a4b87c34.pdf Graphi
c file (type pdf)
<use /tmp/pylatex-tmp.rip8vdum/611b721f-f4b5-496c-a3d1-cfd4a4b87c34.pdf>
Package pdftex.def Info: /tmp/pylatex-tmp.rip8vdum/611b721f-f4b5-496c-a3d1-cfd4
a4b87c34.pdf  used on input line 403.
(pdftex.def)             Requested size: 400.38872pt x 160.15457pt.
</tmp/pylatex-tmp.rip8vdum/4731a68d-a069-42a5-9197-7e9bcbca6f45.pdf, id=695, 14
45.4pt x 578.16pt>
File: /tmp/pylatex-tmp.rip8vdum/4731a68d-a069-42a5-9197-7e9bcbca6f45.pdf Graphi
c file (type pdf)
<use /tmp/pylatex-tmp.rip8vdum/4731a68d-a069-42a5-9197-7e9bcbca6f45.pdf>
Package pdftex.def Info: /tmp/pylatex-tmp.rip8vdum/4731a68d-a069-42a5-9197-7e9b
cbca6f45.pdf  used on input line 411.
(pdftex.def)             Requested size: 400.38872pt x 160.15457pt.
 [19 </tmp/pylatex-tmp.rip8vdum/611b721f-f4b5-496c-a3d1-cfd4a4b87c34.pdf> </tmp
/pylatex-tmp.rip8vdum/4731a68d-a069-42a5-9197-7e9bcbca6f45.pdf>]
</tmp/pylatex-tmp.rip8vdum/ee060af4-992a-47fa-936f-7203a314855a.pdf, id=763, 14
45.4pt x 578.16pt>
File: /tmp/pylatex-tmp.rip8vdum/ee060af4-992a-47fa-936f-7203a314855a.pdf Graphi
c file (type pdf)
<use /tmp/pylatex-tmp.rip8vdum/ee060af4-992a-47fa-936f-7203a314855a.pdf>
Package pdftex.def Info: /tmp/pylatex-tmp.rip8vdum/ee060af4-992a-47fa-936f-7203
a314855a.pdf  used on input line 422.
(pdftex.def)             Requested size: 400.38872pt x 160.15457pt.
</tmp/pylatex-tmp.rip8vdum/d81266c2-6d7c-48b5-89c1-24d69b18b87c.pdf, id=764, 14
45.4pt x 578.16pt>
File: /tmp/pylatex-tmp.rip8vdum/d81266c2-6d7c-48b5-89c1-24d69b18b87c.pdf Graphi
c file (type pdf)
<use /tmp/pylatex-tmp.rip8vdum/d81266c2-6d7c-48b5-89c1-24d69b18b87c.pdf>
Package pdftex.def Info: /tmp/pylatex-tmp.rip8vdum/d81266c2-6d7c-48b5-89c1-24d6
9b18b87c.pdf  used on input line 430.
(pdftex.def)             Requested size: 400.38872pt x 160.15457pt.
 [20 </tmp/pylatex-tmp.rip8vdum/ee060af4-992a-47fa-936f-7203a314855a.pdf> </tmp
/pylatex-tmp.rip8vdum/d81266c2-6d7c-48b5-89c1-24d69b18b87c.pdf>]
</tmp/pylatex-tmp.rip8vdum/802009bc-9471-42ef-8240-52ba5ab3b78b.pdf, id=834, 14
45.4pt x 578.16pt>
File: /tmp/pylatex-tmp.rip8vdum/802009bc-9471-42ef-8240-52ba5ab3b78b.pdf Graphi
c file (type pdf)
<use /tmp/pylatex-tmp.rip8vdum/802009bc-9471-42ef-8240-52ba5ab3b78b.pdf>
Package pdftex.def Info: /tmp/pylatex-tmp.rip8vdum/802009bc-9471-42ef-8240-52ba
5ab3b78b.pdf  used on input line 441.
(pdftex.def)             Requested size: 400.38872pt x 160.15457pt.
</tmp/pylatex-tmp.rip8vdum/8e3b6189-13a1-422f-aa8d-f66431eb422c.pdf, id=835, 14
45.4pt x 578.16pt>
File: /tmp/pylatex-tmp.rip8vdum/8e3b6189-13a1-422f-aa8d-f66431eb422c.pdf Graphi
c file (type pdf)
<use /tmp/pylatex-tmp.rip8vdum/8e3b6189-13a1-422f-aa8d-f66431eb422c.pdf>
Package pdftex.def Info: /tmp/pylatex-tmp.rip8vdum/8e3b6189-13a1-422f-aa8d-f664
31eb422c.pdf  used on input line 449.
(pdftex.def)             Requested size: 400.38872pt x 160.15457pt.
 [21 </tmp/pylatex-tmp.rip8vdum/802009bc-9471-42ef-8240-52ba5ab3b78b.pdf> </tmp
/pylatex-tmp.rip8vdum/8e3b6189-13a1-422f-aa8d-f66431eb422c.pdf>]
</tmp/pylatex-tmp.rip8vdum/94d9969c-4cf4-45dd-8235-6d845c330ba9.pdf, id=887, 14
45.4pt x 578.16pt>
File: /tmp/pylatex-tmp.rip8vdum/94d9969c-4cf4-45dd-8235-6d845c330ba9.pdf Graphi
c file (type pdf)
<use /tmp/pylatex-tmp.rip8vdum/94d9969c-4cf4-45dd-8235-6d845c330ba9.pdf>
Package pdftex.def Info: /tmp/pylatex-tmp.rip8vdum/94d9969c-4cf4-45dd-8235-6d84
5c330ba9.pdf  used on input line 460.
(pdftex.def)             Requested size: 400.38872pt x 160.15457pt.
</tmp/pylatex-tmp.rip8vdum/97eb328a-da69-4456-a911-414e6cba6240.pdf, id=888, 14
45.4pt x 578.16pt>
File: /tmp/pylatex-tmp.rip8vdum/97eb328a-da69-4456-a911-414e6cba6240.pdf Graphi
c file (type pdf)
<use /tmp/pylatex-tmp.rip8vdum/97eb328a-da69-4456-a911-414e6cba6240.pdf>
Package pdftex.def Info: /tmp/pylatex-tmp.rip8vdum/97eb328a-da69-4456-a911-414e
6cba6240.pdf  used on input line 468.
(pdftex.def)             Requested size: 400.38872pt x 160.15457pt.
 [22 </tmp/pylatex-tmp.rip8vdum/94d9969c-4cf4-45dd-8235-6d845c330ba9.pdf> </tmp
/pylatex-tmp.rip8vdum/97eb328a-da69-4456-a911-414e6cba6240.pdf>]
</tmp/pylatex-tmp.rip8vdum/a910981d-9773-4c3e-a227-b82660a04cf6.pdf, id=940, 14
45.4pt x 578.16pt>
File: /tmp/pylatex-tmp.rip8vdum/a910981d-9773-4c3e-a227-b82660a04cf6.pdf Graphi
c file (type pdf)
<use /tmp/pylatex-tmp.rip8vdum/a910981d-9773-4c3e-a227-b82660a04cf6.pdf>
Package pdftex.def Info: /tmp/pylatex-tmp.rip8vdum/a910981d-9773-4c3e-a227-b826
60a04cf6.pdf  used on input line 479.
(pdftex.def)             Requested size: 400.38872pt x 160.15457pt.
</tmp/pylatex-tmp.rip8vdum/bd2c7081-4ca6-41e3-a80f-53a457247b63.pdf, id=941, 14
45.4pt x 578.16pt>
File: /tmp/pylatex-tmp.rip8vdum/bd2c7081-4ca6-41e3-a80f-53a457247b63.pdf Graphi
c file (type pdf)
<use /tmp/pylatex-tmp.rip8vdum/bd2c7081-4ca6-41e3-a80f-53a457247b63.pdf>
Package pdftex.def Info: /tmp/pylatex-tmp.rip8vdum/bd2c7081-4ca6-41e3-a80f-53a4
57247b63.pdf  used on input line 487.
(pdftex.def)             Requested size: 400.38872pt x 160.15457pt.

[23 </tmp/pylatex-tmp.rip8vdum/a910981d-9773-4c3e-a227-b82660a04cf6.pdf> </tmp/
pylatex-tmp.rip8vdum/bd2c7081-4ca6-41e3-a80f-53a457247b63.pdf>]
</tmp/pylatex-tmp.rip8vdum/81ec6fd0-3604-4cbd-8885-092ec8623149.pdf, id=994, 14
45.4pt x 578.16pt>
File: /tmp/pylatex-tmp.rip8vdum/81ec6fd0-3604-4cbd-8885-092ec8623149.pdf Graphi
c file (type pdf)
<use /tmp/pylatex-tmp.rip8vdum/81ec6fd0-3604-4cbd-8885-092ec8623149.pdf>
Package pdftex.def Info: /tmp/pylatex-tmp.rip8vdum/81ec6fd0-3604-4cbd-8885-092e
c8623149.pdf  used on input line 498.
(pdftex.def)             Requested size: 400.38872pt x 160.15457pt.
</tmp/pylatex-tmp.rip8vdum/9b0790c0-f5cf-489a-822a-f59b86530587.pdf, id=995, 14
45.4pt x 578.16pt>
File: /tmp/pylatex-tmp.rip8vdum/9b0790c0-f5cf-489a-822a-f59b86530587.pdf Graphi
c file (type pdf)
<use /tmp/pylatex-tmp.rip8vdum/9b0790c0-f5cf-489a-822a-f59b86530587.pdf>
Package pdftex.def Info: /tmp/pylatex-tmp.rip8vdum/9b0790c0-f5cf-489a-822a-f59b
86530587.pdf  used on input line 506.
(pdftex.def)             Requested size: 400.38872pt x 160.15457pt.
 [24 </tmp/pylatex-tmp.rip8vdum/81ec6fd0-3604-4cbd-8885-092ec8623149.pdf> </tmp
/pylatex-tmp.rip8vdum/9b0790c0-f5cf-489a-822a-f59b86530587.pdf>]
</tmp/pylatex-tmp.rip8vdum/339aecb7-8b23-40db-b624-238e38f21a71.pdf, id=1062, 1
445.4pt x 578.16pt>
File: /tmp/pylatex-tmp.rip8vdum/339aecb7-8b23-40db-b624-238e38f21a71.pdf Graphi
c file (type pdf)
<use /tmp/pylatex-tmp.rip8vdum/339aecb7-8b23-40db-b624-238e38f21a71.pdf>
Package pdftex.def Info: /tmp/pylatex-tmp.rip8vdum/339aecb7-8b23-40db-b624-238e
38f21a71.pdf  used on input line 517.
(pdftex.def)             Requested size: 400.38872pt x 160.15457pt.
</tmp/pylatex-tmp.rip8vdum/d860c97e-cf0a-4cc7-9dcb-24ebe509095b.pdf, id=1063, 1
445.4pt x 578.16pt>
File: /tmp/pylatex-tmp.rip8vdum/d860c97e-cf0a-4cc7-9dcb-24ebe509095b.pdf Graphi
c file (type pdf)
<use /tmp/pylatex-tmp.rip8vdum/d860c97e-cf0a-4cc7-9dcb-24ebe509095b.pdf>
Package pdftex.def Info: /tmp/pylatex-tmp.rip8vdum/d860c97e-cf0a-4cc7-9dcb-24eb
e509095b.pdf  used on input line 525.
(pdftex.def)             Requested size: 400.38872pt x 160.15457pt.
 [25 </tmp/pylatex-tmp.rip8vdum/339aecb7-8b23-40db-b624-238e38f21a71.pdf> </tmp
/pylatex-tmp.rip8vdum/d860c97e-cf0a-4cc7-9dcb-24ebe509095b.pdf>]
</tmp/pylatex-tmp.rip8vdum/330e1ea7-fd60-46ab-bf56-377cce4b058b.pdf, id=1112, 1
445.4pt x 578.16pt>
File: /tmp/pylatex-tmp.rip8vdum/330e1ea7-fd60-46ab-bf56-377cce4b058b.pdf Graphi
c file (type pdf)
<use /tmp/pylatex-tmp.rip8vdum/330e1ea7-fd60-46ab-bf56-377cce4b058b.pdf>
Package pdftex.def Info: /tmp/pylatex-tmp.rip8vdum/330e1ea7-fd60-46ab-bf56-377c
ce4b058b.pdf  used on input line 536.
(pdftex.def)             Requested size: 400.38872pt x 160.15457pt.
</tmp/pylatex-tmp.rip8vdum/a1aa8187-7925-492f-a32b-10a3f3ebf202.pdf, id=1113, 1
445.4pt x 578.16pt>
File: /tmp/pylatex-tmp.rip8vdum/a1aa8187-7925-492f-a32b-10a3f3ebf202.pdf Graphi
c file (type pdf)
<use /tmp/pylatex-tmp.rip8vdum/a1aa8187-7925-492f-a32b-10a3f3ebf202.pdf>
Package pdftex.def Info: /tmp/pylatex-tmp.rip8vdum/a1aa8187-7925-492f-a32b-10a3
f3ebf202.pdf  used on input line 544.
(pdftex.def)             Requested size: 400.38872pt x 160.15457pt.
 [26 </tmp/pylatex-tmp.rip8vdum/330e1ea7-fd60-46ab-bf56-377cce4b058b.pdf> </tmp
/pylatex-tmp.rip8vdum/a1aa8187-7925-492f-a32b-10a3f3ebf202.pdf>]
</tmp/pylatex-tmp.rip8vdum/95290ecb-59b7-414c-b142-5b9f14907b21.pdf, id=1161, 1
445.4pt x 578.16pt>
File: /tmp/pylatex-tmp.rip8vdum/95290ecb-59b7-414c-b142-5b9f14907b21.pdf Graphi
c file (type pdf)
<use /tmp/pylatex-tmp.rip8vdum/95290ecb-59b7-414c-b142-5b9f14907b21.pdf>
Package pdftex.def Info: /tmp/pylatex-tmp.rip8vdum/95290ecb-59b7-414c-b142-5b9f
14907b21.pdf  used on input line 555.
(pdftex.def)             Requested size: 400.38872pt x 160.15457pt.
</tmp/pylatex-tmp.rip8vdum/8d50fec2-e36d-4062-8a18-339e31131a12.pdf, id=1162, 1
445.4pt x 578.16pt>
File: /tmp/pylatex-tmp.rip8vdum/8d50fec2-e36d-4062-8a18-339e31131a12.pdf Graphi
c file (type pdf)
<use /tmp/pylatex-tmp.rip8vdum/8d50fec2-e36d-4062-8a18-339e31131a12.pdf>
Package pdftex.def Info: /tmp/pylatex-tmp.rip8vdum/8d50fec2-e36d-4062-8a18-339e
31131a12.pdf  used on input line 563.
(pdftex.def)             Requested size: 400.38872pt x 160.15457pt.
 [27 </tmp/pylatex-tmp.rip8vdum/95290ecb-59b7-414c-b142-5b9f14907b21.pdf> </tmp
/pylatex-tmp.rip8vdum/8d50fec2-e36d-4062-8a18-339e31131a12.pdf>]
</tmp/pylatex-tmp.rip8vdum/c6b73db7-402a-4c79-be59-fa522df182bf.pdf, id=1232, 1
445.4pt x 578.16pt>
File: /tmp/pylatex-tmp.rip8vdum/c6b73db7-402a-4c79-be59-fa522df182bf.pdf Graphi
c file (type pdf)
<use /tmp/pylatex-tmp.rip8vdum/c6b73db7-402a-4c79-be59-fa522df182bf.pdf>
Package pdftex.def Info: /tmp/pylatex-tmp.rip8vdum/c6b73db7-402a-4c79-be59-fa52
2df182bf.pdf  used on input line 574.
(pdftex.def)             Requested size: 400.38872pt x 160.15457pt.
</tmp/pylatex-tmp.rip8vdum/b7b3d540-720d-4193-b94b-9a1779082397.pdf, id=1233, 1
445.4pt x 578.16pt>
File: /tmp/pylatex-tmp.rip8vdum/b7b3d540-720d-4193-b94b-9a1779082397.pdf Graphi
c file (type pdf)
<use /tmp/pylatex-tmp.rip8vdum/b7b3d540-720d-4193-b94b-9a1779082397.pdf>
Package pdftex.def Info: /tmp/pylatex-tmp.rip8vdum/b7b3d540-720d-4193-b94b-9a17
79082397.pdf  used on input line 582.
(pdftex.def)             Requested size: 400.38872pt x 160.15457pt.
 [28 </tmp/pylatex-tmp.rip8vdum/c6b73db7-402a-4c79-be59-fa522df182bf.pdf> </tmp
/pylatex-tmp.rip8vdum/b7b3d540-720d-4193-b94b-9a1779082397.pdf>]
</tmp/pylatex-tmp.rip8vdum/34844b8a-427d-452d-8204-c7f860ec3047.pdf, id=1283, 1
445.4pt x 578.16pt>
File: /tmp/pylatex-tmp.rip8vdum/34844b8a-427d-452d-8204-c7f860ec3047.pdf Graphi
c file (type pdf)
<use /tmp/pylatex-tmp.rip8vdum/34844b8a-427d-452d-8204-c7f860ec3047.pdf>
Package pdftex.def Info: /tmp/pylatex-tmp.rip8vdum/34844b8a-427d-452d-8204-c7f8
60ec3047.pdf  used on input line 593.
(pdftex.def)             Requested size: 400.38872pt x 160.15457pt.
</tmp/pylatex-tmp.rip8vdum/e1a382ee-3d2e-43b9-b58b-a84b64907f88.pdf, id=1284, 1
445.4pt x 578.16pt>
File: /tmp/pylatex-tmp.rip8vdum/e1a382ee-3d2e-43b9-b58b-a84b64907f88.pdf Graphi
c file (type pdf)
<use /tmp/pylatex-tmp.rip8vdum/e1a382ee-3d2e-43b9-b58b-a84b64907f88.pdf>
Package pdftex.def Info: /tmp/pylatex-tmp.rip8vdum/e1a382ee-3d2e-43b9-b58b-a84b
64907f88.pdf  used on input line 601.
(pdftex.def)             Requested size: 400.38872pt x 160.15457pt.
 [29 </tmp/pylatex-tmp.rip8vdum/34844b8a-427d-452d-8204-c7f860ec3047.pdf> </tmp
/pylatex-tmp.rip8vdum/e1a382ee-3d2e-43b9-b58b-a84b64907f88.pdf>]
</tmp/pylatex-tmp.rip8vdum/305eb98d-409a-4846-8a04-aa77d8301acb.pdf, id=1334, 1
445.4pt x 578.16pt>
File: /tmp/pylatex-tmp.rip8vdum/305eb98d-409a-4846-8a04-aa77d8301acb.pdf Graphi
c file (type pdf)
<use /tmp/pylatex-tmp.rip8vdum/305eb98d-409a-4846-8a04-aa77d8301acb.pdf>
Package pdftex.def Info: /tmp/pylatex-tmp.rip8vdum/305eb98d-409a-4846-8a04-aa77
d8301acb.pdf  used on input line 612.
(pdftex.def)             Requested size: 400.38872pt x 160.15457pt.
</tmp/pylatex-tmp.rip8vdum/80a7636e-1d92-48f9-b4e2-babca0d8b126.pdf, id=1335, 1
445.4pt x 578.16pt>
File: /tmp/pylatex-tmp.rip8vdum/80a7636e-1d92-48f9-b4e2-babca0d8b126.pdf Graphi
c file (type pdf)
<use /tmp/pylatex-tmp.rip8vdum/80a7636e-1d92-48f9-b4e2-babca0d8b126.pdf>
Package pdftex.def Info: /tmp/pylatex-tmp.rip8vdum/80a7636e-1d92-48f9-b4e2-babc
a0d8b126.pdf  used on input line 620.
(pdftex.def)             Requested size: 400.38872pt x 160.15457pt.
 [30 </tmp/pylatex-tmp.rip8vdum/305eb98d-409a-4846-8a04-aa77d8301acb.pdf> </tmp
/pylatex-tmp.rip8vdum/80a7636e-1d92-48f9-b4e2-babca0d8b126.pdf>]
</tmp/pylatex-tmp.rip8vdum/081c3f7b-d1de-4087-b6a5-1a8549ee12a2.pdf, id=1383, 1
445.4pt x 578.16pt>
File: /tmp/pylatex-tmp.rip8vdum/081c3f7b-d1de-4087-b6a5-1a8549ee12a2.pdf Graphi
c file (type pdf)
<use /tmp/pylatex-tmp.rip8vdum/081c3f7b-d1de-4087-b6a5-1a8549ee12a2.pdf>
Package pdftex.def Info: /tmp/pylatex-tmp.rip8vdum/081c3f7b-d1de-4087-b6a5-1a85
49ee12a2.pdf  used on input line 631.
(pdftex.def)             Requested size: 400.38872pt x 160.15457pt.
</tmp/pylatex-tmp.rip8vdum/4003decb-d62c-461e-bb70-a80e3d24766c.pdf, id=1384, 1
445.4pt x 578.16pt>
File: /tmp/pylatex-tmp.rip8vdum/4003decb-d62c-461e-bb70-a80e3d24766c.pdf Graphi
c file (type pdf)
<use /tmp/pylatex-tmp.rip8vdum/4003decb-d62c-461e-bb70-a80e3d24766c.pdf>
Package pdftex.def Info: /tmp/pylatex-tmp.rip8vdum/4003decb-d62c-461e-bb70-a80e
3d24766c.pdf  used on input line 639.
(pdftex.def)             Requested size: 400.38872pt x 160.15457pt.
 [31 </tmp/pylatex-tmp.rip8vdum/081c3f7b-d1de-4087-b6a5-1a8549ee12a2.pdf> </tmp
/pylatex-tmp.rip8vdum/4003decb-d62c-461e-bb70-a80e3d24766c.pdf>]
</tmp/pylatex-tmp.rip8vdum/557ce1ac-13f6-4af4-8beb-cc237fcf7493.pdf, id=1453, 1
445.4pt x 578.16pt>
File: /tmp/pylatex-tmp.rip8vdum/557ce1ac-13f6-4af4-8beb-cc237fcf7493.pdf Graphi
c file (type pdf)
<use /tmp/pylatex-tmp.rip8vdum/557ce1ac-13f6-4af4-8beb-cc237fcf7493.pdf>
Package pdftex.def Info: /tmp/pylatex-tmp.rip8vdum/557ce1ac-13f6-4af4-8beb-cc23
7fcf7493.pdf  used on input line 650.
(pdftex.def)             Requested size: 400.38872pt x 160.15457pt.
</tmp/pylatex-tmp.rip8vdum/4edf5106-3326-4511-8e2c-5783450a8e79.pdf, id=1454, 1
445.4pt x 578.16pt>
File: /tmp/pylatex-tmp.rip8vdum/4edf5106-3326-4511-8e2c-5783450a8e79.pdf Graphi
c file (type pdf)
<use /tmp/pylatex-tmp.rip8vdum/4edf5106-3326-4511-8e2c-5783450a8e79.pdf>
Package pdftex.def Info: /tmp/pylatex-tmp.rip8vdum/4edf5106-3326-4511-8e2c-5783
450a8e79.pdf  used on input line 658.
(pdftex.def)             Requested size: 400.38872pt x 160.15457pt.
 [32 </tmp/pylatex-tmp.rip8vdum/557ce1ac-13f6-4af4-8beb-cc237fcf7493.pdf> </tmp
/pylatex-tmp.rip8vdum/4edf5106-3326-4511-8e2c-5783450a8e79.pdf>]
</tmp/pylatex-tmp.rip8vdum/45eb8661-49a2-447b-a2ee-516bb77c0b7f.pdf, id=1504, 1
445.4pt x 578.16pt>
File: /tmp/pylatex-tmp.rip8vdum/45eb8661-49a2-447b-a2ee-516bb77c0b7f.pdf Graphi
c file (type pdf)
<use /tmp/pylatex-tmp.rip8vdum/45eb8661-49a2-447b-a2ee-516bb77c0b7f.pdf>
Package pdftex.def Info: /tmp/pylatex-tmp.rip8vdum/45eb8661-49a2-447b-a2ee-516b
b77c0b7f.pdf  used on input line 669.
(pdftex.def)             Requested size: 400.38872pt x 160.15457pt.
</tmp/pylatex-tmp.rip8vdum/8fc36b0d-09b4-46dc-bb58-ef09407b6dd9.pdf, id=1505, 1
445.4pt x 578.16pt>
File: /tmp/pylatex-tmp.rip8vdum/8fc36b0d-09b4-46dc-bb58-ef09407b6dd9.pdf Graphi
c file (type pdf)
<use /tmp/pylatex-tmp.rip8vdum/8fc36b0d-09b4-46dc-bb58-ef09407b6dd9.pdf>
Package pdftex.def Info: /tmp/pylatex-tmp.rip8vdum/8fc36b0d-09b4-46dc-bb58-ef09
407b6dd9.pdf  used on input line 677.
(pdftex.def)             Requested size: 400.38872pt x 160.15457pt.
 [33 </tmp/pylatex-tmp.rip8vdum/45eb8661-49a2-447b-a2ee-516bb77c0b7f.pdf> </tmp
/pylatex-tmp.rip8vdum/8fc36b0d-09b4-46dc-bb58-ef09407b6dd9.pdf>]
</tmp/pylatex-tmp.rip8vdum/d3bec7fd-a1ad-481b-aaeb-4d350a677b90.pdf, id=1555, 1
445.4pt x 578.16pt>
File: /tmp/pylatex-tmp.rip8vdum/d3bec7fd-a1ad-481b-aaeb-4d350a677b90.pdf Graphi
c file (type pdf)
<use /tmp/pylatex-tmp.rip8vdum/d3bec7fd-a1ad-481b-aaeb-4d350a677b90.pdf>
Package pdftex.def Info: /tmp/pylatex-tmp.rip8vdum/d3bec7fd-a1ad-481b-aaeb-4d35
0a677b90.pdf  used on input line 688.
(pdftex.def)             Requested size: 400.38872pt x 160.15457pt.
</tmp/pylatex-tmp.rip8vdum/51d51ba1-dbf6-4edb-b561-a039eaa68483.pdf, id=1556, 1
445.4pt x 578.16pt>
File: /tmp/pylatex-tmp.rip8vdum/51d51ba1-dbf6-4edb-b561-a039eaa68483.pdf Graphi
c file (type pdf)
<use /tmp/pylatex-tmp.rip8vdum/51d51ba1-dbf6-4edb-b561-a039eaa68483.pdf>
Package pdftex.def Info: /tmp/pylatex-tmp.rip8vdum/51d51ba1-dbf6-4edb-b561-a039
eaa68483.pdf  used on input line 696.
(pdftex.def)             Requested size: 400.38872pt x 160.15457pt.


Package lastpage Warning: Rerun to get the references right on input line 700.


AED: lastpage setting LastPage
[34 </tmp/pylatex-tmp.rip8vdum/d3bec7fd-a1ad-481b-aaeb-4d350a677b90.pdf> </tmp/
pylatex-tmp.rip8vdum/51d51ba1-dbf6-4edb-b561-a039eaa68483.pdf>]
(./1470260.history.aux)

LaTeX Warning: Label(s) may have changed. Rerun to get cross-references right.

 ) 
Here is how much of TeX's memory you used:
 2438 strings out of 483183
 52909 string characters out of 5966291
 263432 words of memory out of 5000000
 17384 multiletter control sequences out of 15000+600000
 572911 words of font info for 50 fonts, out of 8000000 for 9000
 14 hyphenation exceptions out of 8191
 30i,6n,25p,256b,217s stack positions out of 5000i,500n,10000p,200000b,80000s
{/usr/share/texmf/fonts/enc/dvips/lm/lm-ec.enc}</usr/share/texmf/fonts/type1/
public/lm/lmbx12.pfb></usr/share/texmf/fonts/type1/public/lm/lmr10.pfb></usr/sh
are/texmf/fonts/type1/public/lm/lmr12.pfb></usr/share/texmf/fonts/type1/public/
lm/lmr17.pfb>
Output written on 1470260.history.pdf (34 pages, 511083 bytes).
PDF statistics:
 1609 PDF objects out of 1728 (max. 8388607)
 359 compressed objects within 4 object streams
 0 named destinations out of 1000 (max. 500000)
 271 words of extra memory for PDF output out of 10000 (max. 10000000)

