This is pdfTeX, Version 3.14159265-2.6-1.40.20 (TeX Live 2019/Debian) (preloaded format=pdflatex 2022.11.27)  30 NOV 2022 20:06
entering extended mode
 restricted \write18 enabled.
 %&-line parsing enabled.
**/home/flask_app/trader_stats/uploads/1609987.positions.tex
(/home/flask_app/trader_stats/uploads/1609987.positions.tex
LaTeX2e <2020-02-02> patch level 2
L3 programming layer <2020-02-14>
(/usr/share/texlive/texmf-dist/tex/latex/base/article.cls
Document Class: article 2019/12/20 v1.4l Standard LaTeX document class
(/usr/share/texlive/texmf-dist/tex/latex/base/size10.clo
File: size10.clo 2019/12/20 v1.4l Standard LaTeX file (size option)
)
\c@part=\count167
\c@section=\count168
\c@subsection=\count169
\c@subsubsection=\count170
\c@paragraph=\count171
\c@subparagraph=\count172
\c@figure=\count173
\c@table=\count174
\abovecaptionskip=\skip47
\belowcaptionskip=\skip48
\bibindent=\dimen134
)
(/usr/share/texlive/texmf-dist/tex/latex/base/fontenc.sty
Package: fontenc 2020/02/11 v2.0o Standard LaTeX package
)
(/usr/share/texlive/texmf-dist/tex/latex/base/inputenc.sty
Package: inputenc 2018/08/11 v1.3c Input encoding file
\inpenc@prehook=\toks14
\inpenc@posthook=\toks15
)
(/usr/share/texmf/tex/latex/lm/lmodern.sty
Package: lmodern 2009/10/30 v1.6 Latin Modern Fonts
LaTeX Font Info:    Overwriting symbol font `operators' in version `normal'
(Font)                  OT1/cmr/m/n --> OT1/lmr/m/n on input line 22.
LaTeX Font Info:    Overwriting symbol font `letters' in version `normal'
(Font)                  OML/cmm/m/it --> OML/lmm/m/it on input line 23.
LaTeX Font Info:    Overwriting symbol font `symbols' in version `normal'
(Font)                  OMS/cmsy/m/n --> OMS/lmsy/m/n on input line 24.
LaTeX Font Info:    Overwriting symbol font `largesymbols' in version `normal'
(Font)                  OMX/cmex/m/n --> OMX/lmex/m/n on input line 25.
LaTeX Font Info:    Overwriting symbol font `operators' in version `bold'
(Font)                  OT1/cmr/bx/n --> OT1/lmr/bx/n on input line 26.
LaTeX Font Info:    Overwriting symbol font `letters' in version `bold'
(Font)                  OML/cmm/b/it --> OML/lmm/b/it on input line 27.
LaTeX Font Info:    Overwriting symbol font `symbols' in version `bold'
(Font)                  OMS/cmsy/b/n --> OMS/lmsy/b/n on input line 28.
LaTeX Font Info:    Overwriting symbol font `largesymbols' in version `bold'
(Font)                  OMX/cmex/m/n --> OMX/lmex/m/n on input line 29.
LaTeX Font Info:    Overwriting math alphabet `\mathbf' in version `normal'
(Font)                  OT1/cmr/bx/n --> OT1/lmr/bx/n on input line 31.
LaTeX Font Info:    Overwriting math alphabet `\mathsf' in version `normal'
(Font)                  OT1/cmss/m/n --> OT1/lmss/m/n on input line 32.
LaTeX Font Info:    Overwriting math alphabet `\mathit' in version `normal'
(Font)                  OT1/cmr/m/it --> OT1/lmr/m/it on input line 33.
LaTeX Font Info:    Overwriting math alphabet `\mathtt' in version `normal'
(Font)                  OT1/cmtt/m/n --> OT1/lmtt/m/n on input line 34.
LaTeX Font Info:    Overwriting math alphabet `\mathbf' in version `bold'
(Font)                  OT1/cmr/bx/n --> OT1/lmr/bx/n on input line 35.
LaTeX Font Info:    Overwriting math alphabet `\mathsf' in version `bold'
(Font)                  OT1/cmss/bx/n --> OT1/lmss/bx/n on input line 36.
LaTeX Font Info:    Overwriting math alphabet `\mathit' in version `bold'
(Font)                  OT1/cmr/bx/it --> OT1/lmr/bx/it on input line 37.
LaTeX Font Info:    Overwriting math alphabet `\mathtt' in version `bold'
(Font)                  OT1/cmtt/m/n --> OT1/lmtt/m/n on input line 38.
)
(/usr/share/texlive/texmf-dist/tex/latex/base/textcomp.sty
Package: textcomp 2020/02/02 v2.0n Standard LaTeX package
)
(/usr/share/texlive/texmf-dist/tex/latex/lastpage/lastpage.sty
Package: lastpage 2015/03/29 v1.2m Refers to last page's name (HMM; JPG)
)
(/usr/share/texlive/texmf-dist/tex/latex/geometry/geometry.sty
Package: geometry 2020/01/02 v5.9 Page Geometry

(/usr/share/texlive/texmf-dist/tex/latex/graphics/keyval.sty
Package: keyval 2014/10/28 v1.15 key=value parser (DPC)
\KV@toks@=\toks16
)
(/usr/share/texlive/texmf-dist/tex/generic/iftex/ifvtex.sty
Package: ifvtex 2019/10/25 v1.7 ifvtex legacy package. Use iftex instead.

(/usr/share/texlive/texmf-dist/tex/generic/iftex/iftex.sty
Package: iftex 2019/11/07 v1.0c TeX engine tests
))
\Gm@cnth=\count175
\Gm@cntv=\count176
\c@Gm@tempcnt=\count177
\Gm@bindingoffset=\dimen135
\Gm@wd@mp=\dimen136
\Gm@odd@mp=\dimen137
\Gm@even@mp=\dimen138
\Gm@layoutwidth=\dimen139
\Gm@layoutheight=\dimen140
\Gm@layouthoffset=\dimen141
\Gm@layoutvoffset=\dimen142
\Gm@dimlist=\toks17
)
(/usr/share/texlive/texmf-dist/tex/latex/graphics/graphicx.sty
Package: graphicx 2019/11/30 v1.2a Enhanced LaTeX Graphics (DPC,SPQR)

(/usr/share/texlive/texmf-dist/tex/latex/graphics/graphics.sty
Package: graphics 2019/11/30 v1.4a Standard LaTeX Graphics (DPC,SPQR)

(/usr/share/texlive/texmf-dist/tex/latex/graphics/trig.sty
Package: trig 2016/01/03 v1.10 sin cos tan (DPC)
)
(/usr/share/texlive/texmf-dist/tex/latex/graphics-cfg/graphics.cfg
File: graphics.cfg 2016/06/04 v1.11 sample graphics configuration
)
Package graphics Info: Driver file: pdftex.def on input line 105.

(/usr/share/texlive/texmf-dist/tex/latex/graphics-def/pdftex.def
File: pdftex.def 2018/01/08 v1.0l Graphics/color driver for pdftex
))
\Gin@req@height=\dimen143
\Gin@req@width=\dimen144
)
(/usr/share/texlive/texmf-dist/tex/latex/l3backend/l3backend-pdfmode.def
File: l3backend-pdfmode.def 2020-02-03 L3 backend support: PDF mode
\l__kernel_color_stack_int=\count178
\l__pdf_internal_box=\box45
)
(./1609987.positions.aux

LaTeX Warning: Label `subsec:Minimumprofit' multiply defined.


LaTeX Warning: Label `subsec:Meanprofit' multiply defined.


LaTeX Warning: Label `subsec:Minimumprofit' multiply defined.


LaTeX Warning: Label `subsec:Meanprofit' multiply defined.

)
\openout1 = `1609987.positions.aux'.

LaTeX Font Info:    Checking defaults for OML/cmm/m/it on input line 15.
LaTeX Font Info:    ... okay on input line 15.
LaTeX Font Info:    Checking defaults for OMS/cmsy/m/n on input line 15.
LaTeX Font Info:    ... okay on input line 15.
LaTeX Font Info:    Checking defaults for OT1/cmr/m/n on input line 15.
LaTeX Font Info:    ... okay on input line 15.
LaTeX Font Info:    Checking defaults for T1/cmr/m/n on input line 15.
LaTeX Font Info:    ... okay on input line 15.
LaTeX Font Info:    Checking defaults for TS1/cmr/m/n on input line 15.
LaTeX Font Info:    ... okay on input line 15.
LaTeX Font Info:    Checking defaults for OMX/cmex/m/n on input line 15.
LaTeX Font Info:    ... okay on input line 15.
LaTeX Font Info:    Checking defaults for U/cmr/m/n on input line 15.
LaTeX Font Info:    ... okay on input line 15.
LaTeX Font Info:    Trying to load font information for T1+lmr on input line 15
.
 (/usr/share/texmf/tex/latex/lm/t1lmr.fd
File: t1lmr.fd 2009/10/30 v1.6 Font defs for Latin Modern
)
Package lastpage Info: Please have a look at the pageslts package at
(lastpage)             https://www.ctan.org/pkg/pageslts
(lastpage)             ! on input line 15.

*geometry* driver: auto-detecting
*geometry* detected driver: pdftex
*geometry* verbose mode - [ preamble ] result:
* driver: pdftex
* paper: <default>
* layout: <same size as paper>
* layoutoffset:(h,v)=(0.0pt,0.0pt)
* modes: 
* h-part:(L,W,R)=(56.9055pt, 500.484pt, 56.9055pt)
* v-part:(T,H,B)=(95.39737pt, 556.47656pt, 143.09605pt)
* \paperwidth=614.295pt
* \paperheight=794.96999pt
* \textwidth=500.484pt
* \textheight=556.47656pt
* \oddsidemargin=-15.36449pt
* \evensidemargin=-15.36449pt
* \topmargin=-13.87262pt
* \headheight=12.0pt
* \headsep=25.0pt
* \topskip=10.0pt
* \footskip=30.0pt
* \marginparwidth=65.0pt
* \marginparsep=11.0pt
* \columnsep=10.0pt
* \skip\footins=9.0pt plus 4.0pt minus 2.0pt
* \hoffset=0.0pt
* \voffset=0.0pt
* \mag=1000
* \@twocolumnfalse
* \@twosidefalse
* \@mparswitchfalse
* \@reversemarginfalse
* (1in=72.27pt=25.4mm, 1cm=28.453pt)

(/usr/share/texlive/texmf-dist/tex/context/base/mkii/supp-pdf.mkii
[Loading MPS to PDF converter (version 2006.09.02).]
\scratchcounter=\count179
\scratchdimen=\dimen145
\scratchbox=\box46
\nofMPsegments=\count180
\nofMParguments=\count181
\everyMPshowfont=\toks18
\MPscratchCnt=\count182
\MPscratchDim=\dimen146
\MPnumerator=\count183
\makeMPintoPDFobject=\count184
\everyMPtoPDFconversion=\toks19
) (/usr/share/texlive/texmf-dist/tex/latex/epstopdf-pkg/epstopdf-base.sty
Package: epstopdf-base 2020-01-24 v2.11 Base part for package epstopdf
Package epstopdf-base Info: Redefining graphics rule for `.eps' on input line 4
85.

(/usr/share/texlive/texmf-dist/tex/latex/latexconfig/epstopdf-sys.cfg
File: epstopdf-sys.cfg 2010/07/13 v1.3 Configuration of (r)epstopdf for TeX Liv
e
))
LaTeX Font Info:    Trying to load font information for OT1+lmr on input line 1
7.

(/usr/share/texmf/tex/latex/lm/ot1lmr.fd
File: ot1lmr.fd 2009/10/30 v1.6 Font defs for Latin Modern
)
LaTeX Font Info:    Trying to load font information for OML+lmm on input line 1
7.

(/usr/share/texmf/tex/latex/lm/omllmm.fd
File: omllmm.fd 2009/10/30 v1.6 Font defs for Latin Modern
)
LaTeX Font Info:    Trying to load font information for OMS+lmsy on input line 
17.

(/usr/share/texmf/tex/latex/lm/omslmsy.fd
File: omslmsy.fd 2009/10/30 v1.6 Font defs for Latin Modern
)
LaTeX Font Info:    Trying to load font information for OMX+lmex on input line 
17.

(/usr/share/texmf/tex/latex/lm/omxlmex.fd
File: omxlmex.fd 2009/10/30 v1.6 Font defs for Latin Modern
)
LaTeX Font Info:    External font `lmex10' loaded for size
(Font)              <12> on input line 17.
LaTeX Font Info:    External font `lmex10' loaded for size
(Font)              <8> on input line 17.
LaTeX Font Info:    External font `lmex10' loaded for size
(Font)              <6> on input line 17.
</tmp/pylatex-tmp.7x2ojghc/7f8d2ba4-4fc9-49ae-8b9d-fdda48a244ad.pdf, id=1, 1445
.4pt x 578.16pt>
File: /tmp/pylatex-tmp.7x2ojghc/7f8d2ba4-4fc9-49ae-8b9d-fdda48a244ad.pdf Graphi
c file (type pdf)
<use /tmp/pylatex-tmp.7x2ojghc/7f8d2ba4-4fc9-49ae-8b9d-fdda48a244ad.pdf>
Package pdftex.def Info: /tmp/pylatex-tmp.7x2ojghc/7f8d2ba4-4fc9-49ae-8b9d-fdda
48a244ad.pdf  used on input line 24.
(pdftex.def)             Requested size: 400.38872pt x 160.15457pt.
</tmp/pylatex-tmp.7x2ojghc/fb9f4fe9-bc50-4861-b9b9-0636a681ee16.pdf, id=2, 1445
.4pt x 578.16pt>
File: /tmp/pylatex-tmp.7x2ojghc/fb9f4fe9-bc50-4861-b9b9-0636a681ee16.pdf Graphi
c file (type pdf)
<use /tmp/pylatex-tmp.7x2ojghc/fb9f4fe9-bc50-4861-b9b9-0636a681ee16.pdf>
Package pdftex.def Info: /tmp/pylatex-tmp.7x2ojghc/fb9f4fe9-bc50-4861-b9b9-0636
a681ee16.pdf  used on input line 32.
(pdftex.def)             Requested size: 400.38872pt x 160.15457pt.
LaTeX Font Info:    External font `lmex10' loaded for size
(Font)              <10> on input line 40.
LaTeX Font Info:    External font `lmex10' loaded for size
(Font)              <7> on input line 40.
LaTeX Font Info:    External font `lmex10' loaded for size
(Font)              <5> on input line 40.

! Undefined control sequence.
l.41 \toprule
             
The control sequence at the end of the top line
of your error message was never \def'ed. If you have
misspelled it (e.g., `\hobx'), type `I' and the correct
spelling (e.g., `I\hbox'). Otherwise just continue,
and I'll forget about whatever was undefined.

! Undefined control sequence.
<recently read> \midrule 
                         
l.44 \midrule
             
The control sequence at the end of the top line
of your error message was never \def'ed. If you have
misspelled it (e.g., `\hobx'), type `I' and the correct
spelling (e.g., `I\hbox'). Otherwise just continue,
and I'll forget about whatever was undefined.

! Undefined control sequence.
<recently read> \bottomrule 
                            
l.66 \bottomrule
                
The control sequence at the end of the top line
of your error message was never \def'ed. If you have
misspelled it (e.g., `\hobx'), type `I' and the correct
spelling (e.g., `I\hbox'). Otherwise just continue,
and I'll forget about whatever was undefined.

</tmp/pylatex-tmp.7x2ojghc/94820c72-20d9-4107-bad1-36d3d92c2188.pdf, id=3, 1445
.4pt x 1084.05pt>
File: /tmp/pylatex-tmp.7x2ojghc/94820c72-20d9-4107-bad1-36d3d92c2188.pdf Graphi
c file (type pdf)
<use /tmp/pylatex-tmp.7x2ojghc/94820c72-20d9-4107-bad1-36d3d92c2188.pdf>
Package pdftex.def Info: /tmp/pylatex-tmp.7x2ojghc/94820c72-20d9-4107-bad1-36d3
d92c2188.pdf  used on input line 73.
(pdftex.def)             Requested size: 400.38872pt x 300.28984pt.
[1

{/var/lib/texmf/fonts/map/pdftex/updmap/pdftex.map} </tmp/pylatex-tmp.7x2ojghc/
7f8d2ba4-4fc9-49ae-8b9d-fdda48a244ad.pdf> </tmp/pylatex-tmp.7x2ojghc/fb9f4fe9-b
c50-4861-b9b9-0636a681ee16.pdf>] [2] [3 </tmp/pylatex-tmp.7x2ojghc/94820c72-20d
9-4107-bad1-36d3d92c2188.pdf>]
! Undefined control sequence.
l.81 \toprule
             
The control sequence at the end of the top line
of your error message was never \def'ed. If you have
misspelled it (e.g., `\hobx'), type `I' and the correct
spelling (e.g., `I\hbox'). Otherwise just continue,
and I'll forget about whatever was undefined.

! Undefined control sequence.
<recently read> \midrule 
                         
l.84 \midrule
             
The control sequence at the end of the top line
of your error message was never \def'ed. If you have
misspelled it (e.g., `\hobx'), type `I' and the correct
spelling (e.g., `I\hbox'). Otherwise just continue,
and I'll forget about whatever was undefined.

! Undefined control sequence.
<recently read> \bottomrule 
                            
l.106 \bottomrule
                 
The control sequence at the end of the top line
of your error message was never \def'ed. If you have
misspelled it (e.g., `\hobx'), type `I' and the correct
spelling (e.g., `I\hbox'). Otherwise just continue,
and I'll forget about whatever was undefined.

</tmp/pylatex-tmp.7x2ojghc/24f55a8b-d008-418d-926a-525a9fa2d4b1.pdf, id=105, 14
45.4pt x 1084.05pt>
File: /tmp/pylatex-tmp.7x2ojghc/24f55a8b-d008-418d-926a-525a9fa2d4b1.pdf Graphi
c file (type pdf)
<use /tmp/pylatex-tmp.7x2ojghc/24f55a8b-d008-418d-926a-525a9fa2d4b1.pdf>
Package pdftex.def Info: /tmp/pylatex-tmp.7x2ojghc/24f55a8b-d008-418d-926a-525a
9fa2d4b1.pdf  used on input line 113.
(pdftex.def)             Requested size: 400.38872pt x 300.28984pt.
[4] [5 </tmp/pylatex-tmp.7x2ojghc/24f55a8b-d008-418d-926a-525a9fa2d4b1.pdf>]
! Undefined control sequence.
l.123 \toprule
              
The control sequence at the end of the top line
of your error message was never \def'ed. If you have
misspelled it (e.g., `\hobx'), type `I' and the correct
spelling (e.g., `I\hbox'). Otherwise just continue,
and I'll forget about whatever was undefined.

! Undefined control sequence.
<recently read> \midrule 
                         
l.126 \midrule
              
The control sequence at the end of the top line
of your error message was never \def'ed. If you have
misspelled it (e.g., `\hobx'), type `I' and the correct
spelling (e.g., `I\hbox'). Otherwise just continue,
and I'll forget about whatever was undefined.

! Undefined control sequence.
<recently read> \bottomrule 
                            
l.132 \bottomrule
                 
The control sequence at the end of the top line
of your error message was never \def'ed. If you have
misspelled it (e.g., `\hobx'), type `I' and the correct
spelling (e.g., `I\hbox'). Otherwise just continue,
and I'll forget about whatever was undefined.

</tmp/pylatex-tmp.7x2ojghc/d6807879-f79c-43a1-9d08-b57dc51922c7.pdf, id=159, 14
45.4pt x 1084.05pt>
File: /tmp/pylatex-tmp.7x2ojghc/d6807879-f79c-43a1-9d08-b57dc51922c7.pdf Graphi
c file (type pdf)
<use /tmp/pylatex-tmp.7x2ojghc/d6807879-f79c-43a1-9d08-b57dc51922c7.pdf>
Package pdftex.def Info: /tmp/pylatex-tmp.7x2ojghc/d6807879-f79c-43a1-9d08-b57d
c51922c7.pdf  used on input line 139.
(pdftex.def)             Requested size: 400.38872pt x 300.28984pt.
[6 </tmp/pylatex-tmp.7x2ojghc/d6807879-f79c-43a1-9d08-b57dc51922c7.pdf>]
! Undefined control sequence.
l.147 \toprule
              
The control sequence at the end of the top line
of your error message was never \def'ed. If you have
misspelled it (e.g., `\hobx'), type `I' and the correct
spelling (e.g., `I\hbox'). Otherwise just continue,
and I'll forget about whatever was undefined.

! Undefined control sequence.
<recently read> \midrule 
                         
l.150 \midrule
              
The control sequence at the end of the top line
of your error message was never \def'ed. If you have
misspelled it (e.g., `\hobx'), type `I' and the correct
spelling (e.g., `I\hbox'). Otherwise just continue,
and I'll forget about whatever was undefined.

! Undefined control sequence.
<recently read> \bottomrule 
                            
l.156 \bottomrule
                 
The control sequence at the end of the top line
of your error message was never \def'ed. If you have
misspelled it (e.g., `\hobx'), type `I' and the correct
spelling (e.g., `I\hbox'). Otherwise just continue,
and I'll forget about whatever was undefined.

</tmp/pylatex-tmp.7x2ojghc/4321c7e5-683c-4d7b-887d-1bc74986282c.pdf, id=197, 14
45.4pt x 1084.05pt>
File: /tmp/pylatex-tmp.7x2ojghc/4321c7e5-683c-4d7b-887d-1bc74986282c.pdf Graphi
c file (type pdf)
<use /tmp/pylatex-tmp.7x2ojghc/4321c7e5-683c-4d7b-887d-1bc74986282c.pdf>
Package pdftex.def Info: /tmp/pylatex-tmp.7x2ojghc/4321c7e5-683c-4d7b-887d-1bc7
4986282c.pdf  used on input line 163.
(pdftex.def)             Requested size: 400.38872pt x 300.28984pt.
[7 </tmp/pylatex-tmp.7x2ojghc/4321c7e5-683c-4d7b-887d-1bc74986282c.pdf>]
! Undefined control sequence.
l.173 \toprule
              
The control sequence at the end of the top line
of your error message was never \def'ed. If you have
misspelled it (e.g., `\hobx'), type `I' and the correct
spelling (e.g., `I\hbox'). Otherwise just continue,
and I'll forget about whatever was undefined.

! Undefined control sequence.
<recently read> \midrule 
                         
l.176 \midrule
              
The control sequence at the end of the top line
of your error message was never \def'ed. If you have
misspelled it (e.g., `\hobx'), type `I' and the correct
spelling (e.g., `I\hbox'). Otherwise just continue,
and I'll forget about whatever was undefined.

! Undefined control sequence.
<recently read> \bottomrule 
                            
l.200 \bottomrule
                 
The control sequence at the end of the top line
of your error message was never \def'ed. If you have
misspelled it (e.g., `\hobx'), type `I' and the correct
spelling (e.g., `I\hbox'). Otherwise just continue,
and I'll forget about whatever was undefined.

</tmp/pylatex-tmp.7x2ojghc/6eb9854c-b2ba-46a9-8672-2b11121c48b7.pdf, id=233, 14
45.4pt x 1084.05pt>
File: /tmp/pylatex-tmp.7x2ojghc/6eb9854c-b2ba-46a9-8672-2b11121c48b7.pdf Graphi
c file (type pdf)
<use /tmp/pylatex-tmp.7x2ojghc/6eb9854c-b2ba-46a9-8672-2b11121c48b7.pdf>
Package pdftex.def Info: /tmp/pylatex-tmp.7x2ojghc/6eb9854c-b2ba-46a9-8672-2b11
121c48b7.pdf  used on input line 207.
(pdftex.def)             Requested size: 400.38872pt x 300.28984pt.
[8] [9 </tmp/pylatex-tmp.7x2ojghc/6eb9854c-b2ba-46a9-8672-2b11121c48b7.pdf>]
! Undefined control sequence.
l.215 \toprule
              
The control sequence at the end of the top line
of your error message was never \def'ed. If you have
misspelled it (e.g., `\hobx'), type `I' and the correct
spelling (e.g., `I\hbox'). Otherwise just continue,
and I'll forget about whatever was undefined.

! Undefined control sequence.
<recently read> \midrule 
                         
l.218 \midrule
              
The control sequence at the end of the top line
of your error message was never \def'ed. If you have
misspelled it (e.g., `\hobx'), type `I' and the correct
spelling (e.g., `I\hbox'). Otherwise just continue,
and I'll forget about whatever was undefined.

! Undefined control sequence.
<recently read> \bottomrule 
                            
l.242 \bottomrule
                 
The control sequence at the end of the top line
of your error message was never \def'ed. If you have
misspelled it (e.g., `\hobx'), type `I' and the correct
spelling (e.g., `I\hbox'). Otherwise just continue,
and I'll forget about whatever was undefined.

</tmp/pylatex-tmp.7x2ojghc/7ca3b0d3-d371-4b2e-959e-b312702b418c.pdf, id=269, 14
45.4pt x 1084.05pt>
File: /tmp/pylatex-tmp.7x2ojghc/7ca3b0d3-d371-4b2e-959e-b312702b418c.pdf Graphi
c file (type pdf)
<use /tmp/pylatex-tmp.7x2ojghc/7ca3b0d3-d371-4b2e-959e-b312702b418c.pdf>
Package pdftex.def Info: /tmp/pylatex-tmp.7x2ojghc/7ca3b0d3-d371-4b2e-959e-b312
702b418c.pdf  used on input line 249.
(pdftex.def)             Requested size: 400.38872pt x 300.28984pt.
[10] [11 </tmp/pylatex-tmp.7x2ojghc/7ca3b0d3-d371-4b2e-959e-b312702b418c.pdf>]
</tmp/pylatex-tmp.7x2ojghc/6bdb803c-641d-4c8c-8af3-298b9191c6cf.pdf, id=306, 14
45.4pt x 578.16pt>
File: /tmp/pylatex-tmp.7x2ojghc/6bdb803c-641d-4c8c-8af3-298b9191c6cf.pdf Graphi
c file (type pdf)
<use /tmp/pylatex-tmp.7x2ojghc/6bdb803c-641d-4c8c-8af3-298b9191c6cf.pdf>
Package pdftex.def Info: /tmp/pylatex-tmp.7x2ojghc/6bdb803c-641d-4c8c-8af3-298b
9191c6cf.pdf  used on input line 262.
(pdftex.def)             Requested size: 400.38872pt x 160.15457pt.
</tmp/pylatex-tmp.7x2ojghc/a0c2cdb9-b3e5-4ed1-9591-4c05c39fca34.pdf, id=307, 14
45.4pt x 578.16pt>
File: /tmp/pylatex-tmp.7x2ojghc/a0c2cdb9-b3e5-4ed1-9591-4c05c39fca34.pdf Graphi
c file (type pdf)
<use /tmp/pylatex-tmp.7x2ojghc/a0c2cdb9-b3e5-4ed1-9591-4c05c39fca34.pdf>
Package pdftex.def Info: /tmp/pylatex-tmp.7x2ojghc/a0c2cdb9-b3e5-4ed1-9591-4c05
c39fca34.pdf  used on input line 270.
(pdftex.def)             Requested size: 400.38872pt x 160.15457pt.

[12 </tmp/pylatex-tmp.7x2ojghc/6bdb803c-641d-4c8c-8af3-298b9191c6cf.pdf> </tmp/
pylatex-tmp.7x2ojghc/a0c2cdb9-b3e5-4ed1-9591-4c05c39fca34.pdf>]
</tmp/pylatex-tmp.7x2ojghc/431c7961-36b2-4286-861c-f8ab3fe56796.pdf, id=355, 14
45.4pt x 578.16pt>
File: /tmp/pylatex-tmp.7x2ojghc/431c7961-36b2-4286-861c-f8ab3fe56796.pdf Graphi
c file (type pdf)
<use /tmp/pylatex-tmp.7x2ojghc/431c7961-36b2-4286-861c-f8ab3fe56796.pdf>
Package pdftex.def Info: /tmp/pylatex-tmp.7x2ojghc/431c7961-36b2-4286-861c-f8ab
3fe56796.pdf  used on input line 281.
(pdftex.def)             Requested size: 400.38872pt x 160.15457pt.
</tmp/pylatex-tmp.7x2ojghc/151e2429-17b4-481b-94ba-fdb75e24fa8d.pdf, id=356, 14
45.4pt x 578.16pt>
File: /tmp/pylatex-tmp.7x2ojghc/151e2429-17b4-481b-94ba-fdb75e24fa8d.pdf Graphi
c file (type pdf)
<use /tmp/pylatex-tmp.7x2ojghc/151e2429-17b4-481b-94ba-fdb75e24fa8d.pdf>
Package pdftex.def Info: /tmp/pylatex-tmp.7x2ojghc/151e2429-17b4-481b-94ba-fdb7
5e24fa8d.pdf  used on input line 289.
(pdftex.def)             Requested size: 400.38872pt x 160.15457pt.
 [13 </tmp/pylatex-tmp.7x2ojghc/431c7961-36b2-4286-861c-f8ab3fe56796.pdf> </tmp
/pylatex-tmp.7x2ojghc/151e2429-17b4-481b-94ba-fdb75e24fa8d.pdf>]
</tmp/pylatex-tmp.7x2ojghc/9b0eaad6-a44f-44a3-ba21-2a727c715f60.pdf, id=409, 14
45.4pt x 578.16pt>
File: /tmp/pylatex-tmp.7x2ojghc/9b0eaad6-a44f-44a3-ba21-2a727c715f60.pdf Graphi
c file (type pdf)
<use /tmp/pylatex-tmp.7x2ojghc/9b0eaad6-a44f-44a3-ba21-2a727c715f60.pdf>
Package pdftex.def Info: /tmp/pylatex-tmp.7x2ojghc/9b0eaad6-a44f-44a3-ba21-2a72
7c715f60.pdf  used on input line 300.
(pdftex.def)             Requested size: 400.38872pt x 160.15457pt.
</tmp/pylatex-tmp.7x2ojghc/3afb4824-d12d-4aaf-9ad9-d32de5da155b.pdf, id=410, 14
45.4pt x 578.16pt>
File: /tmp/pylatex-tmp.7x2ojghc/3afb4824-d12d-4aaf-9ad9-d32de5da155b.pdf Graphi
c file (type pdf)
<use /tmp/pylatex-tmp.7x2ojghc/3afb4824-d12d-4aaf-9ad9-d32de5da155b.pdf>
Package pdftex.def Info: /tmp/pylatex-tmp.7x2ojghc/3afb4824-d12d-4aaf-9ad9-d32d
e5da155b.pdf  used on input line 308.
(pdftex.def)             Requested size: 400.38872pt x 160.15457pt.
 [14 </tmp/pylatex-tmp.7x2ojghc/9b0eaad6-a44f-44a3-ba21-2a727c715f60.pdf> </tmp
/pylatex-tmp.7x2ojghc/3afb4824-d12d-4aaf-9ad9-d32de5da155b.pdf>]
</tmp/pylatex-tmp.7x2ojghc/684e8da4-31fc-4805-835d-12bcbede0932.pdf, id=458, 14
45.4pt x 578.16pt>
File: /tmp/pylatex-tmp.7x2ojghc/684e8da4-31fc-4805-835d-12bcbede0932.pdf Graphi
c file (type pdf)
<use /tmp/pylatex-tmp.7x2ojghc/684e8da4-31fc-4805-835d-12bcbede0932.pdf>
Package pdftex.def Info: /tmp/pylatex-tmp.7x2ojghc/684e8da4-31fc-4805-835d-12bc
bede0932.pdf  used on input line 319.
(pdftex.def)             Requested size: 400.38872pt x 160.15457pt.
</tmp/pylatex-tmp.7x2ojghc/0da8f884-2647-47ab-b145-5ba98f6f5a95.pdf, id=459, 14
45.4pt x 578.16pt>
File: /tmp/pylatex-tmp.7x2ojghc/0da8f884-2647-47ab-b145-5ba98f6f5a95.pdf Graphi
c file (type pdf)
<use /tmp/pylatex-tmp.7x2ojghc/0da8f884-2647-47ab-b145-5ba98f6f5a95.pdf>
Package pdftex.def Info: /tmp/pylatex-tmp.7x2ojghc/0da8f884-2647-47ab-b145-5ba9
8f6f5a95.pdf  used on input line 327.
(pdftex.def)             Requested size: 400.38872pt x 160.15457pt.
 [15 </tmp/pylatex-tmp.7x2ojghc/684e8da4-31fc-4805-835d-12bcbede0932.pdf> </tmp
/pylatex-tmp.7x2ojghc/0da8f884-2647-47ab-b145-5ba98f6f5a95.pdf>]
</tmp/pylatex-tmp.7x2ojghc/8783c2d8-8ce5-4bbf-91b4-c2938a1a62ab.pdf, id=512, 14
45.4pt x 578.16pt>
File: /tmp/pylatex-tmp.7x2ojghc/8783c2d8-8ce5-4bbf-91b4-c2938a1a62ab.pdf Graphi
c file (type pdf)
<use /tmp/pylatex-tmp.7x2ojghc/8783c2d8-8ce5-4bbf-91b4-c2938a1a62ab.pdf>
Package pdftex.def Info: /tmp/pylatex-tmp.7x2ojghc/8783c2d8-8ce5-4bbf-91b4-c293
8a1a62ab.pdf  used on input line 338.
(pdftex.def)             Requested size: 400.38872pt x 160.15457pt.
</tmp/pylatex-tmp.7x2ojghc/764bf8ca-4ecd-46c2-900e-c8424af274e7.pdf, id=513, 14
45.4pt x 578.16pt>
File: /tmp/pylatex-tmp.7x2ojghc/764bf8ca-4ecd-46c2-900e-c8424af274e7.pdf Graphi
c file (type pdf)
<use /tmp/pylatex-tmp.7x2ojghc/764bf8ca-4ecd-46c2-900e-c8424af274e7.pdf>
Package pdftex.def Info: /tmp/pylatex-tmp.7x2ojghc/764bf8ca-4ecd-46c2-900e-c842
4af274e7.pdf  used on input line 346.
(pdftex.def)             Requested size: 400.38872pt x 160.15457pt.
 [16 </tmp/pylatex-tmp.7x2ojghc/8783c2d8-8ce5-4bbf-91b4-c2938a1a62ab.pdf> </tmp
/pylatex-tmp.7x2ojghc/764bf8ca-4ecd-46c2-900e-c8424af274e7.pdf>]
</tmp/pylatex-tmp.7x2ojghc/cfc1ec27-6543-410a-b414-25d478e90116.pdf, id=565, 14
45.4pt x 578.16pt>
File: /tmp/pylatex-tmp.7x2ojghc/cfc1ec27-6543-410a-b414-25d478e90116.pdf Graphi
c file (type pdf)
<use /tmp/pylatex-tmp.7x2ojghc/cfc1ec27-6543-410a-b414-25d478e90116.pdf>
Package pdftex.def Info: /tmp/pylatex-tmp.7x2ojghc/cfc1ec27-6543-410a-b414-25d4
78e90116.pdf  used on input line 357.
(pdftex.def)             Requested size: 400.38872pt x 160.15457pt.
</tmp/pylatex-tmp.7x2ojghc/3cfd85e3-fa72-43c8-b876-a3a0d5e7fe91.pdf, id=566, 14
45.4pt x 578.16pt>
File: /tmp/pylatex-tmp.7x2ojghc/3cfd85e3-fa72-43c8-b876-a3a0d5e7fe91.pdf Graphi
c file (type pdf)
<use /tmp/pylatex-tmp.7x2ojghc/3cfd85e3-fa72-43c8-b876-a3a0d5e7fe91.pdf>
Package pdftex.def Info: /tmp/pylatex-tmp.7x2ojghc/3cfd85e3-fa72-43c8-b876-a3a0
d5e7fe91.pdf  used on input line 365.
(pdftex.def)             Requested size: 400.38872pt x 160.15457pt.
 [17 </tmp/pylatex-tmp.7x2ojghc/cfc1ec27-6543-410a-b414-25d478e90116.pdf> </tmp
/pylatex-tmp.7x2ojghc/3cfd85e3-fa72-43c8-b876-a3a0d5e7fe91.pdf>]
</tmp/pylatex-tmp.7x2ojghc/02621688-01d8-4005-a949-5b92ae42c36c.pdf, id=618, 14
45.4pt x 578.16pt>
File: /tmp/pylatex-tmp.7x2ojghc/02621688-01d8-4005-a949-5b92ae42c36c.pdf Graphi
c file (type pdf)
<use /tmp/pylatex-tmp.7x2ojghc/02621688-01d8-4005-a949-5b92ae42c36c.pdf>
Package pdftex.def Info: /tmp/pylatex-tmp.7x2ojghc/02621688-01d8-4005-a949-5b92
ae42c36c.pdf  used on input line 376.
(pdftex.def)             Requested size: 400.38872pt x 160.15457pt.
</tmp/pylatex-tmp.7x2ojghc/0a781c28-5823-4fc5-a1fc-d21809b95e3e.pdf, id=619, 14
45.4pt x 578.16pt>
File: /tmp/pylatex-tmp.7x2ojghc/0a781c28-5823-4fc5-a1fc-d21809b95e3e.pdf Graphi
c file (type pdf)
<use /tmp/pylatex-tmp.7x2ojghc/0a781c28-5823-4fc5-a1fc-d21809b95e3e.pdf>
Package pdftex.def Info: /tmp/pylatex-tmp.7x2ojghc/0a781c28-5823-4fc5-a1fc-d218
09b95e3e.pdf  used on input line 384.
(pdftex.def)             Requested size: 400.38872pt x 160.15457pt.
 [18 </tmp/pylatex-tmp.7x2ojghc/02621688-01d8-4005-a949-5b92ae42c36c.pdf> </tmp
/pylatex-tmp.7x2ojghc/0a781c28-5823-4fc5-a1fc-d21809b95e3e.pdf>]
</tmp/pylatex-tmp.7x2ojghc/dc8f797d-5c15-4ed4-b307-1e2989ac1a80.pdf, id=673, 14
45.4pt x 578.16pt>
File: /tmp/pylatex-tmp.7x2ojghc/dc8f797d-5c15-4ed4-b307-1e2989ac1a80.pdf Graphi
c file (type pdf)
<use /tmp/pylatex-tmp.7x2ojghc/dc8f797d-5c15-4ed4-b307-1e2989ac1a80.pdf>
Package pdftex.def Info: /tmp/pylatex-tmp.7x2ojghc/dc8f797d-5c15-4ed4-b307-1e29
89ac1a80.pdf  used on input line 395.
(pdftex.def)             Requested size: 400.38872pt x 160.15457pt.
</tmp/pylatex-tmp.7x2ojghc/b917d8c2-1884-4e3d-b3c6-ed07d77cdd57.pdf, id=674, 14
45.4pt x 578.16pt>
File: /tmp/pylatex-tmp.7x2ojghc/b917d8c2-1884-4e3d-b3c6-ed07d77cdd57.pdf Graphi
c file (type pdf)
<use /tmp/pylatex-tmp.7x2ojghc/b917d8c2-1884-4e3d-b3c6-ed07d77cdd57.pdf>
Package pdftex.def Info: /tmp/pylatex-tmp.7x2ojghc/b917d8c2-1884-4e3d-b3c6-ed07
d77cdd57.pdf  used on input line 403.
(pdftex.def)             Requested size: 400.38872pt x 160.15457pt.
 [19 </tmp/pylatex-tmp.7x2ojghc/dc8f797d-5c15-4ed4-b307-1e2989ac1a80.pdf> </tmp
/pylatex-tmp.7x2ojghc/b917d8c2-1884-4e3d-b3c6-ed07d77cdd57.pdf>]
</tmp/pylatex-tmp.7x2ojghc/496b4937-f3a8-4078-aea8-8082dc99e47d.pdf, id=725, 14
45.4pt x 578.16pt>
File: /tmp/pylatex-tmp.7x2ojghc/496b4937-f3a8-4078-aea8-8082dc99e47d.pdf Graphi
c file (type pdf)
<use /tmp/pylatex-tmp.7x2ojghc/496b4937-f3a8-4078-aea8-8082dc99e47d.pdf>
Package pdftex.def Info: /tmp/pylatex-tmp.7x2ojghc/496b4937-f3a8-4078-aea8-8082
dc99e47d.pdf  used on input line 414.
(pdftex.def)             Requested size: 400.38872pt x 160.15457pt.
</tmp/pylatex-tmp.7x2ojghc/432bf678-995f-4a0d-9c02-10490bd9bf91.pdf, id=726, 14
45.4pt x 578.16pt>
File: /tmp/pylatex-tmp.7x2ojghc/432bf678-995f-4a0d-9c02-10490bd9bf91.pdf Graphi
c file (type pdf)
<use /tmp/pylatex-tmp.7x2ojghc/432bf678-995f-4a0d-9c02-10490bd9bf91.pdf>
Package pdftex.def Info: /tmp/pylatex-tmp.7x2ojghc/432bf678-995f-4a0d-9c02-1049
0bd9bf91.pdf  used on input line 422.
(pdftex.def)             Requested size: 400.38872pt x 160.15457pt.
 [20 </tmp/pylatex-tmp.7x2ojghc/496b4937-f3a8-4078-aea8-8082dc99e47d.pdf> </tmp
/pylatex-tmp.7x2ojghc/432bf678-995f-4a0d-9c02-10490bd9bf91.pdf>]
</tmp/pylatex-tmp.7x2ojghc/57661a6f-888d-47b2-bb4f-05783d95fe4b.pdf, id=778, 14
45.4pt x 578.16pt>
File: /tmp/pylatex-tmp.7x2ojghc/57661a6f-888d-47b2-bb4f-05783d95fe4b.pdf Graphi
c file (type pdf)
<use /tmp/pylatex-tmp.7x2ojghc/57661a6f-888d-47b2-bb4f-05783d95fe4b.pdf>
Package pdftex.def Info: /tmp/pylatex-tmp.7x2ojghc/57661a6f-888d-47b2-bb4f-0578
3d95fe4b.pdf  used on input line 433.
(pdftex.def)             Requested size: 400.38872pt x 160.15457pt.
</tmp/pylatex-tmp.7x2ojghc/a907c5dc-23e4-4b5b-b07f-63a6364aee4c.pdf, id=779, 14
45.4pt x 578.16pt>
File: /tmp/pylatex-tmp.7x2ojghc/a907c5dc-23e4-4b5b-b07f-63a6364aee4c.pdf Graphi
c file (type pdf)
<use /tmp/pylatex-tmp.7x2ojghc/a907c5dc-23e4-4b5b-b07f-63a6364aee4c.pdf>
Package pdftex.def Info: /tmp/pylatex-tmp.7x2ojghc/a907c5dc-23e4-4b5b-b07f-63a6
364aee4c.pdf  used on input line 441.
(pdftex.def)             Requested size: 400.38872pt x 160.15457pt.
 [21 </tmp/pylatex-tmp.7x2ojghc/57661a6f-888d-47b2-bb4f-05783d95fe4b.pdf> </tmp
/pylatex-tmp.7x2ojghc/a907c5dc-23e4-4b5b-b07f-63a6364aee4c.pdf>]
</tmp/pylatex-tmp.7x2ojghc/8c3b874f-4894-46cf-80b4-b0cc57cb7b5c.pdf, id=825, 14
45.4pt x 578.16pt>
File: /tmp/pylatex-tmp.7x2ojghc/8c3b874f-4894-46cf-80b4-b0cc57cb7b5c.pdf Graphi
c file (type pdf)
<use /tmp/pylatex-tmp.7x2ojghc/8c3b874f-4894-46cf-80b4-b0cc57cb7b5c.pdf>
Package pdftex.def Info: /tmp/pylatex-tmp.7x2ojghc/8c3b874f-4894-46cf-80b4-b0cc
57cb7b5c.pdf  used on input line 452.
(pdftex.def)             Requested size: 400.38872pt x 160.15457pt.
</tmp/pylatex-tmp.7x2ojghc/5334b4d9-ab7d-4cc2-aad1-27b4e83092d3.pdf, id=826, 14
45.4pt x 578.16pt>
File: /tmp/pylatex-tmp.7x2ojghc/5334b4d9-ab7d-4cc2-aad1-27b4e83092d3.pdf Graphi
c file (type pdf)
<use /tmp/pylatex-tmp.7x2ojghc/5334b4d9-ab7d-4cc2-aad1-27b4e83092d3.pdf>
Package pdftex.def Info: /tmp/pylatex-tmp.7x2ojghc/5334b4d9-ab7d-4cc2-aad1-27b4
e83092d3.pdf  used on input line 460.
(pdftex.def)             Requested size: 400.38872pt x 160.15457pt.
 [22 </tmp/pylatex-tmp.7x2ojghc/8c3b874f-4894-46cf-80b4-b0cc57cb7b5c.pdf> </tmp
/pylatex-tmp.7x2ojghc/5334b4d9-ab7d-4cc2-aad1-27b4e83092d3.pdf>]
</tmp/pylatex-tmp.7x2ojghc/2674fa6b-c412-4d6c-8b7a-ed29d93a42e9.pdf, id=872, 14
45.4pt x 578.16pt>
File: /tmp/pylatex-tmp.7x2ojghc/2674fa6b-c412-4d6c-8b7a-ed29d93a42e9.pdf Graphi
c file (type pdf)
<use /tmp/pylatex-tmp.7x2ojghc/2674fa6b-c412-4d6c-8b7a-ed29d93a42e9.pdf>
Package pdftex.def Info: /tmp/pylatex-tmp.7x2ojghc/2674fa6b-c412-4d6c-8b7a-ed29
d93a42e9.pdf  used on input line 471.
(pdftex.def)             Requested size: 400.38872pt x 160.15457pt.
</tmp/pylatex-tmp.7x2ojghc/86e7b06e-1b01-4492-9d9f-71b281d63033.pdf, id=873, 14
45.4pt x 578.16pt>
File: /tmp/pylatex-tmp.7x2ojghc/86e7b06e-1b01-4492-9d9f-71b281d63033.pdf Graphi
c file (type pdf)
<use /tmp/pylatex-tmp.7x2ojghc/86e7b06e-1b01-4492-9d9f-71b281d63033.pdf>
Package pdftex.def Info: /tmp/pylatex-tmp.7x2ojghc/86e7b06e-1b01-4492-9d9f-71b2
81d63033.pdf  used on input line 479.
(pdftex.def)             Requested size: 400.38872pt x 160.15457pt.

[23 </tmp/pylatex-tmp.7x2ojghc/2674fa6b-c412-4d6c-8b7a-ed29d93a42e9.pdf> </tmp/
pylatex-tmp.7x2ojghc/86e7b06e-1b01-4492-9d9f-71b281d63033.pdf>]
</tmp/pylatex-tmp.7x2ojghc/ebdd3346-8b0b-4b92-9076-73cde7d9d864.pdf, id=922, 14
45.4pt x 578.16pt>
File: /tmp/pylatex-tmp.7x2ojghc/ebdd3346-8b0b-4b92-9076-73cde7d9d864.pdf Graphi
c file (type pdf)
<use /tmp/pylatex-tmp.7x2ojghc/ebdd3346-8b0b-4b92-9076-73cde7d9d864.pdf>
Package pdftex.def Info: /tmp/pylatex-tmp.7x2ojghc/ebdd3346-8b0b-4b92-9076-73cd
e7d9d864.pdf  used on input line 490.
(pdftex.def)             Requested size: 400.38872pt x 160.15457pt.
</tmp/pylatex-tmp.7x2ojghc/beaba868-47bf-4598-bf66-d36e14cd8eca.pdf, id=923, 14
45.4pt x 578.16pt>
File: /tmp/pylatex-tmp.7x2ojghc/beaba868-47bf-4598-bf66-d36e14cd8eca.pdf Graphi
c file (type pdf)
<use /tmp/pylatex-tmp.7x2ojghc/beaba868-47bf-4598-bf66-d36e14cd8eca.pdf>
Package pdftex.def Info: /tmp/pylatex-tmp.7x2ojghc/beaba868-47bf-4598-bf66-d36e
14cd8eca.pdf  used on input line 498.
(pdftex.def)             Requested size: 400.38872pt x 160.15457pt.
 [24 </tmp/pylatex-tmp.7x2ojghc/ebdd3346-8b0b-4b92-9076-73cde7d9d864.pdf> </tmp
/pylatex-tmp.7x2ojghc/beaba868-47bf-4598-bf66-d36e14cd8eca.pdf>]
</tmp/pylatex-tmp.7x2ojghc/067a0bfd-af70-40bc-800c-48f00e3f0e60.pdf, id=973, 14
45.4pt x 578.16pt>
File: /tmp/pylatex-tmp.7x2ojghc/067a0bfd-af70-40bc-800c-48f00e3f0e60.pdf Graphi
c file (type pdf)
<use /tmp/pylatex-tmp.7x2ojghc/067a0bfd-af70-40bc-800c-48f00e3f0e60.pdf>
Package pdftex.def Info: /tmp/pylatex-tmp.7x2ojghc/067a0bfd-af70-40bc-800c-48f0
0e3f0e60.pdf  used on input line 509.
(pdftex.def)             Requested size: 400.38872pt x 160.15457pt.
</tmp/pylatex-tmp.7x2ojghc/f9fc3155-4c94-4df8-8fc1-0e871fa9e278.pdf, id=974, 14
45.4pt x 578.16pt>
File: /tmp/pylatex-tmp.7x2ojghc/f9fc3155-4c94-4df8-8fc1-0e871fa9e278.pdf Graphi
c file (type pdf)
<use /tmp/pylatex-tmp.7x2ojghc/f9fc3155-4c94-4df8-8fc1-0e871fa9e278.pdf>
Package pdftex.def Info: /tmp/pylatex-tmp.7x2ojghc/f9fc3155-4c94-4df8-8fc1-0e87
1fa9e278.pdf  used on input line 517.
(pdftex.def)             Requested size: 400.38872pt x 160.15457pt.
 [25 </tmp/pylatex-tmp.7x2ojghc/067a0bfd-af70-40bc-800c-48f00e3f0e60.pdf> </tmp
/pylatex-tmp.7x2ojghc/f9fc3155-4c94-4df8-8fc1-0e871fa9e278.pdf>]
</tmp/pylatex-tmp.7x2ojghc/122ade22-b526-4896-85ec-35374d264205.pdf, id=1027, 1
445.4pt x 578.16pt>
File: /tmp/pylatex-tmp.7x2ojghc/122ade22-b526-4896-85ec-35374d264205.pdf Graphi
c file (type pdf)
<use /tmp/pylatex-tmp.7x2ojghc/122ade22-b526-4896-85ec-35374d264205.pdf>
Package pdftex.def Info: /tmp/pylatex-tmp.7x2ojghc/122ade22-b526-4896-85ec-3537
4d264205.pdf  used on input line 528.
(pdftex.def)             Requested size: 400.38872pt x 160.15457pt.
</tmp/pylatex-tmp.7x2ojghc/b4c81a2f-fd68-410c-aab2-02c7300f2917.pdf, id=1028, 1
445.4pt x 578.16pt>
File: /tmp/pylatex-tmp.7x2ojghc/b4c81a2f-fd68-410c-aab2-02c7300f2917.pdf Graphi
c file (type pdf)
<use /tmp/pylatex-tmp.7x2ojghc/b4c81a2f-fd68-410c-aab2-02c7300f2917.pdf>
Package pdftex.def Info: /tmp/pylatex-tmp.7x2ojghc/b4c81a2f-fd68-410c-aab2-02c7
300f2917.pdf  used on input line 536.
(pdftex.def)             Requested size: 400.38872pt x 160.15457pt.
 [26 </tmp/pylatex-tmp.7x2ojghc/122ade22-b526-4896-85ec-35374d264205.pdf> </tmp
/pylatex-tmp.7x2ojghc/b4c81a2f-fd68-410c-aab2-02c7300f2917.pdf>]
</tmp/pylatex-tmp.7x2ojghc/e4f768c1-0de5-44b5-a68d-537595814c9f.pdf, id=1082, 1
445.4pt x 578.16pt>
File: /tmp/pylatex-tmp.7x2ojghc/e4f768c1-0de5-44b5-a68d-537595814c9f.pdf Graphi
c file (type pdf)
<use /tmp/pylatex-tmp.7x2ojghc/e4f768c1-0de5-44b5-a68d-537595814c9f.pdf>
Package pdftex.def Info: /tmp/pylatex-tmp.7x2ojghc/e4f768c1-0de5-44b5-a68d-5375
95814c9f.pdf  used on input line 547.
(pdftex.def)             Requested size: 400.38872pt x 160.15457pt.
</tmp/pylatex-tmp.7x2ojghc/d9325550-1f64-4c72-8893-b79d8836091f.pdf, id=1083, 1
445.4pt x 578.16pt>
File: /tmp/pylatex-tmp.7x2ojghc/d9325550-1f64-4c72-8893-b79d8836091f.pdf Graphi
c file (type pdf)
<use /tmp/pylatex-tmp.7x2ojghc/d9325550-1f64-4c72-8893-b79d8836091f.pdf>
Package pdftex.def Info: /tmp/pylatex-tmp.7x2ojghc/d9325550-1f64-4c72-8893-b79d
8836091f.pdf  used on input line 555.
(pdftex.def)             Requested size: 400.38872pt x 160.15457pt.
 [27 </tmp/pylatex-tmp.7x2ojghc/e4f768c1-0de5-44b5-a68d-537595814c9f.pdf> </tmp
/pylatex-tmp.7x2ojghc/d9325550-1f64-4c72-8893-b79d8836091f.pdf>]
</tmp/pylatex-tmp.7x2ojghc/52665489-e602-4cda-adb4-7363202b7cc6.pdf, id=1133, 1
445.4pt x 578.16pt>
File: /tmp/pylatex-tmp.7x2ojghc/52665489-e602-4cda-adb4-7363202b7cc6.pdf Graphi
c file (type pdf)
<use /tmp/pylatex-tmp.7x2ojghc/52665489-e602-4cda-adb4-7363202b7cc6.pdf>
Package pdftex.def Info: /tmp/pylatex-tmp.7x2ojghc/52665489-e602-4cda-adb4-7363
202b7cc6.pdf  used on input line 566.
(pdftex.def)             Requested size: 400.38872pt x 160.15457pt.
</tmp/pylatex-tmp.7x2ojghc/2fe911b4-4410-4d3b-a73f-11cb6851190c.pdf, id=1134, 1
445.4pt x 578.16pt>
File: /tmp/pylatex-tmp.7x2ojghc/2fe911b4-4410-4d3b-a73f-11cb6851190c.pdf Graphi
c file (type pdf)
<use /tmp/pylatex-tmp.7x2ojghc/2fe911b4-4410-4d3b-a73f-11cb6851190c.pdf>
Package pdftex.def Info: /tmp/pylatex-tmp.7x2ojghc/2fe911b4-4410-4d3b-a73f-11cb
6851190c.pdf  used on input line 574.
(pdftex.def)             Requested size: 400.38872pt x 160.15457pt.
 [28 </tmp/pylatex-tmp.7x2ojghc/52665489-e602-4cda-adb4-7363202b7cc6.pdf> </tmp
/pylatex-tmp.7x2ojghc/2fe911b4-4410-4d3b-a73f-11cb6851190c.pdf>]
</tmp/pylatex-tmp.7x2ojghc/643e6c92-b553-4791-a9b1-017dd0b52fb7.pdf, id=1188, 1
445.4pt x 578.16pt>
File: /tmp/pylatex-tmp.7x2ojghc/643e6c92-b553-4791-a9b1-017dd0b52fb7.pdf Graphi
c file (type pdf)
<use /tmp/pylatex-tmp.7x2ojghc/643e6c92-b553-4791-a9b1-017dd0b52fb7.pdf>
Package pdftex.def Info: /tmp/pylatex-tmp.7x2ojghc/643e6c92-b553-4791-a9b1-017d
d0b52fb7.pdf  used on input line 585.
(pdftex.def)             Requested size: 400.38872pt x 160.15457pt.
</tmp/pylatex-tmp.7x2ojghc/8e2c08c2-e116-4f3c-957a-46b745c98f84.pdf, id=1189, 1
445.4pt x 578.16pt>
File: /tmp/pylatex-tmp.7x2ojghc/8e2c08c2-e116-4f3c-957a-46b745c98f84.pdf Graphi
c file (type pdf)
<use /tmp/pylatex-tmp.7x2ojghc/8e2c08c2-e116-4f3c-957a-46b745c98f84.pdf>
Package pdftex.def Info: /tmp/pylatex-tmp.7x2ojghc/8e2c08c2-e116-4f3c-957a-46b7
45c98f84.pdf  used on input line 593.
(pdftex.def)             Requested size: 400.38872pt x 160.15457pt.
 [29 </tmp/pylatex-tmp.7x2ojghc/643e6c92-b553-4791-a9b1-017dd0b52fb7.pdf> </tmp
/pylatex-tmp.7x2ojghc/8e2c08c2-e116-4f3c-957a-46b745c98f84.pdf>]
</tmp/pylatex-tmp.7x2ojghc/31efa0b7-3303-4361-8bb9-fc9695615273.pdf, id=1243, 1
445.4pt x 578.16pt>
File: /tmp/pylatex-tmp.7x2ojghc/31efa0b7-3303-4361-8bb9-fc9695615273.pdf Graphi
c file (type pdf)
<use /tmp/pylatex-tmp.7x2ojghc/31efa0b7-3303-4361-8bb9-fc9695615273.pdf>
Package pdftex.def Info: /tmp/pylatex-tmp.7x2ojghc/31efa0b7-3303-4361-8bb9-fc96
95615273.pdf  used on input line 604.
(pdftex.def)             Requested size: 400.38872pt x 160.15457pt.
</tmp/pylatex-tmp.7x2ojghc/5c6c1379-eaab-4d19-a5af-9b78cc9ec353.pdf, id=1244, 1
445.4pt x 578.16pt>
File: /tmp/pylatex-tmp.7x2ojghc/5c6c1379-eaab-4d19-a5af-9b78cc9ec353.pdf Graphi
c file (type pdf)
<use /tmp/pylatex-tmp.7x2ojghc/5c6c1379-eaab-4d19-a5af-9b78cc9ec353.pdf>
Package pdftex.def Info: /tmp/pylatex-tmp.7x2ojghc/5c6c1379-eaab-4d19-a5af-9b78
cc9ec353.pdf  used on input line 612.
(pdftex.def)             Requested size: 400.38872pt x 160.15457pt.
 [30 </tmp/pylatex-tmp.7x2ojghc/31efa0b7-3303-4361-8bb9-fc9695615273.pdf> </tmp
/pylatex-tmp.7x2ojghc/5c6c1379-eaab-4d19-a5af-9b78cc9ec353.pdf>]
</tmp/pylatex-tmp.7x2ojghc/cbe27d2a-2562-47c1-84f3-fdcc845862f7.pdf, id=1298, 1
445.4pt x 578.16pt>
File: /tmp/pylatex-tmp.7x2ojghc/cbe27d2a-2562-47c1-84f3-fdcc845862f7.pdf Graphi
c file (type pdf)
<use /tmp/pylatex-tmp.7x2ojghc/cbe27d2a-2562-47c1-84f3-fdcc845862f7.pdf>
Package pdftex.def Info: /tmp/pylatex-tmp.7x2ojghc/cbe27d2a-2562-47c1-84f3-fdcc
845862f7.pdf  used on input line 623.
(pdftex.def)             Requested size: 400.38872pt x 160.15457pt.
</tmp/pylatex-tmp.7x2ojghc/68ae2e75-697c-400f-96de-7cd8dea86567.pdf, id=1299, 1
445.4pt x 578.16pt>
File: /tmp/pylatex-tmp.7x2ojghc/68ae2e75-697c-400f-96de-7cd8dea86567.pdf Graphi
c file (type pdf)
<use /tmp/pylatex-tmp.7x2ojghc/68ae2e75-697c-400f-96de-7cd8dea86567.pdf>
Package pdftex.def Info: /tmp/pylatex-tmp.7x2ojghc/68ae2e75-697c-400f-96de-7cd8
dea86567.pdf  used on input line 631.
(pdftex.def)             Requested size: 400.38872pt x 160.15457pt.
 [31 </tmp/pylatex-tmp.7x2ojghc/cbe27d2a-2562-47c1-84f3-fdcc845862f7.pdf> </tmp
/pylatex-tmp.7x2ojghc/68ae2e75-697c-400f-96de-7cd8dea86567.pdf>]
</tmp/pylatex-tmp.7x2ojghc/b59bfa24-08ed-4a32-91cd-35485fb706ec.pdf, id=1349, 1
445.4pt x 578.16pt>
File: /tmp/pylatex-tmp.7x2ojghc/b59bfa24-08ed-4a32-91cd-35485fb706ec.pdf Graphi
c file (type pdf)
<use /tmp/pylatex-tmp.7x2ojghc/b59bfa24-08ed-4a32-91cd-35485fb706ec.pdf>
Package pdftex.def Info: /tmp/pylatex-tmp.7x2ojghc/b59bfa24-08ed-4a32-91cd-3548
5fb706ec.pdf  used on input line 642.
(pdftex.def)             Requested size: 400.38872pt x 160.15457pt.
</tmp/pylatex-tmp.7x2ojghc/14f80099-6a62-47da-b5c2-d5f373fd4144.pdf, id=1350, 1
445.4pt x 578.16pt>
File: /tmp/pylatex-tmp.7x2ojghc/14f80099-6a62-47da-b5c2-d5f373fd4144.pdf Graphi
c file (type pdf)
<use /tmp/pylatex-tmp.7x2ojghc/14f80099-6a62-47da-b5c2-d5f373fd4144.pdf>
Package pdftex.def Info: /tmp/pylatex-tmp.7x2ojghc/14f80099-6a62-47da-b5c2-d5f3
73fd4144.pdf  used on input line 650.
(pdftex.def)             Requested size: 400.38872pt x 160.15457pt.
 [32 </tmp/pylatex-tmp.7x2ojghc/b59bfa24-08ed-4a32-91cd-35485fb706ec.pdf> </tmp
/pylatex-tmp.7x2ojghc/14f80099-6a62-47da-b5c2-d5f373fd4144.pdf>]
</tmp/pylatex-tmp.7x2ojghc/52d2f55b-ceb4-4268-8698-3d707329feed.pdf, id=1400, 1
445.4pt x 578.16pt>
File: /tmp/pylatex-tmp.7x2ojghc/52d2f55b-ceb4-4268-8698-3d707329feed.pdf Graphi
c file (type pdf)
<use /tmp/pylatex-tmp.7x2ojghc/52d2f55b-ceb4-4268-8698-3d707329feed.pdf>
Package pdftex.def Info: /tmp/pylatex-tmp.7x2ojghc/52d2f55b-ceb4-4268-8698-3d70
7329feed.pdf  used on input line 661.
(pdftex.def)             Requested size: 400.38872pt x 160.15457pt.
</tmp/pylatex-tmp.7x2ojghc/29b72307-02ef-4b3e-9c4c-842c4d0ff907.pdf, id=1401, 1
445.4pt x 578.16pt>
File: /tmp/pylatex-tmp.7x2ojghc/29b72307-02ef-4b3e-9c4c-842c4d0ff907.pdf Graphi
c file (type pdf)
<use /tmp/pylatex-tmp.7x2ojghc/29b72307-02ef-4b3e-9c4c-842c4d0ff907.pdf>
Package pdftex.def Info: /tmp/pylatex-tmp.7x2ojghc/29b72307-02ef-4b3e-9c4c-842c
4d0ff907.pdf  used on input line 669.
(pdftex.def)             Requested size: 400.38872pt x 160.15457pt.
 
AED: lastpage setting LastPage
[33 </tmp/pylatex-tmp.7x2ojghc/52d2f55b-ceb4-4268-8698-3d707329feed.pdf> </tmp/
pylatex-tmp.7x2ojghc/29b72307-02ef-4b3e-9c4c-842c4d0ff907.pdf>]
(./1609987.positions.aux)

LaTeX Warning: There were multiply-defined labels.

 ) 
Here is how much of TeX's memory you used:
 2427 strings out of 483183
 52132 string characters out of 5966291
 263808 words of memory out of 5000000
 17373 multiletter control sequences out of 15000+600000
 572911 words of font info for 50 fonts, out of 8000000 for 9000
 14 hyphenation exceptions out of 8191
 30i,6n,25p,258b,217s stack positions out of 5000i,500n,10000p,200000b,80000s
{/usr/share/texmf/fonts/enc/dvips/lm/lm-ec.enc}</usr/share/texmf/fonts/type1/
public/lm/lmbx12.pfb></usr/share/texmf/fonts/type1/public/lm/lmr10.pfb></usr/sh
are/texmf/fonts/type1/public/lm/lmr12.pfb></usr/share/texmf/fonts/type1/public/
lm/lmr17.pfb>
Output written on 1609987.positions.pdf (33 pages, 440450 bytes).
PDF statistics:
 1461 PDF objects out of 1728 (max. 8388607)
 347 compressed objects within 4 object streams
 0 named destinations out of 1000 (max. 500000)
 261 words of extra memory for PDF output out of 10000 (max. 10000000)

