This is pdfTeX, Version 3.14159265-2.6-1.40.20 (TeX Live 2019/Debian) (preloaded format=pdflatex 2022.11.27)  30 NOV 2022 20:09
entering extended mode
 restricted \write18 enabled.
 %&-line parsing enabled.
**/home/flask_app/trader_stats/uploads/1654540.positions.tex
(/home/flask_app/trader_stats/uploads/1654540.positions.tex
LaTeX2e <2020-02-02> patch level 2
L3 programming layer <2020-02-14>
(/usr/share/texlive/texmf-dist/tex/latex/base/article.cls
Document Class: article 2019/12/20 v1.4l Standard LaTeX document class
(/usr/share/texlive/texmf-dist/tex/latex/base/size10.clo
File: size10.clo 2019/12/20 v1.4l Standard LaTeX file (size option)
)
\c@part=\count167
\c@section=\count168
\c@subsection=\count169
\c@subsubsection=\count170
\c@paragraph=\count171
\c@subparagraph=\count172
\c@figure=\count173
\c@table=\count174
\abovecaptionskip=\skip47
\belowcaptionskip=\skip48
\bibindent=\dimen134
)
(/usr/share/texlive/texmf-dist/tex/latex/base/fontenc.sty
Package: fontenc 2020/02/11 v2.0o Standard LaTeX package
)
(/usr/share/texlive/texmf-dist/tex/latex/base/inputenc.sty
Package: inputenc 2018/08/11 v1.3c Input encoding file
\inpenc@prehook=\toks14
\inpenc@posthook=\toks15
)
(/usr/share/texmf/tex/latex/lm/lmodern.sty
Package: lmodern 2009/10/30 v1.6 Latin Modern Fonts
LaTeX Font Info:    Overwriting symbol font `operators' in version `normal'
(Font)                  OT1/cmr/m/n --> OT1/lmr/m/n on input line 22.
LaTeX Font Info:    Overwriting symbol font `letters' in version `normal'
(Font)                  OML/cmm/m/it --> OML/lmm/m/it on input line 23.
LaTeX Font Info:    Overwriting symbol font `symbols' in version `normal'
(Font)                  OMS/cmsy/m/n --> OMS/lmsy/m/n on input line 24.
LaTeX Font Info:    Overwriting symbol font `largesymbols' in version `normal'
(Font)                  OMX/cmex/m/n --> OMX/lmex/m/n on input line 25.
LaTeX Font Info:    Overwriting symbol font `operators' in version `bold'
(Font)                  OT1/cmr/bx/n --> OT1/lmr/bx/n on input line 26.
LaTeX Font Info:    Overwriting symbol font `letters' in version `bold'
(Font)                  OML/cmm/b/it --> OML/lmm/b/it on input line 27.
LaTeX Font Info:    Overwriting symbol font `symbols' in version `bold'
(Font)                  OMS/cmsy/b/n --> OMS/lmsy/b/n on input line 28.
LaTeX Font Info:    Overwriting symbol font `largesymbols' in version `bold'
(Font)                  OMX/cmex/m/n --> OMX/lmex/m/n on input line 29.
LaTeX Font Info:    Overwriting math alphabet `\mathbf' in version `normal'
(Font)                  OT1/cmr/bx/n --> OT1/lmr/bx/n on input line 31.
LaTeX Font Info:    Overwriting math alphabet `\mathsf' in version `normal'
(Font)                  OT1/cmss/m/n --> OT1/lmss/m/n on input line 32.
LaTeX Font Info:    Overwriting math alphabet `\mathit' in version `normal'
(Font)                  OT1/cmr/m/it --> OT1/lmr/m/it on input line 33.
LaTeX Font Info:    Overwriting math alphabet `\mathtt' in version `normal'
(Font)                  OT1/cmtt/m/n --> OT1/lmtt/m/n on input line 34.
LaTeX Font Info:    Overwriting math alphabet `\mathbf' in version `bold'
(Font)                  OT1/cmr/bx/n --> OT1/lmr/bx/n on input line 35.
LaTeX Font Info:    Overwriting math alphabet `\mathsf' in version `bold'
(Font)                  OT1/cmss/bx/n --> OT1/lmss/bx/n on input line 36.
LaTeX Font Info:    Overwriting math alphabet `\mathit' in version `bold'
(Font)                  OT1/cmr/bx/it --> OT1/lmr/bx/it on input line 37.
LaTeX Font Info:    Overwriting math alphabet `\mathtt' in version `bold'
(Font)                  OT1/cmtt/m/n --> OT1/lmtt/m/n on input line 38.
)
(/usr/share/texlive/texmf-dist/tex/latex/base/textcomp.sty
Package: textcomp 2020/02/02 v2.0n Standard LaTeX package
)
(/usr/share/texlive/texmf-dist/tex/latex/lastpage/lastpage.sty
Package: lastpage 2015/03/29 v1.2m Refers to last page's name (HMM; JPG)
)
(/usr/share/texlive/texmf-dist/tex/latex/geometry/geometry.sty
Package: geometry 2020/01/02 v5.9 Page Geometry

(/usr/share/texlive/texmf-dist/tex/latex/graphics/keyval.sty
Package: keyval 2014/10/28 v1.15 key=value parser (DPC)
\KV@toks@=\toks16
)
(/usr/share/texlive/texmf-dist/tex/generic/iftex/ifvtex.sty
Package: ifvtex 2019/10/25 v1.7 ifvtex legacy package. Use iftex instead.

(/usr/share/texlive/texmf-dist/tex/generic/iftex/iftex.sty
Package: iftex 2019/11/07 v1.0c TeX engine tests
))
\Gm@cnth=\count175
\Gm@cntv=\count176
\c@Gm@tempcnt=\count177
\Gm@bindingoffset=\dimen135
\Gm@wd@mp=\dimen136
\Gm@odd@mp=\dimen137
\Gm@even@mp=\dimen138
\Gm@layoutwidth=\dimen139
\Gm@layoutheight=\dimen140
\Gm@layouthoffset=\dimen141
\Gm@layoutvoffset=\dimen142
\Gm@dimlist=\toks17
)
(/usr/share/texlive/texmf-dist/tex/latex/graphics/graphicx.sty
Package: graphicx 2019/11/30 v1.2a Enhanced LaTeX Graphics (DPC,SPQR)

(/usr/share/texlive/texmf-dist/tex/latex/graphics/graphics.sty
Package: graphics 2019/11/30 v1.4a Standard LaTeX Graphics (DPC,SPQR)

(/usr/share/texlive/texmf-dist/tex/latex/graphics/trig.sty
Package: trig 2016/01/03 v1.10 sin cos tan (DPC)
)
(/usr/share/texlive/texmf-dist/tex/latex/graphics-cfg/graphics.cfg
File: graphics.cfg 2016/06/04 v1.11 sample graphics configuration
)
Package graphics Info: Driver file: pdftex.def on input line 105.

(/usr/share/texlive/texmf-dist/tex/latex/graphics-def/pdftex.def
File: pdftex.def 2018/01/08 v1.0l Graphics/color driver for pdftex
))
\Gin@req@height=\dimen143
\Gin@req@width=\dimen144
)
(/usr/share/texlive/texmf-dist/tex/latex/l3backend/l3backend-pdfmode.def
File: l3backend-pdfmode.def 2020-02-03 L3 backend support: PDF mode
\l__kernel_color_stack_int=\count178
\l__pdf_internal_box=\box45
)
No file 1654540.positions.aux.
\openout1 = `1654540.positions.aux'.

LaTeX Font Info:    Checking defaults for OML/cmm/m/it on input line 15.
LaTeX Font Info:    ... okay on input line 15.
LaTeX Font Info:    Checking defaults for OMS/cmsy/m/n on input line 15.
LaTeX Font Info:    ... okay on input line 15.
LaTeX Font Info:    Checking defaults for OT1/cmr/m/n on input line 15.
LaTeX Font Info:    ... okay on input line 15.
LaTeX Font Info:    Checking defaults for T1/cmr/m/n on input line 15.
LaTeX Font Info:    ... okay on input line 15.
LaTeX Font Info:    Checking defaults for TS1/cmr/m/n on input line 15.
LaTeX Font Info:    ... okay on input line 15.
LaTeX Font Info:    Checking defaults for OMX/cmex/m/n on input line 15.
LaTeX Font Info:    ... okay on input line 15.
LaTeX Font Info:    Checking defaults for U/cmr/m/n on input line 15.
LaTeX Font Info:    ... okay on input line 15.
LaTeX Font Info:    Trying to load font information for T1+lmr on input line 15
.
(/usr/share/texmf/tex/latex/lm/t1lmr.fd
File: t1lmr.fd 2009/10/30 v1.6 Font defs for Latin Modern
)
Package lastpage Info: Please have a look at the pageslts package at
(lastpage)             https://www.ctan.org/pkg/pageslts
(lastpage)             ! on input line 15.

*geometry* driver: auto-detecting
*geometry* detected driver: pdftex
*geometry* verbose mode - [ preamble ] result:
* driver: pdftex
* paper: <default>
* layout: <same size as paper>
* layoutoffset:(h,v)=(0.0pt,0.0pt)
* modes: 
* h-part:(L,W,R)=(56.9055pt, 500.484pt, 56.9055pt)
* v-part:(T,H,B)=(95.39737pt, 556.47656pt, 143.09605pt)
* \paperwidth=614.295pt
* \paperheight=794.96999pt
* \textwidth=500.484pt
* \textheight=556.47656pt
* \oddsidemargin=-15.36449pt
* \evensidemargin=-15.36449pt
* \topmargin=-13.87262pt
* \headheight=12.0pt
* \headsep=25.0pt
* \topskip=10.0pt
* \footskip=30.0pt
* \marginparwidth=65.0pt
* \marginparsep=11.0pt
* \columnsep=10.0pt
* \skip\footins=9.0pt plus 4.0pt minus 2.0pt
* \hoffset=0.0pt
* \voffset=0.0pt
* \mag=1000
* \@twocolumnfalse
* \@twosidefalse
* \@mparswitchfalse
* \@reversemarginfalse
* (1in=72.27pt=25.4mm, 1cm=28.453pt)

(/usr/share/texlive/texmf-dist/tex/context/base/mkii/supp-pdf.mkii
[Loading MPS to PDF converter (version 2006.09.02).]
\scratchcounter=\count179
\scratchdimen=\dimen145
\scratchbox=\box46
\nofMPsegments=\count180
\nofMParguments=\count181
\everyMPshowfont=\toks18
\MPscratchCnt=\count182
\MPscratchDim=\dimen146
\MPnumerator=\count183
\makeMPintoPDFobject=\count184
\everyMPtoPDFconversion=\toks19
) (/usr/share/texlive/texmf-dist/tex/latex/epstopdf-pkg/epstopdf-base.sty
Package: epstopdf-base 2020-01-24 v2.11 Base part for package epstopdf
Package epstopdf-base Info: Redefining graphics rule for `.eps' on input line 4
85.

(/usr/share/texlive/texmf-dist/tex/latex/latexconfig/epstopdf-sys.cfg
File: epstopdf-sys.cfg 2010/07/13 v1.3 Configuration of (r)epstopdf for TeX Liv
e
))
LaTeX Font Info:    Trying to load font information for OT1+lmr on input line 1
7.

(/usr/share/texmf/tex/latex/lm/ot1lmr.fd
File: ot1lmr.fd 2009/10/30 v1.6 Font defs for Latin Modern
)
LaTeX Font Info:    Trying to load font information for OML+lmm on input line 1
7.

(/usr/share/texmf/tex/latex/lm/omllmm.fd
File: omllmm.fd 2009/10/30 v1.6 Font defs for Latin Modern
)
LaTeX Font Info:    Trying to load font information for OMS+lmsy on input line 
17.

(/usr/share/texmf/tex/latex/lm/omslmsy.fd
File: omslmsy.fd 2009/10/30 v1.6 Font defs for Latin Modern
)
LaTeX Font Info:    Trying to load font information for OMX+lmex on input line 
17.

(/usr/share/texmf/tex/latex/lm/omxlmex.fd
File: omxlmex.fd 2009/10/30 v1.6 Font defs for Latin Modern
)
LaTeX Font Info:    External font `lmex10' loaded for size
(Font)              <12> on input line 17.
LaTeX Font Info:    External font `lmex10' loaded for size
(Font)              <8> on input line 17.
LaTeX Font Info:    External font `lmex10' loaded for size
(Font)              <6> on input line 17.
</tmp/pylatex-tmp.7x2ojghc/4047a97f-4deb-430b-8f62-0d55a6538483.pdf, id=1, 1445
.4pt x 578.16pt>
File: /tmp/pylatex-tmp.7x2ojghc/4047a97f-4deb-430b-8f62-0d55a6538483.pdf Graphi
c file (type pdf)
<use /tmp/pylatex-tmp.7x2ojghc/4047a97f-4deb-430b-8f62-0d55a6538483.pdf>
Package pdftex.def Info: /tmp/pylatex-tmp.7x2ojghc/4047a97f-4deb-430b-8f62-0d55
a6538483.pdf  used on input line 24.
(pdftex.def)             Requested size: 400.38872pt x 160.15457pt.
</tmp/pylatex-tmp.7x2ojghc/7750bf4b-3eda-441d-8111-e4dde17edda5.pdf, id=2, 1445
.4pt x 578.16pt>
File: /tmp/pylatex-tmp.7x2ojghc/7750bf4b-3eda-441d-8111-e4dde17edda5.pdf Graphi
c file (type pdf)
<use /tmp/pylatex-tmp.7x2ojghc/7750bf4b-3eda-441d-8111-e4dde17edda5.pdf>
Package pdftex.def Info: /tmp/pylatex-tmp.7x2ojghc/7750bf4b-3eda-441d-8111-e4dd
e17edda5.pdf  used on input line 32.
(pdftex.def)             Requested size: 400.38872pt x 160.15457pt.
LaTeX Font Info:    External font `lmex10' loaded for size
(Font)              <10> on input line 40.
LaTeX Font Info:    External font `lmex10' loaded for size
(Font)              <7> on input line 40.
LaTeX Font Info:    External font `lmex10' loaded for size
(Font)              <5> on input line 40.

! Undefined control sequence.
l.41 \toprule
             
The control sequence at the end of the top line
of your error message was never \def'ed. If you have
misspelled it (e.g., `\hobx'), type `I' and the correct
spelling (e.g., `I\hbox'). Otherwise just continue,
and I'll forget about whatever was undefined.

! Undefined control sequence.
<recently read> \midrule 
                         
l.44 \midrule
             
The control sequence at the end of the top line
of your error message was never \def'ed. If you have
misspelled it (e.g., `\hobx'), type `I' and the correct
spelling (e.g., `I\hbox'). Otherwise just continue,
and I'll forget about whatever was undefined.

! Undefined control sequence.
<recently read> \bottomrule 
                            
l.50 \bottomrule
                
The control sequence at the end of the top line
of your error message was never \def'ed. If you have
misspelled it (e.g., `\hobx'), type `I' and the correct
spelling (e.g., `I\hbox'). Otherwise just continue,
and I'll forget about whatever was undefined.

</tmp/pylatex-tmp.7x2ojghc/aa5ba1d0-7cd4-4bb4-abcd-723e940620aa.pdf, id=3, 1445
.4pt x 1084.05pt>
File: /tmp/pylatex-tmp.7x2ojghc/aa5ba1d0-7cd4-4bb4-abcd-723e940620aa.pdf Graphi
c file (type pdf)
<use /tmp/pylatex-tmp.7x2ojghc/aa5ba1d0-7cd4-4bb4-abcd-723e940620aa.pdf>
Package pdftex.def Info: /tmp/pylatex-tmp.7x2ojghc/aa5ba1d0-7cd4-4bb4-abcd-723e
940620aa.pdf  used on input line 57.
(pdftex.def)             Requested size: 400.38872pt x 300.28984pt.
[1

{/var/lib/texmf/fonts/map/pdftex/updmap/pdftex.map} </tmp/pylatex-tmp.7x2ojghc/
4047a97f-4deb-430b-8f62-0d55a6538483.pdf> </tmp/pylatex-tmp.7x2ojghc/7750bf4b-3
eda-441d-8111-e4dde17edda5.pdf>] [2 </tmp/pylatex-tmp.7x2ojghc/aa5ba1d0-7cd4-4b
b4-abcd-723e940620aa.pdf>]
! Undefined control sequence.
l.65 \toprule
             
The control sequence at the end of the top line
of your error message was never \def'ed. If you have
misspelled it (e.g., `\hobx'), type `I' and the correct
spelling (e.g., `I\hbox'). Otherwise just continue,
and I'll forget about whatever was undefined.

! Undefined control sequence.
<recently read> \midrule 
                         
l.68 \midrule
             
The control sequence at the end of the top line
of your error message was never \def'ed. If you have
misspelled it (e.g., `\hobx'), type `I' and the correct
spelling (e.g., `I\hbox'). Otherwise just continue,
and I'll forget about whatever was undefined.

! Undefined control sequence.
<recently read> \bottomrule 
                            
l.74 \bottomrule
                
The control sequence at the end of the top line
of your error message was never \def'ed. If you have
misspelled it (e.g., `\hobx'), type `I' and the correct
spelling (e.g., `I\hbox'). Otherwise just continue,
and I'll forget about whatever was undefined.

</tmp/pylatex-tmp.7x2ojghc/aa31adaf-0fb2-4ba1-9dd8-2717b1eed6f3.pdf, id=93, 144
5.4pt x 1084.05pt>
File: /tmp/pylatex-tmp.7x2ojghc/aa31adaf-0fb2-4ba1-9dd8-2717b1eed6f3.pdf Graphi
c file (type pdf)
<use /tmp/pylatex-tmp.7x2ojghc/aa31adaf-0fb2-4ba1-9dd8-2717b1eed6f3.pdf>
Package pdftex.def Info: /tmp/pylatex-tmp.7x2ojghc/aa31adaf-0fb2-4ba1-9dd8-2717
b1eed6f3.pdf  used on input line 81.
(pdftex.def)             Requested size: 400.38872pt x 300.28984pt.
[3 </tmp/pylatex-tmp.7x2ojghc/aa31adaf-0fb2-4ba1-9dd8-2717b1eed6f3.pdf>]
! Undefined control sequence.
l.91 \toprule
             
The control sequence at the end of the top line
of your error message was never \def'ed. If you have
misspelled it (e.g., `\hobx'), type `I' and the correct
spelling (e.g., `I\hbox'). Otherwise just continue,
and I'll forget about whatever was undefined.

! Undefined control sequence.
<recently read> \midrule 
                         
l.94 \midrule
             
The control sequence at the end of the top line
of your error message was never \def'ed. If you have
misspelled it (e.g., `\hobx'), type `I' and the correct
spelling (e.g., `I\hbox'). Otherwise just continue,
and I'll forget about whatever was undefined.

! Undefined control sequence.
<recently read> \bottomrule 
                            
l.100 \bottomrule
                 
The control sequence at the end of the top line
of your error message was never \def'ed. If you have
misspelled it (e.g., `\hobx'), type `I' and the correct
spelling (e.g., `I\hbox'). Otherwise just continue,
and I'll forget about whatever was undefined.

</tmp/pylatex-tmp.7x2ojghc/199097fc-2874-486c-b066-b98a8ce2f9d6.pdf, id=132, 14
45.4pt x 1084.05pt>
File: /tmp/pylatex-tmp.7x2ojghc/199097fc-2874-486c-b066-b98a8ce2f9d6.pdf Graphi
c file (type pdf)
<use /tmp/pylatex-tmp.7x2ojghc/199097fc-2874-486c-b066-b98a8ce2f9d6.pdf>
Package pdftex.def Info: /tmp/pylatex-tmp.7x2ojghc/199097fc-2874-486c-b066-b98a
8ce2f9d6.pdf  used on input line 107.
(pdftex.def)             Requested size: 400.38872pt x 300.28984pt.
[4 </tmp/pylatex-tmp.7x2ojghc/199097fc-2874-486c-b066-b98a8ce2f9d6.pdf>]
! Undefined control sequence.
l.115 \toprule
              
The control sequence at the end of the top line
of your error message was never \def'ed. If you have
misspelled it (e.g., `\hobx'), type `I' and the correct
spelling (e.g., `I\hbox'). Otherwise just continue,
and I'll forget about whatever was undefined.

! Undefined control sequence.
<recently read> \midrule 
                         
l.118 \midrule
              
The control sequence at the end of the top line
of your error message was never \def'ed. If you have
misspelled it (e.g., `\hobx'), type `I' and the correct
spelling (e.g., `I\hbox'). Otherwise just continue,
and I'll forget about whatever was undefined.

! Undefined control sequence.
<recently read> \bottomrule 
                            
l.124 \bottomrule
                 
The control sequence at the end of the top line
of your error message was never \def'ed. If you have
misspelled it (e.g., `\hobx'), type `I' and the correct
spelling (e.g., `I\hbox'). Otherwise just continue,
and I'll forget about whatever was undefined.

</tmp/pylatex-tmp.7x2ojghc/4d5dac61-50eb-47dc-8564-9047197245b1.pdf, id=167, 14
45.4pt x 1084.05pt>
File: /tmp/pylatex-tmp.7x2ojghc/4d5dac61-50eb-47dc-8564-9047197245b1.pdf Graphi
c file (type pdf)
<use /tmp/pylatex-tmp.7x2ojghc/4d5dac61-50eb-47dc-8564-9047197245b1.pdf>
Package pdftex.def Info: /tmp/pylatex-tmp.7x2ojghc/4d5dac61-50eb-47dc-8564-9047
197245b1.pdf  used on input line 131.
(pdftex.def)             Requested size: 400.38872pt x 300.28984pt.
[5 </tmp/pylatex-tmp.7x2ojghc/4d5dac61-50eb-47dc-8564-9047197245b1.pdf>]
! Undefined control sequence.
l.141 \toprule
              
The control sequence at the end of the top line
of your error message was never \def'ed. If you have
misspelled it (e.g., `\hobx'), type `I' and the correct
spelling (e.g., `I\hbox'). Otherwise just continue,
and I'll forget about whatever was undefined.

! Undefined control sequence.
<recently read> \midrule 
                         
l.144 \midrule
              
The control sequence at the end of the top line
of your error message was never \def'ed. If you have
misspelled it (e.g., `\hobx'), type `I' and the correct
spelling (e.g., `I\hbox'). Otherwise just continue,
and I'll forget about whatever was undefined.

! Undefined control sequence.
<recently read> \bottomrule 
                            
l.163 \bottomrule
                 
The control sequence at the end of the top line
of your error message was never \def'ed. If you have
misspelled it (e.g., `\hobx'), type `I' and the correct
spelling (e.g., `I\hbox'). Otherwise just continue,
and I'll forget about whatever was undefined.

</tmp/pylatex-tmp.7x2ojghc/acd49d13-3906-40b9-8b5d-ab0a764a6a62.pdf, id=203, 14
45.4pt x 1084.05pt>
File: /tmp/pylatex-tmp.7x2ojghc/acd49d13-3906-40b9-8b5d-ab0a764a6a62.pdf Graphi
c file (type pdf)
<use /tmp/pylatex-tmp.7x2ojghc/acd49d13-3906-40b9-8b5d-ab0a764a6a62.pdf>
Package pdftex.def Info: /tmp/pylatex-tmp.7x2ojghc/acd49d13-3906-40b9-8b5d-ab0a
764a6a62.pdf  used on input line 170.
(pdftex.def)             Requested size: 400.38872pt x 300.28984pt.
[6] [7 </tmp/pylatex-tmp.7x2ojghc/acd49d13-3906-40b9-8b5d-ab0a764a6a62.pdf>]
! Undefined control sequence.
l.178 \toprule
              
The control sequence at the end of the top line
of your error message was never \def'ed. If you have
misspelled it (e.g., `\hobx'), type `I' and the correct
spelling (e.g., `I\hbox'). Otherwise just continue,
and I'll forget about whatever was undefined.

! Undefined control sequence.
<recently read> \midrule 
                         
l.181 \midrule
              
The control sequence at the end of the top line
of your error message was never \def'ed. If you have
misspelled it (e.g., `\hobx'), type `I' and the correct
spelling (e.g., `I\hbox'). Otherwise just continue,
and I'll forget about whatever was undefined.

! Undefined control sequence.
<recently read> \bottomrule 
                            
l.200 \bottomrule
                 
The control sequence at the end of the top line
of your error message was never \def'ed. If you have
misspelled it (e.g., `\hobx'), type `I' and the correct
spelling (e.g., `I\hbox'). Otherwise just continue,
and I'll forget about whatever was undefined.

</tmp/pylatex-tmp.7x2ojghc/17d1f70f-6f8e-466f-824d-e8683183fe68.pdf, id=240, 14
45.4pt x 1084.05pt>
File: /tmp/pylatex-tmp.7x2ojghc/17d1f70f-6f8e-466f-824d-e8683183fe68.pdf Graphi
c file (type pdf)
<use /tmp/pylatex-tmp.7x2ojghc/17d1f70f-6f8e-466f-824d-e8683183fe68.pdf>
Package pdftex.def Info: /tmp/pylatex-tmp.7x2ojghc/17d1f70f-6f8e-466f-824d-e868
3183fe68.pdf  used on input line 207.
(pdftex.def)             Requested size: 400.38872pt x 300.28984pt.
[8] [9 </tmp/pylatex-tmp.7x2ojghc/17d1f70f-6f8e-466f-824d-e8683183fe68.pdf>]
</tmp/pylatex-tmp.7x2ojghc/9d28f3a6-6da5-438d-ac0e-d4718ab0d7e6.pdf, id=276, 14
45.4pt x 578.16pt>
File: /tmp/pylatex-tmp.7x2ojghc/9d28f3a6-6da5-438d-ac0e-d4718ab0d7e6.pdf Graphi
c file (type pdf)
<use /tmp/pylatex-tmp.7x2ojghc/9d28f3a6-6da5-438d-ac0e-d4718ab0d7e6.pdf>
Package pdftex.def Info: /tmp/pylatex-tmp.7x2ojghc/9d28f3a6-6da5-438d-ac0e-d471
8ab0d7e6.pdf  used on input line 220.
(pdftex.def)             Requested size: 400.38872pt x 160.15457pt.
</tmp/pylatex-tmp.7x2ojghc/27708e07-fd00-4959-b9d5-f9ba2d002a9d.pdf, id=277, 14
45.4pt x 578.16pt>
File: /tmp/pylatex-tmp.7x2ojghc/27708e07-fd00-4959-b9d5-f9ba2d002a9d.pdf Graphi
c file (type pdf)
<use /tmp/pylatex-tmp.7x2ojghc/27708e07-fd00-4959-b9d5-f9ba2d002a9d.pdf>
Package pdftex.def Info: /tmp/pylatex-tmp.7x2ojghc/27708e07-fd00-4959-b9d5-f9ba
2d002a9d.pdf  used on input line 228.
(pdftex.def)             Requested size: 400.38872pt x 160.15457pt.

[10 </tmp/pylatex-tmp.7x2ojghc/9d28f3a6-6da5-438d-ac0e-d4718ab0d7e6.pdf> </tmp/
pylatex-tmp.7x2ojghc/27708e07-fd00-4959-b9d5-f9ba2d002a9d.pdf>]
</tmp/pylatex-tmp.7x2ojghc/02709106-c584-4999-be05-0ad4b09e3844.pdf, id=339, 14
45.4pt x 578.16pt>
File: /tmp/pylatex-tmp.7x2ojghc/02709106-c584-4999-be05-0ad4b09e3844.pdf Graphi
c file (type pdf)
<use /tmp/pylatex-tmp.7x2ojghc/02709106-c584-4999-be05-0ad4b09e3844.pdf>
Package pdftex.def Info: /tmp/pylatex-tmp.7x2ojghc/02709106-c584-4999-be05-0ad4
b09e3844.pdf  used on input line 239.
(pdftex.def)             Requested size: 400.38872pt x 160.15457pt.
</tmp/pylatex-tmp.7x2ojghc/688a54c4-a8b6-40b6-a791-34dd4adb9931.pdf, id=340, 14
45.4pt x 578.16pt>
File: /tmp/pylatex-tmp.7x2ojghc/688a54c4-a8b6-40b6-a791-34dd4adb9931.pdf Graphi
c file (type pdf)
<use /tmp/pylatex-tmp.7x2ojghc/688a54c4-a8b6-40b6-a791-34dd4adb9931.pdf>
Package pdftex.def Info: /tmp/pylatex-tmp.7x2ojghc/688a54c4-a8b6-40b6-a791-34dd
4adb9931.pdf  used on input line 247.
(pdftex.def)             Requested size: 400.38872pt x 160.15457pt.
 [11 </tmp/pylatex-tmp.7x2ojghc/02709106-c584-4999-be05-0ad4b09e3844.pdf> </tmp
/pylatex-tmp.7x2ojghc/688a54c4-a8b6-40b6-a791-34dd4adb9931.pdf>]
</tmp/pylatex-tmp.7x2ojghc/17c51d15-9366-452e-9975-244cf1077f54.pdf, id=405, 14
45.4pt x 578.16pt>
File: /tmp/pylatex-tmp.7x2ojghc/17c51d15-9366-452e-9975-244cf1077f54.pdf Graphi
c file (type pdf)
<use /tmp/pylatex-tmp.7x2ojghc/17c51d15-9366-452e-9975-244cf1077f54.pdf>
Package pdftex.def Info: /tmp/pylatex-tmp.7x2ojghc/17c51d15-9366-452e-9975-244c
f1077f54.pdf  used on input line 258.
(pdftex.def)             Requested size: 400.38872pt x 160.15457pt.
</tmp/pylatex-tmp.7x2ojghc/8866d313-73cd-4508-8da3-f583b08b5a6e.pdf, id=406, 14
45.4pt x 578.16pt>
File: /tmp/pylatex-tmp.7x2ojghc/8866d313-73cd-4508-8da3-f583b08b5a6e.pdf Graphi
c file (type pdf)
<use /tmp/pylatex-tmp.7x2ojghc/8866d313-73cd-4508-8da3-f583b08b5a6e.pdf>
Package pdftex.def Info: /tmp/pylatex-tmp.7x2ojghc/8866d313-73cd-4508-8da3-f583
b08b5a6e.pdf  used on input line 266.
(pdftex.def)             Requested size: 400.38872pt x 160.15457pt.
 [12 </tmp/pylatex-tmp.7x2ojghc/17c51d15-9366-452e-9975-244cf1077f54.pdf> </tmp
/pylatex-tmp.7x2ojghc/8866d313-73cd-4508-8da3-f583b08b5a6e.pdf>]
</tmp/pylatex-tmp.7x2ojghc/dcc5ff6e-900f-4e3b-a660-fb6656b4d280.pdf, id=456, 14
45.4pt x 578.16pt>
File: /tmp/pylatex-tmp.7x2ojghc/dcc5ff6e-900f-4e3b-a660-fb6656b4d280.pdf Graphi
c file (type pdf)
<use /tmp/pylatex-tmp.7x2ojghc/dcc5ff6e-900f-4e3b-a660-fb6656b4d280.pdf>
Package pdftex.def Info: /tmp/pylatex-tmp.7x2ojghc/dcc5ff6e-900f-4e3b-a660-fb66
56b4d280.pdf  used on input line 277.
(pdftex.def)             Requested size: 400.38872pt x 160.15457pt.
</tmp/pylatex-tmp.7x2ojghc/cdebf1fe-a0a8-4910-8cff-120856f31f79.pdf, id=457, 14
45.4pt x 578.16pt>
File: /tmp/pylatex-tmp.7x2ojghc/cdebf1fe-a0a8-4910-8cff-120856f31f79.pdf Graphi
c file (type pdf)
<use /tmp/pylatex-tmp.7x2ojghc/cdebf1fe-a0a8-4910-8cff-120856f31f79.pdf>
Package pdftex.def Info: /tmp/pylatex-tmp.7x2ojghc/cdebf1fe-a0a8-4910-8cff-1208
56f31f79.pdf  used on input line 285.
(pdftex.def)             Requested size: 400.38872pt x 160.15457pt.
 [13 </tmp/pylatex-tmp.7x2ojghc/dcc5ff6e-900f-4e3b-a660-fb6656b4d280.pdf> </tmp
/pylatex-tmp.7x2ojghc/cdebf1fe-a0a8-4910-8cff-120856f31f79.pdf>]
</tmp/pylatex-tmp.7x2ojghc/10b41831-f1ea-4323-b3f3-368d156e64f0.pdf, id=509, 14
45.4pt x 578.16pt>
File: /tmp/pylatex-tmp.7x2ojghc/10b41831-f1ea-4323-b3f3-368d156e64f0.pdf Graphi
c file (type pdf)
<use /tmp/pylatex-tmp.7x2ojghc/10b41831-f1ea-4323-b3f3-368d156e64f0.pdf>
Package pdftex.def Info: /tmp/pylatex-tmp.7x2ojghc/10b41831-f1ea-4323-b3f3-368d
156e64f0.pdf  used on input line 296.
(pdftex.def)             Requested size: 400.38872pt x 160.15457pt.
</tmp/pylatex-tmp.7x2ojghc/8aeaba20-3896-44fa-bd3b-68d428909a89.pdf, id=510, 14
45.4pt x 578.16pt>
File: /tmp/pylatex-tmp.7x2ojghc/8aeaba20-3896-44fa-bd3b-68d428909a89.pdf Graphi
c file (type pdf)
<use /tmp/pylatex-tmp.7x2ojghc/8aeaba20-3896-44fa-bd3b-68d428909a89.pdf>
Package pdftex.def Info: /tmp/pylatex-tmp.7x2ojghc/8aeaba20-3896-44fa-bd3b-68d4
28909a89.pdf  used on input line 304.
(pdftex.def)             Requested size: 400.38872pt x 160.15457pt.
 [14 </tmp/pylatex-tmp.7x2ojghc/10b41831-f1ea-4323-b3f3-368d156e64f0.pdf> </tmp
/pylatex-tmp.7x2ojghc/8aeaba20-3896-44fa-bd3b-68d428909a89.pdf>]
</tmp/pylatex-tmp.7x2ojghc/e7231b8f-e4e2-4fad-b355-4c710d294906.pdf, id=556, 14
45.4pt x 578.16pt>
File: /tmp/pylatex-tmp.7x2ojghc/e7231b8f-e4e2-4fad-b355-4c710d294906.pdf Graphi
c file (type pdf)
<use /tmp/pylatex-tmp.7x2ojghc/e7231b8f-e4e2-4fad-b355-4c710d294906.pdf>
Package pdftex.def Info: /tmp/pylatex-tmp.7x2ojghc/e7231b8f-e4e2-4fad-b355-4c71
0d294906.pdf  used on input line 315.
(pdftex.def)             Requested size: 400.38872pt x 160.15457pt.
</tmp/pylatex-tmp.7x2ojghc/bd475174-bb06-4799-a6ef-11920d7f65a6.pdf, id=557, 14
45.4pt x 578.16pt>
File: /tmp/pylatex-tmp.7x2ojghc/bd475174-bb06-4799-a6ef-11920d7f65a6.pdf Graphi
c file (type pdf)
<use /tmp/pylatex-tmp.7x2ojghc/bd475174-bb06-4799-a6ef-11920d7f65a6.pdf>
Package pdftex.def Info: /tmp/pylatex-tmp.7x2ojghc/bd475174-bb06-4799-a6ef-1192
0d7f65a6.pdf  used on input line 323.
(pdftex.def)             Requested size: 400.38872pt x 160.15457pt.


Package lastpage Warning: Rerun to get the references right on input line 327.


AED: lastpage setting LastPage
[15 </tmp/pylatex-tmp.7x2ojghc/e7231b8f-e4e2-4fad-b355-4c710d294906.pdf> </tmp/
pylatex-tmp.7x2ojghc/bd475174-bb06-4799-a6ef-11920d7f65a6.pdf>]
(./1654540.positions.aux)

LaTeX Warning: Label(s) may have changed. Rerun to get cross-references right.

 ) 
Here is how much of TeX's memory you used:
 2217 strings out of 483183
 38492 string characters out of 5966291
 261438 words of memory out of 5000000
 17197 multiletter control sequences out of 15000+600000
 572911 words of font info for 50 fonts, out of 8000000 for 9000
 14 hyphenation exceptions out of 8191
 30i,6n,25p,258b,217s stack positions out of 5000i,500n,10000p,200000b,80000s
{/usr/share/texmf/fonts/enc/dvips/lm/lm-ec.enc}</usr/share/texmf/fonts/type1/
public/lm/lmbx12.pfb></usr/share/texmf/fonts/type1/public/lm/lmr10.pfb></usr/sh
are/texmf/fonts/type1/public/lm/lmr12.pfb></usr/share/texmf/fonts/type1/public/
lm/lmr17.pfb>
Output written on 1654540.positions.pdf (15 pages, 253568 bytes).
PDF statistics:
 609 PDF objects out of 1000 (max. 8388607)
 148 compressed objects within 2 object streams
 0 named destinations out of 1000 (max. 500000)
 101 words of extra memory for PDF output out of 10000 (max. 10000000)

