This is pdfTeX, Version 3.14159265-2.6-1.40.20 (TeX Live 2019/Debian) (preloaded format=pdflatex 2022.11.27)  30 NOV 2022 21:02
entering extended mode
 restricted \write18 enabled.
 %&-line parsing enabled.
**/home/flask_app/trader_stats/uploads/1674667.history.tex
(/home/flask_app/trader_stats/uploads/1674667.history.tex
LaTeX2e <2020-02-02> patch level 2
L3 programming layer <2020-02-14>
(/usr/share/texlive/texmf-dist/tex/latex/base/article.cls
Document Class: article 2019/12/20 v1.4l Standard LaTeX document class
(/usr/share/texlive/texmf-dist/tex/latex/base/size10.clo
File: size10.clo 2019/12/20 v1.4l Standard LaTeX file (size option)
)
\c@part=\count167
\c@section=\count168
\c@subsection=\count169
\c@subsubsection=\count170
\c@paragraph=\count171
\c@subparagraph=\count172
\c@figure=\count173
\c@table=\count174
\abovecaptionskip=\skip47
\belowcaptionskip=\skip48
\bibindent=\dimen134
)
(/usr/share/texlive/texmf-dist/tex/latex/base/fontenc.sty
Package: fontenc 2020/02/11 v2.0o Standard LaTeX package
)
(/usr/share/texlive/texmf-dist/tex/latex/base/inputenc.sty
Package: inputenc 2018/08/11 v1.3c Input encoding file
\inpenc@prehook=\toks14
\inpenc@posthook=\toks15
)
(/usr/share/texmf/tex/latex/lm/lmodern.sty
Package: lmodern 2009/10/30 v1.6 Latin Modern Fonts
LaTeX Font Info:    Overwriting symbol font `operators' in version `normal'
(Font)                  OT1/cmr/m/n --> OT1/lmr/m/n on input line 22.
LaTeX Font Info:    Overwriting symbol font `letters' in version `normal'
(Font)                  OML/cmm/m/it --> OML/lmm/m/it on input line 23.
LaTeX Font Info:    Overwriting symbol font `symbols' in version `normal'
(Font)                  OMS/cmsy/m/n --> OMS/lmsy/m/n on input line 24.
LaTeX Font Info:    Overwriting symbol font `largesymbols' in version `normal'
(Font)                  OMX/cmex/m/n --> OMX/lmex/m/n on input line 25.
LaTeX Font Info:    Overwriting symbol font `operators' in version `bold'
(Font)                  OT1/cmr/bx/n --> OT1/lmr/bx/n on input line 26.
LaTeX Font Info:    Overwriting symbol font `letters' in version `bold'
(Font)                  OML/cmm/b/it --> OML/lmm/b/it on input line 27.
LaTeX Font Info:    Overwriting symbol font `symbols' in version `bold'
(Font)                  OMS/cmsy/b/n --> OMS/lmsy/b/n on input line 28.
LaTeX Font Info:    Overwriting symbol font `largesymbols' in version `bold'
(Font)                  OMX/cmex/m/n --> OMX/lmex/m/n on input line 29.
LaTeX Font Info:    Overwriting math alphabet `\mathbf' in version `normal'
(Font)                  OT1/cmr/bx/n --> OT1/lmr/bx/n on input line 31.
LaTeX Font Info:    Overwriting math alphabet `\mathsf' in version `normal'
(Font)                  OT1/cmss/m/n --> OT1/lmss/m/n on input line 32.
LaTeX Font Info:    Overwriting math alphabet `\mathit' in version `normal'
(Font)                  OT1/cmr/m/it --> OT1/lmr/m/it on input line 33.
LaTeX Font Info:    Overwriting math alphabet `\mathtt' in version `normal'
(Font)                  OT1/cmtt/m/n --> OT1/lmtt/m/n on input line 34.
LaTeX Font Info:    Overwriting math alphabet `\mathbf' in version `bold'
(Font)                  OT1/cmr/bx/n --> OT1/lmr/bx/n on input line 35.
LaTeX Font Info:    Overwriting math alphabet `\mathsf' in version `bold'
(Font)                  OT1/cmss/bx/n --> OT1/lmss/bx/n on input line 36.
LaTeX Font Info:    Overwriting math alphabet `\mathit' in version `bold'
(Font)                  OT1/cmr/bx/it --> OT1/lmr/bx/it on input line 37.
LaTeX Font Info:    Overwriting math alphabet `\mathtt' in version `bold'
(Font)                  OT1/cmtt/m/n --> OT1/lmtt/m/n on input line 38.
)
(/usr/share/texlive/texmf-dist/tex/latex/base/textcomp.sty
Package: textcomp 2020/02/02 v2.0n Standard LaTeX package
)
(/usr/share/texlive/texmf-dist/tex/latex/lastpage/lastpage.sty
Package: lastpage 2015/03/29 v1.2m Refers to last page's name (HMM; JPG)
)
(/usr/share/texlive/texmf-dist/tex/latex/geometry/geometry.sty
Package: geometry 2020/01/02 v5.9 Page Geometry

(/usr/share/texlive/texmf-dist/tex/latex/graphics/keyval.sty
Package: keyval 2014/10/28 v1.15 key=value parser (DPC)
\KV@toks@=\toks16
)
(/usr/share/texlive/texmf-dist/tex/generic/iftex/ifvtex.sty
Package: ifvtex 2019/10/25 v1.7 ifvtex legacy package. Use iftex instead.

(/usr/share/texlive/texmf-dist/tex/generic/iftex/iftex.sty
Package: iftex 2019/11/07 v1.0c TeX engine tests
))
\Gm@cnth=\count175
\Gm@cntv=\count176
\c@Gm@tempcnt=\count177
\Gm@bindingoffset=\dimen135
\Gm@wd@mp=\dimen136
\Gm@odd@mp=\dimen137
\Gm@even@mp=\dimen138
\Gm@layoutwidth=\dimen139
\Gm@layoutheight=\dimen140
\Gm@layouthoffset=\dimen141
\Gm@layoutvoffset=\dimen142
\Gm@dimlist=\toks17
)
(/usr/share/texlive/texmf-dist/tex/latex/graphics/graphicx.sty
Package: graphicx 2019/11/30 v1.2a Enhanced LaTeX Graphics (DPC,SPQR)

(/usr/share/texlive/texmf-dist/tex/latex/graphics/graphics.sty
Package: graphics 2019/11/30 v1.4a Standard LaTeX Graphics (DPC,SPQR)

(/usr/share/texlive/texmf-dist/tex/latex/graphics/trig.sty
Package: trig 2016/01/03 v1.10 sin cos tan (DPC)
)
(/usr/share/texlive/texmf-dist/tex/latex/graphics-cfg/graphics.cfg
File: graphics.cfg 2016/06/04 v1.11 sample graphics configuration
)
Package graphics Info: Driver file: pdftex.def on input line 105.

(/usr/share/texlive/texmf-dist/tex/latex/graphics-def/pdftex.def
File: pdftex.def 2018/01/08 v1.0l Graphics/color driver for pdftex
))
\Gin@req@height=\dimen143
\Gin@req@width=\dimen144
)
(/usr/share/texlive/texmf-dist/tex/latex/l3backend/l3backend-pdfmode.def
File: l3backend-pdfmode.def 2020-02-03 L3 backend support: PDF mode
\l__kernel_color_stack_int=\count178
\l__pdf_internal_box=\box45
)
(./1674667.history.aux

LaTeX Warning: Label `subsec:Minimumprofit' multiply defined.


LaTeX Warning: Label `subsec:Meanprofit' multiply defined.


LaTeX Warning: Label `subsec:Minimumprofit' multiply defined.


LaTeX Warning: Label `subsec:Meanprofit' multiply defined.

)
\openout1 = `1674667.history.aux'.

LaTeX Font Info:    Checking defaults for OML/cmm/m/it on input line 15.
LaTeX Font Info:    ... okay on input line 15.
LaTeX Font Info:    Checking defaults for OMS/cmsy/m/n on input line 15.
LaTeX Font Info:    ... okay on input line 15.
LaTeX Font Info:    Checking defaults for OT1/cmr/m/n on input line 15.
LaTeX Font Info:    ... okay on input line 15.
LaTeX Font Info:    Checking defaults for T1/cmr/m/n on input line 15.
LaTeX Font Info:    ... okay on input line 15.
LaTeX Font Info:    Checking defaults for TS1/cmr/m/n on input line 15.
LaTeX Font Info:    ... okay on input line 15.
LaTeX Font Info:    Checking defaults for OMX/cmex/m/n on input line 15.
LaTeX Font Info:    ... okay on input line 15.
LaTeX Font Info:    Checking defaults for U/cmr/m/n on input line 15.
LaTeX Font Info:    ... okay on input line 15.
LaTeX Font Info:    Trying to load font information for T1+lmr on input line 15
.
 (/usr/share/texmf/tex/latex/lm/t1lmr.fd
File: t1lmr.fd 2009/10/30 v1.6 Font defs for Latin Modern
)
Package lastpage Info: Please have a look at the pageslts package at
(lastpage)             https://www.ctan.org/pkg/pageslts
(lastpage)             ! on input line 15.

*geometry* driver: auto-detecting
*geometry* detected driver: pdftex
*geometry* verbose mode - [ preamble ] result:
* driver: pdftex
* paper: <default>
* layout: <same size as paper>
* layoutoffset:(h,v)=(0.0pt,0.0pt)
* modes: 
* h-part:(L,W,R)=(56.9055pt, 500.484pt, 56.9055pt)
* v-part:(T,H,B)=(95.39737pt, 556.47656pt, 143.09605pt)
* \paperwidth=614.295pt
* \paperheight=794.96999pt
* \textwidth=500.484pt
* \textheight=556.47656pt
* \oddsidemargin=-15.36449pt
* \evensidemargin=-15.36449pt
* \topmargin=-13.87262pt
* \headheight=12.0pt
* \headsep=25.0pt
* \topskip=10.0pt
* \footskip=30.0pt
* \marginparwidth=65.0pt
* \marginparsep=11.0pt
* \columnsep=10.0pt
* \skip\footins=9.0pt plus 4.0pt minus 2.0pt
* \hoffset=0.0pt
* \voffset=0.0pt
* \mag=1000
* \@twocolumnfalse
* \@twosidefalse
* \@mparswitchfalse
* \@reversemarginfalse
* (1in=72.27pt=25.4mm, 1cm=28.453pt)

(/usr/share/texlive/texmf-dist/tex/context/base/mkii/supp-pdf.mkii
[Loading MPS to PDF converter (version 2006.09.02).]
\scratchcounter=\count179
\scratchdimen=\dimen145
\scratchbox=\box46
\nofMPsegments=\count180
\nofMParguments=\count181
\everyMPshowfont=\toks18
\MPscratchCnt=\count182
\MPscratchDim=\dimen146
\MPnumerator=\count183
\makeMPintoPDFobject=\count184
\everyMPtoPDFconversion=\toks19
) (/usr/share/texlive/texmf-dist/tex/latex/epstopdf-pkg/epstopdf-base.sty
Package: epstopdf-base 2020-01-24 v2.11 Base part for package epstopdf
Package epstopdf-base Info: Redefining graphics rule for `.eps' on input line 4
85.

(/usr/share/texlive/texmf-dist/tex/latex/latexconfig/epstopdf-sys.cfg
File: epstopdf-sys.cfg 2010/07/13 v1.3 Configuration of (r)epstopdf for TeX Liv
e
))
LaTeX Font Info:    Trying to load font information for OT1+lmr on input line 1
7.

(/usr/share/texmf/tex/latex/lm/ot1lmr.fd
File: ot1lmr.fd 2009/10/30 v1.6 Font defs for Latin Modern
)
LaTeX Font Info:    Trying to load font information for OML+lmm on input line 1
7.

(/usr/share/texmf/tex/latex/lm/omllmm.fd
File: omllmm.fd 2009/10/30 v1.6 Font defs for Latin Modern
)
LaTeX Font Info:    Trying to load font information for OMS+lmsy on input line 
17.

(/usr/share/texmf/tex/latex/lm/omslmsy.fd
File: omslmsy.fd 2009/10/30 v1.6 Font defs for Latin Modern
)
LaTeX Font Info:    Trying to load font information for OMX+lmex on input line 
17.

(/usr/share/texmf/tex/latex/lm/omxlmex.fd
File: omxlmex.fd 2009/10/30 v1.6 Font defs for Latin Modern
)
LaTeX Font Info:    External font `lmex10' loaded for size
(Font)              <12> on input line 17.
LaTeX Font Info:    External font `lmex10' loaded for size
(Font)              <8> on input line 17.
LaTeX Font Info:    External font `lmex10' loaded for size
(Font)              <6> on input line 17.
</tmp/pylatex-tmp.7x2ojghc/44e9dd82-8210-49e3-86c8-fd9d0306f69b.pdf, id=1, 1445
.4pt x 578.16pt>
File: /tmp/pylatex-tmp.7x2ojghc/44e9dd82-8210-49e3-86c8-fd9d0306f69b.pdf Graphi
c file (type pdf)
<use /tmp/pylatex-tmp.7x2ojghc/44e9dd82-8210-49e3-86c8-fd9d0306f69b.pdf>
Package pdftex.def Info: /tmp/pylatex-tmp.7x2ojghc/44e9dd82-8210-49e3-86c8-fd9d
0306f69b.pdf  used on input line 24.
(pdftex.def)             Requested size: 400.38872pt x 160.15457pt.
</tmp/pylatex-tmp.7x2ojghc/bc73bb27-e4c4-4812-9f7e-806d9cb376bb.pdf, id=2, 1445
.4pt x 578.16pt>
File: /tmp/pylatex-tmp.7x2ojghc/bc73bb27-e4c4-4812-9f7e-806d9cb376bb.pdf Graphi
c file (type pdf)
<use /tmp/pylatex-tmp.7x2ojghc/bc73bb27-e4c4-4812-9f7e-806d9cb376bb.pdf>
Package pdftex.def Info: /tmp/pylatex-tmp.7x2ojghc/bc73bb27-e4c4-4812-9f7e-806d
9cb376bb.pdf  used on input line 32.
(pdftex.def)             Requested size: 400.38872pt x 160.15457pt.
LaTeX Font Info:    External font `lmex10' loaded for size
(Font)              <10> on input line 40.
LaTeX Font Info:    External font `lmex10' loaded for size
(Font)              <7> on input line 40.
LaTeX Font Info:    External font `lmex10' loaded for size
(Font)              <5> on input line 40.

! Undefined control sequence.
l.41 \toprule
             
The control sequence at the end of the top line
of your error message was never \def'ed. If you have
misspelled it (e.g., `\hobx'), type `I' and the correct
spelling (e.g., `I\hbox'). Otherwise just continue,
and I'll forget about whatever was undefined.

! Undefined control sequence.
<recently read> \midrule 
                         
l.44 \midrule
             
The control sequence at the end of the top line
of your error message was never \def'ed. If you have
misspelled it (e.g., `\hobx'), type `I' and the correct
spelling (e.g., `I\hbox'). Otherwise just continue,
and I'll forget about whatever was undefined.

! Undefined control sequence.
<recently read> \bottomrule 
                            
l.49 \bottomrule
                
The control sequence at the end of the top line
of your error message was never \def'ed. If you have
misspelled it (e.g., `\hobx'), type `I' and the correct
spelling (e.g., `I\hbox'). Otherwise just continue,
and I'll forget about whatever was undefined.

</tmp/pylatex-tmp.7x2ojghc/48feb5df-fd83-4c57-bf0e-82e3de63f003.pdf, id=3, 1445
.4pt x 1084.05pt>
File: /tmp/pylatex-tmp.7x2ojghc/48feb5df-fd83-4c57-bf0e-82e3de63f003.pdf Graphi
c file (type pdf)
<use /tmp/pylatex-tmp.7x2ojghc/48feb5df-fd83-4c57-bf0e-82e3de63f003.pdf>
Package pdftex.def Info: /tmp/pylatex-tmp.7x2ojghc/48feb5df-fd83-4c57-bf0e-82e3
de63f003.pdf  used on input line 56.
(pdftex.def)             Requested size: 400.38872pt x 300.28984pt.
[1

{/var/lib/texmf/fonts/map/pdftex/updmap/pdftex.map} </tmp/pylatex-tmp.7x2ojghc/
44e9dd82-8210-49e3-86c8-fd9d0306f69b.pdf> </tmp/pylatex-tmp.7x2ojghc/bc73bb27-e
4c4-4812-9f7e-806d9cb376bb.pdf>] [2 </tmp/pylatex-tmp.7x2ojghc/48feb5df-fd83-4c
57-bf0e-82e3de63f003.pdf>]
! Undefined control sequence.
l.64 \toprule
             
The control sequence at the end of the top line
of your error message was never \def'ed. If you have
misspelled it (e.g., `\hobx'), type `I' and the correct
spelling (e.g., `I\hbox'). Otherwise just continue,
and I'll forget about whatever was undefined.

! Undefined control sequence.
<recently read> \midrule 
                         
l.67 \midrule
             
The control sequence at the end of the top line
of your error message was never \def'ed. If you have
misspelled it (e.g., `\hobx'), type `I' and the correct
spelling (e.g., `I\hbox'). Otherwise just continue,
and I'll forget about whatever was undefined.

! Undefined control sequence.
<recently read> \bottomrule 
                            
l.72 \bottomrule
                
The control sequence at the end of the top line
of your error message was never \def'ed. If you have
misspelled it (e.g., `\hobx'), type `I' and the correct
spelling (e.g., `I\hbox'). Otherwise just continue,
and I'll forget about whatever was undefined.

</tmp/pylatex-tmp.7x2ojghc/8461391c-e859-4377-bc08-cbdda89936fc.pdf, id=96, 144
5.4pt x 1084.05pt>
File: /tmp/pylatex-tmp.7x2ojghc/8461391c-e859-4377-bc08-cbdda89936fc.pdf Graphi
c file (type pdf)
<use /tmp/pylatex-tmp.7x2ojghc/8461391c-e859-4377-bc08-cbdda89936fc.pdf>
Package pdftex.def Info: /tmp/pylatex-tmp.7x2ojghc/8461391c-e859-4377-bc08-cbdd
a89936fc.pdf  used on input line 79.
(pdftex.def)             Requested size: 400.38872pt x 300.28984pt.
[3 </tmp/pylatex-tmp.7x2ojghc/8461391c-e859-4377-bc08-cbdda89936fc.pdf>]
! Undefined control sequence.
l.89 \toprule
             
The control sequence at the end of the top line
of your error message was never \def'ed. If you have
misspelled it (e.g., `\hobx'), type `I' and the correct
spelling (e.g., `I\hbox'). Otherwise just continue,
and I'll forget about whatever was undefined.

! Undefined control sequence.
<recently read> \midrule 
                         
l.92 \midrule
             
The control sequence at the end of the top line
of your error message was never \def'ed. If you have
misspelled it (e.g., `\hobx'), type `I' and the correct
spelling (e.g., `I\hbox'). Otherwise just continue,
and I'll forget about whatever was undefined.

! Undefined control sequence.
<recently read> \bottomrule 
                            
l.98 \bottomrule
                
The control sequence at the end of the top line
of your error message was never \def'ed. If you have
misspelled it (e.g., `\hobx'), type `I' and the correct
spelling (e.g., `I\hbox'). Otherwise just continue,
and I'll forget about whatever was undefined.

</tmp/pylatex-tmp.7x2ojghc/f7b9751e-21ad-4256-a06c-bce087ff99cc.pdf, id=137, 14
45.4pt x 1084.05pt>
File: /tmp/pylatex-tmp.7x2ojghc/f7b9751e-21ad-4256-a06c-bce087ff99cc.pdf Graphi
c file (type pdf)
<use /tmp/pylatex-tmp.7x2ojghc/f7b9751e-21ad-4256-a06c-bce087ff99cc.pdf>
Package pdftex.def Info: /tmp/pylatex-tmp.7x2ojghc/f7b9751e-21ad-4256-a06c-bce0
87ff99cc.pdf  used on input line 105.
(pdftex.def)             Requested size: 400.38872pt x 300.28984pt.
[4 </tmp/pylatex-tmp.7x2ojghc/f7b9751e-21ad-4256-a06c-bce087ff99cc.pdf>]
! Undefined control sequence.
l.113 \toprule
              
The control sequence at the end of the top line
of your error message was never \def'ed. If you have
misspelled it (e.g., `\hobx'), type `I' and the correct
spelling (e.g., `I\hbox'). Otherwise just continue,
and I'll forget about whatever was undefined.

! Undefined control sequence.
<recently read> \midrule 
                         
l.116 \midrule
              
The control sequence at the end of the top line
of your error message was never \def'ed. If you have
misspelled it (e.g., `\hobx'), type `I' and the correct
spelling (e.g., `I\hbox'). Otherwise just continue,
and I'll forget about whatever was undefined.

! Undefined control sequence.
<recently read> \bottomrule 
                            
l.122 \bottomrule
                 
The control sequence at the end of the top line
of your error message was never \def'ed. If you have
misspelled it (e.g., `\hobx'), type `I' and the correct
spelling (e.g., `I\hbox'). Otherwise just continue,
and I'll forget about whatever was undefined.

</tmp/pylatex-tmp.7x2ojghc/76a451ab-592d-47b7-af1e-a5eeb71c358b.pdf, id=174, 14
45.4pt x 1084.05pt>
File: /tmp/pylatex-tmp.7x2ojghc/76a451ab-592d-47b7-af1e-a5eeb71c358b.pdf Graphi
c file (type pdf)
<use /tmp/pylatex-tmp.7x2ojghc/76a451ab-592d-47b7-af1e-a5eeb71c358b.pdf>
Package pdftex.def Info: /tmp/pylatex-tmp.7x2ojghc/76a451ab-592d-47b7-af1e-a5ee
b71c358b.pdf  used on input line 129.
(pdftex.def)             Requested size: 400.38872pt x 300.28984pt.
[5 </tmp/pylatex-tmp.7x2ojghc/76a451ab-592d-47b7-af1e-a5eeb71c358b.pdf>]
! Undefined control sequence.
l.139 \toprule
              
The control sequence at the end of the top line
of your error message was never \def'ed. If you have
misspelled it (e.g., `\hobx'), type `I' and the correct
spelling (e.g., `I\hbox'). Otherwise just continue,
and I'll forget about whatever was undefined.

! Undefined control sequence.
<recently read> \midrule 
                         
l.142 \midrule
              
The control sequence at the end of the top line
of your error message was never \def'ed. If you have
misspelled it (e.g., `\hobx'), type `I' and the correct
spelling (e.g., `I\hbox'). Otherwise just continue,
and I'll forget about whatever was undefined.

! Undefined control sequence.
<recently read> \bottomrule 
                            
l.163 \bottomrule
                 
The control sequence at the end of the top line
of your error message was never \def'ed. If you have
misspelled it (e.g., `\hobx'), type `I' and the correct
spelling (e.g., `I\hbox'). Otherwise just continue,
and I'll forget about whatever was undefined.

</tmp/pylatex-tmp.7x2ojghc/1feb0088-97e3-49c0-8b48-5bfd79bb3396.pdf, id=210, 14
45.4pt x 1084.05pt>
File: /tmp/pylatex-tmp.7x2ojghc/1feb0088-97e3-49c0-8b48-5bfd79bb3396.pdf Graphi
c file (type pdf)
<use /tmp/pylatex-tmp.7x2ojghc/1feb0088-97e3-49c0-8b48-5bfd79bb3396.pdf>
Package pdftex.def Info: /tmp/pylatex-tmp.7x2ojghc/1feb0088-97e3-49c0-8b48-5bfd
79bb3396.pdf  used on input line 170.
(pdftex.def)             Requested size: 400.38872pt x 300.28984pt.
[6] [7 </tmp/pylatex-tmp.7x2ojghc/1feb0088-97e3-49c0-8b48-5bfd79bb3396.pdf>]
! Undefined control sequence.
l.178 \toprule
              
The control sequence at the end of the top line
of your error message was never \def'ed. If you have
misspelled it (e.g., `\hobx'), type `I' and the correct
spelling (e.g., `I\hbox'). Otherwise just continue,
and I'll forget about whatever was undefined.

! Undefined control sequence.
<recently read> \midrule 
                         
l.181 \midrule
              
The control sequence at the end of the top line
of your error message was never \def'ed. If you have
misspelled it (e.g., `\hobx'), type `I' and the correct
spelling (e.g., `I\hbox'). Otherwise just continue,
and I'll forget about whatever was undefined.

! Undefined control sequence.
<recently read> \bottomrule 
                            
l.202 \bottomrule
                 
The control sequence at the end of the top line
of your error message was never \def'ed. If you have
misspelled it (e.g., `\hobx'), type `I' and the correct
spelling (e.g., `I\hbox'). Otherwise just continue,
and I'll forget about whatever was undefined.

</tmp/pylatex-tmp.7x2ojghc/626ffc6c-59df-4d5f-9c49-57c990497a9e.pdf, id=247, 14
45.4pt x 1084.05pt>
File: /tmp/pylatex-tmp.7x2ojghc/626ffc6c-59df-4d5f-9c49-57c990497a9e.pdf Graphi
c file (type pdf)
<use /tmp/pylatex-tmp.7x2ojghc/626ffc6c-59df-4d5f-9c49-57c990497a9e.pdf>
Package pdftex.def Info: /tmp/pylatex-tmp.7x2ojghc/626ffc6c-59df-4d5f-9c49-57c9
90497a9e.pdf  used on input line 209.
(pdftex.def)             Requested size: 400.38872pt x 300.28984pt.
[8] [9 </tmp/pylatex-tmp.7x2ojghc/626ffc6c-59df-4d5f-9c49-57c990497a9e.pdf>]
</tmp/pylatex-tmp.7x2ojghc/a39827c9-7433-4db2-b99c-cd6a58ab93c6.pdf, id=283, 14
45.4pt x 578.16pt>
File: /tmp/pylatex-tmp.7x2ojghc/a39827c9-7433-4db2-b99c-cd6a58ab93c6.pdf Graphi
c file (type pdf)
<use /tmp/pylatex-tmp.7x2ojghc/a39827c9-7433-4db2-b99c-cd6a58ab93c6.pdf>
Package pdftex.def Info: /tmp/pylatex-tmp.7x2ojghc/a39827c9-7433-4db2-b99c-cd6a
58ab93c6.pdf  used on input line 222.
(pdftex.def)             Requested size: 400.38872pt x 160.15457pt.
</tmp/pylatex-tmp.7x2ojghc/ea4b7dac-8df2-47e7-aa99-041d874d12ac.pdf, id=284, 14
45.4pt x 578.16pt>
File: /tmp/pylatex-tmp.7x2ojghc/ea4b7dac-8df2-47e7-aa99-041d874d12ac.pdf Graphi
c file (type pdf)
<use /tmp/pylatex-tmp.7x2ojghc/ea4b7dac-8df2-47e7-aa99-041d874d12ac.pdf>
Package pdftex.def Info: /tmp/pylatex-tmp.7x2ojghc/ea4b7dac-8df2-47e7-aa99-041d
874d12ac.pdf  used on input line 230.
(pdftex.def)             Requested size: 400.38872pt x 160.15457pt.

[10 </tmp/pylatex-tmp.7x2ojghc/a39827c9-7433-4db2-b99c-cd6a58ab93c6.pdf> </tmp/
pylatex-tmp.7x2ojghc/ea4b7dac-8df2-47e7-aa99-041d874d12ac.pdf>]
</tmp/pylatex-tmp.7x2ojghc/909fdbc5-01f5-4e16-be9f-1b606364fe54.pdf, id=348, 14
45.4pt x 578.16pt>
File: /tmp/pylatex-tmp.7x2ojghc/909fdbc5-01f5-4e16-be9f-1b606364fe54.pdf Graphi
c file (type pdf)
<use /tmp/pylatex-tmp.7x2ojghc/909fdbc5-01f5-4e16-be9f-1b606364fe54.pdf>
Package pdftex.def Info: /tmp/pylatex-tmp.7x2ojghc/909fdbc5-01f5-4e16-be9f-1b60
6364fe54.pdf  used on input line 241.
(pdftex.def)             Requested size: 400.38872pt x 160.15457pt.
</tmp/pylatex-tmp.7x2ojghc/ca104beb-51dd-4577-9fbc-2d7f46cd3743.pdf, id=349, 14
45.4pt x 578.16pt>
File: /tmp/pylatex-tmp.7x2ojghc/ca104beb-51dd-4577-9fbc-2d7f46cd3743.pdf Graphi
c file (type pdf)
<use /tmp/pylatex-tmp.7x2ojghc/ca104beb-51dd-4577-9fbc-2d7f46cd3743.pdf>
Package pdftex.def Info: /tmp/pylatex-tmp.7x2ojghc/ca104beb-51dd-4577-9fbc-2d7f
46cd3743.pdf  used on input line 249.
(pdftex.def)             Requested size: 400.38872pt x 160.15457pt.
 [11 </tmp/pylatex-tmp.7x2ojghc/909fdbc5-01f5-4e16-be9f-1b606364fe54.pdf> </tmp
/pylatex-tmp.7x2ojghc/ca104beb-51dd-4577-9fbc-2d7f46cd3743.pdf>]
</tmp/pylatex-tmp.7x2ojghc/892dcda6-00fb-4bbd-ab93-a6fee77cd582.pdf, id=399, 14
45.4pt x 578.16pt>
File: /tmp/pylatex-tmp.7x2ojghc/892dcda6-00fb-4bbd-ab93-a6fee77cd582.pdf Graphi
c file (type pdf)
<use /tmp/pylatex-tmp.7x2ojghc/892dcda6-00fb-4bbd-ab93-a6fee77cd582.pdf>
Package pdftex.def Info: /tmp/pylatex-tmp.7x2ojghc/892dcda6-00fb-4bbd-ab93-a6fe
e77cd582.pdf  used on input line 260.
(pdftex.def)             Requested size: 400.38872pt x 160.15457pt.
</tmp/pylatex-tmp.7x2ojghc/598fdb44-8967-4c0a-b1e4-ee47e843e300.pdf, id=400, 14
45.4pt x 578.16pt>
File: /tmp/pylatex-tmp.7x2ojghc/598fdb44-8967-4c0a-b1e4-ee47e843e300.pdf Graphi
c file (type pdf)
<use /tmp/pylatex-tmp.7x2ojghc/598fdb44-8967-4c0a-b1e4-ee47e843e300.pdf>
Package pdftex.def Info: /tmp/pylatex-tmp.7x2ojghc/598fdb44-8967-4c0a-b1e4-ee47
e843e300.pdf  used on input line 268.
(pdftex.def)             Requested size: 400.38872pt x 160.15457pt.
 [12 </tmp/pylatex-tmp.7x2ojghc/892dcda6-00fb-4bbd-ab93-a6fee77cd582.pdf> </tmp
/pylatex-tmp.7x2ojghc/598fdb44-8967-4c0a-b1e4-ee47e843e300.pdf>]
</tmp/pylatex-tmp.7x2ojghc/38f9e415-e74a-482f-a434-eecbcb4276c9.pdf, id=465, 14
45.4pt x 578.16pt>
File: /tmp/pylatex-tmp.7x2ojghc/38f9e415-e74a-482f-a434-eecbcb4276c9.pdf Graphi
c file (type pdf)
<use /tmp/pylatex-tmp.7x2ojghc/38f9e415-e74a-482f-a434-eecbcb4276c9.pdf>
Package pdftex.def Info: /tmp/pylatex-tmp.7x2ojghc/38f9e415-e74a-482f-a434-eecb
cb4276c9.pdf  used on input line 279.
(pdftex.def)             Requested size: 400.38872pt x 160.15457pt.
</tmp/pylatex-tmp.7x2ojghc/5c117242-eb24-4076-add0-0402d565b77d.pdf, id=466, 14
45.4pt x 578.16pt>
File: /tmp/pylatex-tmp.7x2ojghc/5c117242-eb24-4076-add0-0402d565b77d.pdf Graphi
c file (type pdf)
<use /tmp/pylatex-tmp.7x2ojghc/5c117242-eb24-4076-add0-0402d565b77d.pdf>
Package pdftex.def Info: /tmp/pylatex-tmp.7x2ojghc/5c117242-eb24-4076-add0-0402
d565b77d.pdf  used on input line 287.
(pdftex.def)             Requested size: 400.38872pt x 160.15457pt.
 [13 </tmp/pylatex-tmp.7x2ojghc/38f9e415-e74a-482f-a434-eecbcb4276c9.pdf> </tmp
/pylatex-tmp.7x2ojghc/5c117242-eb24-4076-add0-0402d565b77d.pdf>]
</tmp/pylatex-tmp.7x2ojghc/892b2175-13f0-4e90-9576-e84600082446.pdf, id=518, 14
45.4pt x 578.16pt>
File: /tmp/pylatex-tmp.7x2ojghc/892b2175-13f0-4e90-9576-e84600082446.pdf Graphi
c file (type pdf)
<use /tmp/pylatex-tmp.7x2ojghc/892b2175-13f0-4e90-9576-e84600082446.pdf>
Package pdftex.def Info: /tmp/pylatex-tmp.7x2ojghc/892b2175-13f0-4e90-9576-e846
00082446.pdf  used on input line 298.
(pdftex.def)             Requested size: 400.38872pt x 160.15457pt.
</tmp/pylatex-tmp.7x2ojghc/7153eee0-a4ee-496f-9e36-0bb0539685bc.pdf, id=519, 14
45.4pt x 578.16pt>
File: /tmp/pylatex-tmp.7x2ojghc/7153eee0-a4ee-496f-9e36-0bb0539685bc.pdf Graphi
c file (type pdf)
<use /tmp/pylatex-tmp.7x2ojghc/7153eee0-a4ee-496f-9e36-0bb0539685bc.pdf>
Package pdftex.def Info: /tmp/pylatex-tmp.7x2ojghc/7153eee0-a4ee-496f-9e36-0bb0
539685bc.pdf  used on input line 306.
(pdftex.def)             Requested size: 400.38872pt x 160.15457pt.
 
AED: lastpage setting LastPage
[14 </tmp/pylatex-tmp.7x2ojghc/892b2175-13f0-4e90-9576-e84600082446.pdf> </tmp/
pylatex-tmp.7x2ojghc/7153eee0-a4ee-496f-9e36-0bb0539685bc.pdf>]
(./1674667.history.aux)

LaTeX Warning: There were multiply-defined labels.

 ) 
Here is how much of TeX's memory you used:
 2206 strings out of 483183
 37667 string characters out of 5966291
 262601 words of memory out of 5000000
 17186 multiletter control sequences out of 15000+600000
 572911 words of font info for 50 fonts, out of 8000000 for 9000
 14 hyphenation exceptions out of 8191
 30i,6n,25p,256b,217s stack positions out of 5000i,500n,10000p,200000b,80000s
{/usr/share/texmf/fonts/enc/dvips/lm/lm-ec.enc}</usr/share/texmf/fonts/type1/
public/lm/lmbx12.pfb></usr/share/texmf/fonts/type1/public/lm/lmr10.pfb></usr/sh
are/texmf/fonts/type1/public/lm/lmr12.pfb></usr/share/texmf/fonts/type1/public/
lm/lmr17.pfb>
Output written on 1674667.history.pdf (14 pages, 269107 bytes).
PDF statistics:
 570 PDF objects out of 1000 (max. 8388607)
 136 compressed objects within 2 object streams
 0 named destinations out of 1000 (max. 500000)
 91 words of extra memory for PDF output out of 10000 (max. 10000000)

