This is pdfTeX, Version 3.14159265-2.6-1.40.20 (TeX Live 2019/Debian) (preloaded format=pdflatex 2022.11.27)  29 NOV 2022 19:51
entering extended mode
 restricted \write18 enabled.
 %&-line parsing enabled.
**/home/flask_app/trader_stats/uploads/1754823.positions.tex
(/home/flask_app/trader_stats/uploads/1754823.positions.tex
LaTeX2e <2020-02-02> patch level 2
L3 programming layer <2020-02-14>
(/usr/share/texlive/texmf-dist/tex/latex/base/article.cls
Document Class: article 2019/12/20 v1.4l Standard LaTeX document class
(/usr/share/texlive/texmf-dist/tex/latex/base/size10.clo
File: size10.clo 2019/12/20 v1.4l Standard LaTeX file (size option)
)
\c@part=\count167
\c@section=\count168
\c@subsection=\count169
\c@subsubsection=\count170
\c@paragraph=\count171
\c@subparagraph=\count172
\c@figure=\count173
\c@table=\count174
\abovecaptionskip=\skip47
\belowcaptionskip=\skip48
\bibindent=\dimen134
)
(/usr/share/texlive/texmf-dist/tex/latex/base/fontenc.sty
Package: fontenc 2020/02/11 v2.0o Standard LaTeX package
)
(/usr/share/texlive/texmf-dist/tex/latex/base/inputenc.sty
Package: inputenc 2018/08/11 v1.3c Input encoding file
\inpenc@prehook=\toks14
\inpenc@posthook=\toks15
)
(/usr/share/texmf/tex/latex/lm/lmodern.sty
Package: lmodern 2009/10/30 v1.6 Latin Modern Fonts
LaTeX Font Info:    Overwriting symbol font `operators' in version `normal'
(Font)                  OT1/cmr/m/n --> OT1/lmr/m/n on input line 22.
LaTeX Font Info:    Overwriting symbol font `letters' in version `normal'
(Font)                  OML/cmm/m/it --> OML/lmm/m/it on input line 23.
LaTeX Font Info:    Overwriting symbol font `symbols' in version `normal'
(Font)                  OMS/cmsy/m/n --> OMS/lmsy/m/n on input line 24.
LaTeX Font Info:    Overwriting symbol font `largesymbols' in version `normal'
(Font)                  OMX/cmex/m/n --> OMX/lmex/m/n on input line 25.
LaTeX Font Info:    Overwriting symbol font `operators' in version `bold'
(Font)                  OT1/cmr/bx/n --> OT1/lmr/bx/n on input line 26.
LaTeX Font Info:    Overwriting symbol font `letters' in version `bold'
(Font)                  OML/cmm/b/it --> OML/lmm/b/it on input line 27.
LaTeX Font Info:    Overwriting symbol font `symbols' in version `bold'
(Font)                  OMS/cmsy/b/n --> OMS/lmsy/b/n on input line 28.
LaTeX Font Info:    Overwriting symbol font `largesymbols' in version `bold'
(Font)                  OMX/cmex/m/n --> OMX/lmex/m/n on input line 29.
LaTeX Font Info:    Overwriting math alphabet `\mathbf' in version `normal'
(Font)                  OT1/cmr/bx/n --> OT1/lmr/bx/n on input line 31.
LaTeX Font Info:    Overwriting math alphabet `\mathsf' in version `normal'
(Font)                  OT1/cmss/m/n --> OT1/lmss/m/n on input line 32.
LaTeX Font Info:    Overwriting math alphabet `\mathit' in version `normal'
(Font)                  OT1/cmr/m/it --> OT1/lmr/m/it on input line 33.
LaTeX Font Info:    Overwriting math alphabet `\mathtt' in version `normal'
(Font)                  OT1/cmtt/m/n --> OT1/lmtt/m/n on input line 34.
LaTeX Font Info:    Overwriting math alphabet `\mathbf' in version `bold'
(Font)                  OT1/cmr/bx/n --> OT1/lmr/bx/n on input line 35.
LaTeX Font Info:    Overwriting math alphabet `\mathsf' in version `bold'
(Font)                  OT1/cmss/bx/n --> OT1/lmss/bx/n on input line 36.
LaTeX Font Info:    Overwriting math alphabet `\mathit' in version `bold'
(Font)                  OT1/cmr/bx/it --> OT1/lmr/bx/it on input line 37.
LaTeX Font Info:    Overwriting math alphabet `\mathtt' in version `bold'
(Font)                  OT1/cmtt/m/n --> OT1/lmtt/m/n on input line 38.
)
(/usr/share/texlive/texmf-dist/tex/latex/base/textcomp.sty
Package: textcomp 2020/02/02 v2.0n Standard LaTeX package
)
(/usr/share/texlive/texmf-dist/tex/latex/lastpage/lastpage.sty
Package: lastpage 2015/03/29 v1.2m Refers to last page's name (HMM; JPG)
)
(/usr/share/texlive/texmf-dist/tex/latex/geometry/geometry.sty
Package: geometry 2020/01/02 v5.9 Page Geometry

(/usr/share/texlive/texmf-dist/tex/latex/graphics/keyval.sty
Package: keyval 2014/10/28 v1.15 key=value parser (DPC)
\KV@toks@=\toks16
)
(/usr/share/texlive/texmf-dist/tex/generic/iftex/ifvtex.sty
Package: ifvtex 2019/10/25 v1.7 ifvtex legacy package. Use iftex instead.

(/usr/share/texlive/texmf-dist/tex/generic/iftex/iftex.sty
Package: iftex 2019/11/07 v1.0c TeX engine tests
))
\Gm@cnth=\count175
\Gm@cntv=\count176
\c@Gm@tempcnt=\count177
\Gm@bindingoffset=\dimen135
\Gm@wd@mp=\dimen136
\Gm@odd@mp=\dimen137
\Gm@even@mp=\dimen138
\Gm@layoutwidth=\dimen139
\Gm@layoutheight=\dimen140
\Gm@layouthoffset=\dimen141
\Gm@layoutvoffset=\dimen142
\Gm@dimlist=\toks17
)
(/usr/share/texlive/texmf-dist/tex/latex/graphics/graphicx.sty
Package: graphicx 2019/11/30 v1.2a Enhanced LaTeX Graphics (DPC,SPQR)

(/usr/share/texlive/texmf-dist/tex/latex/graphics/graphics.sty
Package: graphics 2019/11/30 v1.4a Standard LaTeX Graphics (DPC,SPQR)

(/usr/share/texlive/texmf-dist/tex/latex/graphics/trig.sty
Package: trig 2016/01/03 v1.10 sin cos tan (DPC)
)
(/usr/share/texlive/texmf-dist/tex/latex/graphics-cfg/graphics.cfg
File: graphics.cfg 2016/06/04 v1.11 sample graphics configuration
)
Package graphics Info: Driver file: pdftex.def on input line 105.

(/usr/share/texlive/texmf-dist/tex/latex/graphics-def/pdftex.def
File: pdftex.def 2018/01/08 v1.0l Graphics/color driver for pdftex
))
\Gin@req@height=\dimen143
\Gin@req@width=\dimen144
)
(/usr/share/texlive/texmf-dist/tex/latex/l3backend/l3backend-pdfmode.def
File: l3backend-pdfmode.def 2020-02-03 L3 backend support: PDF mode
\l__kernel_color_stack_int=\count178
\l__pdf_internal_box=\box45
)
(./1754823.positions.aux

LaTeX Warning: Label `subsec:Minimumprofit' multiply defined.


LaTeX Warning: Label `subsec:Meanprofit' multiply defined.


LaTeX Warning: Label `subsec:Minimumprofit' multiply defined.


LaTeX Warning: Label `subsec:Meanprofit' multiply defined.

)
\openout1 = `1754823.positions.aux'.

LaTeX Font Info:    Checking defaults for OML/cmm/m/it on input line 15.
LaTeX Font Info:    ... okay on input line 15.
LaTeX Font Info:    Checking defaults for OMS/cmsy/m/n on input line 15.
LaTeX Font Info:    ... okay on input line 15.
LaTeX Font Info:    Checking defaults for OT1/cmr/m/n on input line 15.
LaTeX Font Info:    ... okay on input line 15.
LaTeX Font Info:    Checking defaults for T1/cmr/m/n on input line 15.
LaTeX Font Info:    ... okay on input line 15.
LaTeX Font Info:    Checking defaults for TS1/cmr/m/n on input line 15.
LaTeX Font Info:    ... okay on input line 15.
LaTeX Font Info:    Checking defaults for OMX/cmex/m/n on input line 15.
LaTeX Font Info:    ... okay on input line 15.
LaTeX Font Info:    Checking defaults for U/cmr/m/n on input line 15.
LaTeX Font Info:    ... okay on input line 15.
LaTeX Font Info:    Trying to load font information for T1+lmr on input line 15
.
 (/usr/share/texmf/tex/latex/lm/t1lmr.fd
File: t1lmr.fd 2009/10/30 v1.6 Font defs for Latin Modern
)
Package lastpage Info: Please have a look at the pageslts package at
(lastpage)             https://www.ctan.org/pkg/pageslts
(lastpage)             ! on input line 15.

*geometry* driver: auto-detecting
*geometry* detected driver: pdftex
*geometry* verbose mode - [ preamble ] result:
* driver: pdftex
* paper: <default>
* layout: <same size as paper>
* layoutoffset:(h,v)=(0.0pt,0.0pt)
* modes: 
* h-part:(L,W,R)=(56.9055pt, 500.484pt, 56.9055pt)
* v-part:(T,H,B)=(95.39737pt, 556.47656pt, 143.09605pt)
* \paperwidth=614.295pt
* \paperheight=794.96999pt
* \textwidth=500.484pt
* \textheight=556.47656pt
* \oddsidemargin=-15.36449pt
* \evensidemargin=-15.36449pt
* \topmargin=-13.87262pt
* \headheight=12.0pt
* \headsep=25.0pt
* \topskip=10.0pt
* \footskip=30.0pt
* \marginparwidth=65.0pt
* \marginparsep=11.0pt
* \columnsep=10.0pt
* \skip\footins=9.0pt plus 4.0pt minus 2.0pt
* \hoffset=0.0pt
* \voffset=0.0pt
* \mag=1000
* \@twocolumnfalse
* \@twosidefalse
* \@mparswitchfalse
* \@reversemarginfalse
* (1in=72.27pt=25.4mm, 1cm=28.453pt)

(/usr/share/texlive/texmf-dist/tex/context/base/mkii/supp-pdf.mkii
[Loading MPS to PDF converter (version 2006.09.02).]
\scratchcounter=\count179
\scratchdimen=\dimen145
\scratchbox=\box46
\nofMPsegments=\count180
\nofMParguments=\count181
\everyMPshowfont=\toks18
\MPscratchCnt=\count182
\MPscratchDim=\dimen146
\MPnumerator=\count183
\makeMPintoPDFobject=\count184
\everyMPtoPDFconversion=\toks19
) (/usr/share/texlive/texmf-dist/tex/latex/epstopdf-pkg/epstopdf-base.sty
Package: epstopdf-base 2020-01-24 v2.11 Base part for package epstopdf
Package epstopdf-base Info: Redefining graphics rule for `.eps' on input line 4
85.

(/usr/share/texlive/texmf-dist/tex/latex/latexconfig/epstopdf-sys.cfg
File: epstopdf-sys.cfg 2010/07/13 v1.3 Configuration of (r)epstopdf for TeX Liv
e
))
LaTeX Font Info:    Trying to load font information for OT1+lmr on input line 1
7.

(/usr/share/texmf/tex/latex/lm/ot1lmr.fd
File: ot1lmr.fd 2009/10/30 v1.6 Font defs for Latin Modern
)
LaTeX Font Info:    Trying to load font information for OML+lmm on input line 1
7.

(/usr/share/texmf/tex/latex/lm/omllmm.fd
File: omllmm.fd 2009/10/30 v1.6 Font defs for Latin Modern
)
LaTeX Font Info:    Trying to load font information for OMS+lmsy on input line 
17.

(/usr/share/texmf/tex/latex/lm/omslmsy.fd
File: omslmsy.fd 2009/10/30 v1.6 Font defs for Latin Modern
)
LaTeX Font Info:    Trying to load font information for OMX+lmex on input line 
17.

(/usr/share/texmf/tex/latex/lm/omxlmex.fd
File: omxlmex.fd 2009/10/30 v1.6 Font defs for Latin Modern
)
LaTeX Font Info:    External font `lmex10' loaded for size
(Font)              <12> on input line 17.
LaTeX Font Info:    External font `lmex10' loaded for size
(Font)              <8> on input line 17.
LaTeX Font Info:    External font `lmex10' loaded for size
(Font)              <6> on input line 17.
</tmp/pylatex-tmp.rip8vdum/785a5a50-dac5-46b2-a634-529fb8a62e6d.pdf, id=1, 1445
.4pt x 578.16pt>
File: /tmp/pylatex-tmp.rip8vdum/785a5a50-dac5-46b2-a634-529fb8a62e6d.pdf Graphi
c file (type pdf)
<use /tmp/pylatex-tmp.rip8vdum/785a5a50-dac5-46b2-a634-529fb8a62e6d.pdf>
Package pdftex.def Info: /tmp/pylatex-tmp.rip8vdum/785a5a50-dac5-46b2-a634-529f
b8a62e6d.pdf  used on input line 24.
(pdftex.def)             Requested size: 400.38872pt x 160.15457pt.
</tmp/pylatex-tmp.rip8vdum/d2d46a37-6c06-4e04-85cc-b58f3651f335.pdf, id=2, 1445
.4pt x 578.16pt>
File: /tmp/pylatex-tmp.rip8vdum/d2d46a37-6c06-4e04-85cc-b58f3651f335.pdf Graphi
c file (type pdf)
<use /tmp/pylatex-tmp.rip8vdum/d2d46a37-6c06-4e04-85cc-b58f3651f335.pdf>
Package pdftex.def Info: /tmp/pylatex-tmp.rip8vdum/d2d46a37-6c06-4e04-85cc-b58f
3651f335.pdf  used on input line 32.
(pdftex.def)             Requested size: 400.38872pt x 160.15457pt.
LaTeX Font Info:    External font `lmex10' loaded for size
(Font)              <10> on input line 40.
LaTeX Font Info:    External font `lmex10' loaded for size
(Font)              <7> on input line 40.
LaTeX Font Info:    External font `lmex10' loaded for size
(Font)              <5> on input line 40.

! Undefined control sequence.
l.41 \toprule
             
The control sequence at the end of the top line
of your error message was never \def'ed. If you have
misspelled it (e.g., `\hobx'), type `I' and the correct
spelling (e.g., `I\hbox'). Otherwise just continue,
and I'll forget about whatever was undefined.

! Undefined control sequence.
<recently read> \midrule 
                         
l.44 \midrule
             
The control sequence at the end of the top line
of your error message was never \def'ed. If you have
misspelled it (e.g., `\hobx'), type `I' and the correct
spelling (e.g., `I\hbox'). Otherwise just continue,
and I'll forget about whatever was undefined.

! Undefined control sequence.
<recently read> \bottomrule 
                            
l.56 \bottomrule
                
The control sequence at the end of the top line
of your error message was never \def'ed. If you have
misspelled it (e.g., `\hobx'), type `I' and the correct
spelling (e.g., `I\hbox'). Otherwise just continue,
and I'll forget about whatever was undefined.

</tmp/pylatex-tmp.rip8vdum/adfbdaed-8ad8-4cd6-9252-def2633d7d60.pdf, id=3, 1445
.4pt x 1084.05pt>
File: /tmp/pylatex-tmp.rip8vdum/adfbdaed-8ad8-4cd6-9252-def2633d7d60.pdf Graphi
c file (type pdf)
<use /tmp/pylatex-tmp.rip8vdum/adfbdaed-8ad8-4cd6-9252-def2633d7d60.pdf>
Package pdftex.def Info: /tmp/pylatex-tmp.rip8vdum/adfbdaed-8ad8-4cd6-9252-def2
633d7d60.pdf  used on input line 63.
(pdftex.def)             Requested size: 400.38872pt x 300.28984pt.
[1

{/var/lib/texmf/fonts/map/pdftex/updmap/pdftex.map} </tmp/pylatex-tmp.rip8vdum/
785a5a50-dac5-46b2-a634-529fb8a62e6d.pdf> </tmp/pylatex-tmp.rip8vdum/d2d46a37-6
c06-4e04-85cc-b58f3651f335.pdf>] [2 </tmp/pylatex-tmp.rip8vdum/adfbdaed-8ad8-4c
d6-9252-def2633d7d60.pdf>]
! Undefined control sequence.
l.71 \toprule
             
The control sequence at the end of the top line
of your error message was never \def'ed. If you have
misspelled it (e.g., `\hobx'), type `I' and the correct
spelling (e.g., `I\hbox'). Otherwise just continue,
and I'll forget about whatever was undefined.

! Undefined control sequence.
<recently read> \midrule 
                         
l.74 \midrule
             
The control sequence at the end of the top line
of your error message was never \def'ed. If you have
misspelled it (e.g., `\hobx'), type `I' and the correct
spelling (e.g., `I\hbox'). Otherwise just continue,
and I'll forget about whatever was undefined.

! Undefined control sequence.
<recently read> \bottomrule 
                            
l.86 \bottomrule
                
The control sequence at the end of the top line
of your error message was never \def'ed. If you have
misspelled it (e.g., `\hobx'), type `I' and the correct
spelling (e.g., `I\hbox'). Otherwise just continue,
and I'll forget about whatever was undefined.

</tmp/pylatex-tmp.rip8vdum/4d9e3fb9-430a-4dde-b988-2551f6fd598a.pdf, id=102, 14
45.4pt x 1084.05pt>
File: /tmp/pylatex-tmp.rip8vdum/4d9e3fb9-430a-4dde-b988-2551f6fd598a.pdf Graphi
c file (type pdf)
<use /tmp/pylatex-tmp.rip8vdum/4d9e3fb9-430a-4dde-b988-2551f6fd598a.pdf>
Package pdftex.def Info: /tmp/pylatex-tmp.rip8vdum/4d9e3fb9-430a-4dde-b988-2551
f6fd598a.pdf  used on input line 93.
(pdftex.def)             Requested size: 400.38872pt x 300.28984pt.
[3 </tmp/pylatex-tmp.rip8vdum/4d9e3fb9-430a-4dde-b988-2551f6fd598a.pdf>]
! Undefined control sequence.
l.103 \toprule
              
The control sequence at the end of the top line
of your error message was never \def'ed. If you have
misspelled it (e.g., `\hobx'), type `I' and the correct
spelling (e.g., `I\hbox'). Otherwise just continue,
and I'll forget about whatever was undefined.

! Undefined control sequence.
<recently read> \midrule 
                         
l.106 \midrule
              
The control sequence at the end of the top line
of your error message was never \def'ed. If you have
misspelled it (e.g., `\hobx'), type `I' and the correct
spelling (e.g., `I\hbox'). Otherwise just continue,
and I'll forget about whatever was undefined.

! Undefined control sequence.
<recently read> \bottomrule 
                            
l.114 \bottomrule
                 
The control sequence at the end of the top line
of your error message was never \def'ed. If you have
misspelled it (e.g., `\hobx'), type `I' and the correct
spelling (e.g., `I\hbox'). Otherwise just continue,
and I'll forget about whatever was undefined.

</tmp/pylatex-tmp.rip8vdum/8d6bc56f-079d-43f6-992c-4c08f0addda5.pdf, id=145, 14
45.4pt x 1084.05pt>
File: /tmp/pylatex-tmp.rip8vdum/8d6bc56f-079d-43f6-992c-4c08f0addda5.pdf Graphi
c file (type pdf)
<use /tmp/pylatex-tmp.rip8vdum/8d6bc56f-079d-43f6-992c-4c08f0addda5.pdf>
Package pdftex.def Info: /tmp/pylatex-tmp.rip8vdum/8d6bc56f-079d-43f6-992c-4c08
f0addda5.pdf  used on input line 121.
(pdftex.def)             Requested size: 400.38872pt x 300.28984pt.
[4 </tmp/pylatex-tmp.rip8vdum/8d6bc56f-079d-43f6-992c-4c08f0addda5.pdf>]
! Undefined control sequence.
l.129 \toprule
              
The control sequence at the end of the top line
of your error message was never \def'ed. If you have
misspelled it (e.g., `\hobx'), type `I' and the correct
spelling (e.g., `I\hbox'). Otherwise just continue,
and I'll forget about whatever was undefined.

! Undefined control sequence.
<recently read> \midrule 
                         
l.132 \midrule
              
The control sequence at the end of the top line
of your error message was never \def'ed. If you have
misspelled it (e.g., `\hobx'), type `I' and the correct
spelling (e.g., `I\hbox'). Otherwise just continue,
and I'll forget about whatever was undefined.

! Undefined control sequence.
<recently read> \bottomrule 
                            
l.140 \bottomrule
                 
The control sequence at the end of the top line
of your error message was never \def'ed. If you have
misspelled it (e.g., `\hobx'), type `I' and the correct
spelling (e.g., `I\hbox'). Otherwise just continue,
and I'll forget about whatever was undefined.

</tmp/pylatex-tmp.rip8vdum/82121e2e-ad6a-43a2-aef5-93cc31e66028.pdf, id=181, 14
45.4pt x 1084.05pt>
File: /tmp/pylatex-tmp.rip8vdum/82121e2e-ad6a-43a2-aef5-93cc31e66028.pdf Graphi
c file (type pdf)
<use /tmp/pylatex-tmp.rip8vdum/82121e2e-ad6a-43a2-aef5-93cc31e66028.pdf>
Package pdftex.def Info: /tmp/pylatex-tmp.rip8vdum/82121e2e-ad6a-43a2-aef5-93cc
31e66028.pdf  used on input line 147.
(pdftex.def)             Requested size: 400.38872pt x 300.28984pt.
[5 </tmp/pylatex-tmp.rip8vdum/82121e2e-ad6a-43a2-aef5-93cc31e66028.pdf>]
! Undefined control sequence.
l.157 \toprule
              
The control sequence at the end of the top line
of your error message was never \def'ed. If you have
misspelled it (e.g., `\hobx'), type `I' and the correct
spelling (e.g., `I\hbox'). Otherwise just continue,
and I'll forget about whatever was undefined.

! Undefined control sequence.
<recently read> \midrule 
                         
l.160 \midrule
              
The control sequence at the end of the top line
of your error message was never \def'ed. If you have
misspelled it (e.g., `\hobx'), type `I' and the correct
spelling (e.g., `I\hbox'). Otherwise just continue,
and I'll forget about whatever was undefined.

! Undefined control sequence.
<recently read> \bottomrule 
                            
l.185 \bottomrule
                 
The control sequence at the end of the top line
of your error message was never \def'ed. If you have
misspelled it (e.g., `\hobx'), type `I' and the correct
spelling (e.g., `I\hbox'). Otherwise just continue,
and I'll forget about whatever was undefined.

</tmp/pylatex-tmp.rip8vdum/59fcbe52-71e1-4eb9-b58a-a952d2d19c19.pdf, id=218, 14
45.4pt x 1084.05pt>
File: /tmp/pylatex-tmp.rip8vdum/59fcbe52-71e1-4eb9-b58a-a952d2d19c19.pdf Graphi
c file (type pdf)
<use /tmp/pylatex-tmp.rip8vdum/59fcbe52-71e1-4eb9-b58a-a952d2d19c19.pdf>
Package pdftex.def Info: /tmp/pylatex-tmp.rip8vdum/59fcbe52-71e1-4eb9-b58a-a952
d2d19c19.pdf  used on input line 192.
(pdftex.def)             Requested size: 400.38872pt x 300.28984pt.
[6] [7 </tmp/pylatex-tmp.rip8vdum/59fcbe52-71e1-4eb9-b58a-a952d2d19c19.pdf>]
! Undefined control sequence.
l.200 \toprule
              
The control sequence at the end of the top line
of your error message was never \def'ed. If you have
misspelled it (e.g., `\hobx'), type `I' and the correct
spelling (e.g., `I\hbox'). Otherwise just continue,
and I'll forget about whatever was undefined.

! Undefined control sequence.
<recently read> \midrule 
                         
l.203 \midrule
              
The control sequence at the end of the top line
of your error message was never \def'ed. If you have
misspelled it (e.g., `\hobx'), type `I' and the correct
spelling (e.g., `I\hbox'). Otherwise just continue,
and I'll forget about whatever was undefined.

! Undefined control sequence.
<recently read> \bottomrule 
                            
l.228 \bottomrule
                 
The control sequence at the end of the top line
of your error message was never \def'ed. If you have
misspelled it (e.g., `\hobx'), type `I' and the correct
spelling (e.g., `I\hbox'). Otherwise just continue,
and I'll forget about whatever was undefined.

</tmp/pylatex-tmp.rip8vdum/8a2dec3d-f376-45fc-9e25-77f7fcf09d4b.pdf, id=255, 14
45.4pt x 1084.05pt>
File: /tmp/pylatex-tmp.rip8vdum/8a2dec3d-f376-45fc-9e25-77f7fcf09d4b.pdf Graphi
c file (type pdf)
<use /tmp/pylatex-tmp.rip8vdum/8a2dec3d-f376-45fc-9e25-77f7fcf09d4b.pdf>
Package pdftex.def Info: /tmp/pylatex-tmp.rip8vdum/8a2dec3d-f376-45fc-9e25-77f7
fcf09d4b.pdf  used on input line 235.
(pdftex.def)             Requested size: 400.38872pt x 300.28984pt.
[8] [9 </tmp/pylatex-tmp.rip8vdum/8a2dec3d-f376-45fc-9e25-77f7fcf09d4b.pdf>]
</tmp/pylatex-tmp.rip8vdum/55f6b30e-dc05-46dd-a366-fd46b7e2b160.pdf, id=292, 14
45.4pt x 578.16pt>
File: /tmp/pylatex-tmp.rip8vdum/55f6b30e-dc05-46dd-a366-fd46b7e2b160.pdf Graphi
c file (type pdf)
<use /tmp/pylatex-tmp.rip8vdum/55f6b30e-dc05-46dd-a366-fd46b7e2b160.pdf>
Package pdftex.def Info: /tmp/pylatex-tmp.rip8vdum/55f6b30e-dc05-46dd-a366-fd46
b7e2b160.pdf  used on input line 248.
(pdftex.def)             Requested size: 400.38872pt x 160.15457pt.
</tmp/pylatex-tmp.rip8vdum/196f732b-a58c-49fc-bada-ab772466bd3e.pdf, id=293, 14
45.4pt x 578.16pt>
File: /tmp/pylatex-tmp.rip8vdum/196f732b-a58c-49fc-bada-ab772466bd3e.pdf Graphi
c file (type pdf)
<use /tmp/pylatex-tmp.rip8vdum/196f732b-a58c-49fc-bada-ab772466bd3e.pdf>
Package pdftex.def Info: /tmp/pylatex-tmp.rip8vdum/196f732b-a58c-49fc-bada-ab77
2466bd3e.pdf  used on input line 256.
(pdftex.def)             Requested size: 400.38872pt x 160.15457pt.

[10 </tmp/pylatex-tmp.rip8vdum/55f6b30e-dc05-46dd-a366-fd46b7e2b160.pdf> </tmp/
pylatex-tmp.rip8vdum/196f732b-a58c-49fc-bada-ab772466bd3e.pdf>]
</tmp/pylatex-tmp.rip8vdum/e806df18-6021-4924-a839-88649eb24023.pdf, id=363, 14
45.4pt x 578.16pt>
File: /tmp/pylatex-tmp.rip8vdum/e806df18-6021-4924-a839-88649eb24023.pdf Graphi
c file (type pdf)
<use /tmp/pylatex-tmp.rip8vdum/e806df18-6021-4924-a839-88649eb24023.pdf>
Package pdftex.def Info: /tmp/pylatex-tmp.rip8vdum/e806df18-6021-4924-a839-8864
9eb24023.pdf  used on input line 267.
(pdftex.def)             Requested size: 400.38872pt x 160.15457pt.
</tmp/pylatex-tmp.rip8vdum/14ac1277-b120-4759-a3bb-3136460b10b7.pdf, id=364, 14
45.4pt x 578.16pt>
File: /tmp/pylatex-tmp.rip8vdum/14ac1277-b120-4759-a3bb-3136460b10b7.pdf Graphi
c file (type pdf)
<use /tmp/pylatex-tmp.rip8vdum/14ac1277-b120-4759-a3bb-3136460b10b7.pdf>
Package pdftex.def Info: /tmp/pylatex-tmp.rip8vdum/14ac1277-b120-4759-a3bb-3136
460b10b7.pdf  used on input line 275.
(pdftex.def)             Requested size: 400.38872pt x 160.15457pt.
 [11 </tmp/pylatex-tmp.rip8vdum/e806df18-6021-4924-a839-88649eb24023.pdf> </tmp
/pylatex-tmp.rip8vdum/14ac1277-b120-4759-a3bb-3136460b10b7.pdf>]
</tmp/pylatex-tmp.rip8vdum/625c0858-052b-45cf-8aa6-4827a62507c5.pdf, id=429, 14
45.4pt x 578.16pt>
File: /tmp/pylatex-tmp.rip8vdum/625c0858-052b-45cf-8aa6-4827a62507c5.pdf Graphi
c file (type pdf)
<use /tmp/pylatex-tmp.rip8vdum/625c0858-052b-45cf-8aa6-4827a62507c5.pdf>
Package pdftex.def Info: /tmp/pylatex-tmp.rip8vdum/625c0858-052b-45cf-8aa6-4827
a62507c5.pdf  used on input line 286.
(pdftex.def)             Requested size: 400.38872pt x 160.15457pt.
</tmp/pylatex-tmp.rip8vdum/8f65bfe0-e301-4379-a527-7c622d781b80.pdf, id=430, 14
45.4pt x 578.16pt>
File: /tmp/pylatex-tmp.rip8vdum/8f65bfe0-e301-4379-a527-7c622d781b80.pdf Graphi
c file (type pdf)
<use /tmp/pylatex-tmp.rip8vdum/8f65bfe0-e301-4379-a527-7c622d781b80.pdf>
Package pdftex.def Info: /tmp/pylatex-tmp.rip8vdum/8f65bfe0-e301-4379-a527-7c62
2d781b80.pdf  used on input line 294.
(pdftex.def)             Requested size: 400.38872pt x 160.15457pt.
 [12 </tmp/pylatex-tmp.rip8vdum/625c0858-052b-45cf-8aa6-4827a62507c5.pdf> </tmp
/pylatex-tmp.rip8vdum/8f65bfe0-e301-4379-a527-7c622d781b80.pdf>]
</tmp/pylatex-tmp.rip8vdum/8a2843a7-5af8-42f3-9f32-8c0c1ebdccf6.pdf, id=500, 14
45.4pt x 578.16pt>
File: /tmp/pylatex-tmp.rip8vdum/8a2843a7-5af8-42f3-9f32-8c0c1ebdccf6.pdf Graphi
c file (type pdf)
<use /tmp/pylatex-tmp.rip8vdum/8a2843a7-5af8-42f3-9f32-8c0c1ebdccf6.pdf>
Package pdftex.def Info: /tmp/pylatex-tmp.rip8vdum/8a2843a7-5af8-42f3-9f32-8c0c
1ebdccf6.pdf  used on input line 305.
(pdftex.def)             Requested size: 400.38872pt x 160.15457pt.
</tmp/pylatex-tmp.rip8vdum/dec1f3f8-6fc6-4b47-ae94-0ea568ac437c.pdf, id=501, 14
45.4pt x 578.16pt>
File: /tmp/pylatex-tmp.rip8vdum/dec1f3f8-6fc6-4b47-ae94-0ea568ac437c.pdf Graphi
c file (type pdf)
<use /tmp/pylatex-tmp.rip8vdum/dec1f3f8-6fc6-4b47-ae94-0ea568ac437c.pdf>
Package pdftex.def Info: /tmp/pylatex-tmp.rip8vdum/dec1f3f8-6fc6-4b47-ae94-0ea5
68ac437c.pdf  used on input line 313.
(pdftex.def)             Requested size: 400.38872pt x 160.15457pt.
 [13 </tmp/pylatex-tmp.rip8vdum/8a2843a7-5af8-42f3-9f32-8c0c1ebdccf6.pdf> </tmp
/pylatex-tmp.rip8vdum/dec1f3f8-6fc6-4b47-ae94-0ea568ac437c.pdf>]
</tmp/pylatex-tmp.rip8vdum/9dcdf43f-90b0-4a02-b58c-7ca0e3d5f08d.pdf, id=555, 14
45.4pt x 578.16pt>
File: /tmp/pylatex-tmp.rip8vdum/9dcdf43f-90b0-4a02-b58c-7ca0e3d5f08d.pdf Graphi
c file (type pdf)
<use /tmp/pylatex-tmp.rip8vdum/9dcdf43f-90b0-4a02-b58c-7ca0e3d5f08d.pdf>
Package pdftex.def Info: /tmp/pylatex-tmp.rip8vdum/9dcdf43f-90b0-4a02-b58c-7ca0
e3d5f08d.pdf  used on input line 324.
(pdftex.def)             Requested size: 400.38872pt x 160.15457pt.
</tmp/pylatex-tmp.rip8vdum/76278d5c-5586-40a7-a773-e4addc48336a.pdf, id=556, 14
45.4pt x 578.16pt>
File: /tmp/pylatex-tmp.rip8vdum/76278d5c-5586-40a7-a773-e4addc48336a.pdf Graphi
c file (type pdf)
<use /tmp/pylatex-tmp.rip8vdum/76278d5c-5586-40a7-a773-e4addc48336a.pdf>
Package pdftex.def Info: /tmp/pylatex-tmp.rip8vdum/76278d5c-5586-40a7-a773-e4ad
dc48336a.pdf  used on input line 332.
(pdftex.def)             Requested size: 400.38872pt x 160.15457pt.
 [14 </tmp/pylatex-tmp.rip8vdum/9dcdf43f-90b0-4a02-b58c-7ca0e3d5f08d.pdf> </tmp
/pylatex-tmp.rip8vdum/76278d5c-5586-40a7-a773-e4addc48336a.pdf>]
</tmp/pylatex-tmp.rip8vdum/1d8c1ce6-6c25-4b85-ac2a-d74ba9841aab.pdf, id=625, 14
45.4pt x 578.16pt>
File: /tmp/pylatex-tmp.rip8vdum/1d8c1ce6-6c25-4b85-ac2a-d74ba9841aab.pdf Graphi
c file (type pdf)
<use /tmp/pylatex-tmp.rip8vdum/1d8c1ce6-6c25-4b85-ac2a-d74ba9841aab.pdf>
Package pdftex.def Info: /tmp/pylatex-tmp.rip8vdum/1d8c1ce6-6c25-4b85-ac2a-d74b
a9841aab.pdf  used on input line 343.
(pdftex.def)             Requested size: 400.38872pt x 160.15457pt.
</tmp/pylatex-tmp.rip8vdum/4c8a8d96-45ff-47d3-827d-fb9ab6681e75.pdf, id=626, 14
45.4pt x 578.16pt>
File: /tmp/pylatex-tmp.rip8vdum/4c8a8d96-45ff-47d3-827d-fb9ab6681e75.pdf Graphi
c file (type pdf)
<use /tmp/pylatex-tmp.rip8vdum/4c8a8d96-45ff-47d3-827d-fb9ab6681e75.pdf>
Package pdftex.def Info: /tmp/pylatex-tmp.rip8vdum/4c8a8d96-45ff-47d3-827d-fb9a
b6681e75.pdf  used on input line 351.
(pdftex.def)             Requested size: 400.38872pt x 160.15457pt.
 [15 </tmp/pylatex-tmp.rip8vdum/1d8c1ce6-6c25-4b85-ac2a-d74ba9841aab.pdf> </tmp
/pylatex-tmp.rip8vdum/4c8a8d96-45ff-47d3-827d-fb9ab6681e75.pdf>]
</tmp/pylatex-tmp.rip8vdum/3f469020-2029-46ae-ad5b-65ffacf58b28.pdf, id=674, 14
45.4pt x 578.16pt>
File: /tmp/pylatex-tmp.rip8vdum/3f469020-2029-46ae-ad5b-65ffacf58b28.pdf Graphi
c file (type pdf)
<use /tmp/pylatex-tmp.rip8vdum/3f469020-2029-46ae-ad5b-65ffacf58b28.pdf>
Package pdftex.def Info: /tmp/pylatex-tmp.rip8vdum/3f469020-2029-46ae-ad5b-65ff
acf58b28.pdf  used on input line 362.
(pdftex.def)             Requested size: 400.38872pt x 160.15457pt.
</tmp/pylatex-tmp.rip8vdum/ba8697de-21a4-4914-bf0f-8c227cf219b8.pdf, id=675, 14
45.4pt x 578.16pt>
File: /tmp/pylatex-tmp.rip8vdum/ba8697de-21a4-4914-bf0f-8c227cf219b8.pdf Graphi
c file (type pdf)
<use /tmp/pylatex-tmp.rip8vdum/ba8697de-21a4-4914-bf0f-8c227cf219b8.pdf>
Package pdftex.def Info: /tmp/pylatex-tmp.rip8vdum/ba8697de-21a4-4914-bf0f-8c22
7cf219b8.pdf  used on input line 370.
(pdftex.def)             Requested size: 400.38872pt x 160.15457pt.
 [16 </tmp/pylatex-tmp.rip8vdum/3f469020-2029-46ae-ad5b-65ffacf58b28.pdf> </tmp
/pylatex-tmp.rip8vdum/ba8697de-21a4-4914-bf0f-8c227cf219b8.pdf>]
</tmp/pylatex-tmp.rip8vdum/97eaa57e-87f7-46d9-996c-79baeebad9c8.pdf, id=723, 14
45.4pt x 578.16pt>
File: /tmp/pylatex-tmp.rip8vdum/97eaa57e-87f7-46d9-996c-79baeebad9c8.pdf Graphi
c file (type pdf)
<use /tmp/pylatex-tmp.rip8vdum/97eaa57e-87f7-46d9-996c-79baeebad9c8.pdf>
Package pdftex.def Info: /tmp/pylatex-tmp.rip8vdum/97eaa57e-87f7-46d9-996c-79ba
eebad9c8.pdf  used on input line 381.
(pdftex.def)             Requested size: 400.38872pt x 160.15457pt.
</tmp/pylatex-tmp.rip8vdum/15dd00fb-482a-471a-8ed6-e2bca4fb4fa3.pdf, id=724, 14
45.4pt x 578.16pt>
File: /tmp/pylatex-tmp.rip8vdum/15dd00fb-482a-471a-8ed6-e2bca4fb4fa3.pdf Graphi
c file (type pdf)
<use /tmp/pylatex-tmp.rip8vdum/15dd00fb-482a-471a-8ed6-e2bca4fb4fa3.pdf>
Package pdftex.def Info: /tmp/pylatex-tmp.rip8vdum/15dd00fb-482a-471a-8ed6-e2bc
a4fb4fa3.pdf  used on input line 389.
(pdftex.def)             Requested size: 400.38872pt x 160.15457pt.
 [17 </tmp/pylatex-tmp.rip8vdum/97eaa57e-87f7-46d9-996c-79baeebad9c8.pdf> </tmp
/pylatex-tmp.rip8vdum/15dd00fb-482a-471a-8ed6-e2bca4fb4fa3.pdf>]
</tmp/pylatex-tmp.rip8vdum/e15156ea-9281-444d-84a4-3672f20184e5.pdf, id=795, 14
45.4pt x 578.16pt>
File: /tmp/pylatex-tmp.rip8vdum/e15156ea-9281-444d-84a4-3672f20184e5.pdf Graphi
c file (type pdf)
<use /tmp/pylatex-tmp.rip8vdum/e15156ea-9281-444d-84a4-3672f20184e5.pdf>
Package pdftex.def Info: /tmp/pylatex-tmp.rip8vdum/e15156ea-9281-444d-84a4-3672
f20184e5.pdf  used on input line 400.
(pdftex.def)             Requested size: 400.38872pt x 160.15457pt.
</tmp/pylatex-tmp.rip8vdum/d6d69cef-9fb8-47af-b895-0020d220934c.pdf, id=796, 14
45.4pt x 578.16pt>
File: /tmp/pylatex-tmp.rip8vdum/d6d69cef-9fb8-47af-b895-0020d220934c.pdf Graphi
c file (type pdf)
<use /tmp/pylatex-tmp.rip8vdum/d6d69cef-9fb8-47af-b895-0020d220934c.pdf>
Package pdftex.def Info: /tmp/pylatex-tmp.rip8vdum/d6d69cef-9fb8-47af-b895-0020
d220934c.pdf  used on input line 408.
(pdftex.def)             Requested size: 400.38872pt x 160.15457pt.
 [18 </tmp/pylatex-tmp.rip8vdum/e15156ea-9281-444d-84a4-3672f20184e5.pdf> </tmp
/pylatex-tmp.rip8vdum/d6d69cef-9fb8-47af-b895-0020d220934c.pdf>]
</tmp/pylatex-tmp.rip8vdum/ac67f180-d085-4811-b028-5d1e05f9e20d.pdf, id=846, 14
45.4pt x 578.16pt>
File: /tmp/pylatex-tmp.rip8vdum/ac67f180-d085-4811-b028-5d1e05f9e20d.pdf Graphi
c file (type pdf)
<use /tmp/pylatex-tmp.rip8vdum/ac67f180-d085-4811-b028-5d1e05f9e20d.pdf>
Package pdftex.def Info: /tmp/pylatex-tmp.rip8vdum/ac67f180-d085-4811-b028-5d1e
05f9e20d.pdf  used on input line 419.
(pdftex.def)             Requested size: 400.38872pt x 160.15457pt.
</tmp/pylatex-tmp.rip8vdum/ff54d742-3439-4065-9638-27ab21aeccbf.pdf, id=847, 14
45.4pt x 578.16pt>
File: /tmp/pylatex-tmp.rip8vdum/ff54d742-3439-4065-9638-27ab21aeccbf.pdf Graphi
c file (type pdf)
<use /tmp/pylatex-tmp.rip8vdum/ff54d742-3439-4065-9638-27ab21aeccbf.pdf>
Package pdftex.def Info: /tmp/pylatex-tmp.rip8vdum/ff54d742-3439-4065-9638-27ab
21aeccbf.pdf  used on input line 427.
(pdftex.def)             Requested size: 400.38872pt x 160.15457pt.
 [19 </tmp/pylatex-tmp.rip8vdum/ac67f180-d085-4811-b028-5d1e05f9e20d.pdf> </tmp
/pylatex-tmp.rip8vdum/ff54d742-3439-4065-9638-27ab21aeccbf.pdf>]
</tmp/pylatex-tmp.rip8vdum/9cf27c75-91ab-4072-8249-363f8a09f387.pdf, id=915, 14
45.4pt x 578.16pt>
File: /tmp/pylatex-tmp.rip8vdum/9cf27c75-91ab-4072-8249-363f8a09f387.pdf Graphi
c file (type pdf)
<use /tmp/pylatex-tmp.rip8vdum/9cf27c75-91ab-4072-8249-363f8a09f387.pdf>
Package pdftex.def Info: /tmp/pylatex-tmp.rip8vdum/9cf27c75-91ab-4072-8249-363f
8a09f387.pdf  used on input line 438.
(pdftex.def)             Requested size: 400.38872pt x 160.15457pt.
</tmp/pylatex-tmp.rip8vdum/2bcb3052-e523-4afd-868b-95e8c875f156.pdf, id=916, 14
45.4pt x 578.16pt>
File: /tmp/pylatex-tmp.rip8vdum/2bcb3052-e523-4afd-868b-95e8c875f156.pdf Graphi
c file (type pdf)
<use /tmp/pylatex-tmp.rip8vdum/2bcb3052-e523-4afd-868b-95e8c875f156.pdf>
Package pdftex.def Info: /tmp/pylatex-tmp.rip8vdum/2bcb3052-e523-4afd-868b-95e8
c875f156.pdf  used on input line 446.
(pdftex.def)             Requested size: 400.38872pt x 160.15457pt.
 [20 </tmp/pylatex-tmp.rip8vdum/9cf27c75-91ab-4072-8249-363f8a09f387.pdf> </tmp
/pylatex-tmp.rip8vdum/2bcb3052-e523-4afd-868b-95e8c875f156.pdf>]
</tmp/pylatex-tmp.rip8vdum/a0e5e4b6-8885-48a9-89a2-d4995dfcebf5.pdf, id=966, 14
45.4pt x 578.16pt>
File: /tmp/pylatex-tmp.rip8vdum/a0e5e4b6-8885-48a9-89a2-d4995dfcebf5.pdf Graphi
c file (type pdf)
<use /tmp/pylatex-tmp.rip8vdum/a0e5e4b6-8885-48a9-89a2-d4995dfcebf5.pdf>
Package pdftex.def Info: /tmp/pylatex-tmp.rip8vdum/a0e5e4b6-8885-48a9-89a2-d499
5dfcebf5.pdf  used on input line 457.
(pdftex.def)             Requested size: 400.38872pt x 160.15457pt.
</tmp/pylatex-tmp.rip8vdum/165ab15d-d101-4439-9e27-b9d3d6a2fd0c.pdf, id=967, 14
45.4pt x 578.16pt>
File: /tmp/pylatex-tmp.rip8vdum/165ab15d-d101-4439-9e27-b9d3d6a2fd0c.pdf Graphi
c file (type pdf)
<use /tmp/pylatex-tmp.rip8vdum/165ab15d-d101-4439-9e27-b9d3d6a2fd0c.pdf>
Package pdftex.def Info: /tmp/pylatex-tmp.rip8vdum/165ab15d-d101-4439-9e27-b9d3
d6a2fd0c.pdf  used on input line 465.
(pdftex.def)             Requested size: 400.38872pt x 160.15457pt.


AED: lastpage setting LastPage
[21 </tmp/pylatex-tmp.rip8vdum/a0e5e4b6-8885-48a9-89a2-d4995dfcebf5.pdf> </tmp/
pylatex-tmp.rip8vdum/165ab15d-d101-4439-9e27-b9d3d6a2fd0c.pdf>]
(./1754823.positions.aux)

LaTeX Warning: There were multiply-defined labels.

 ) 
Here is how much of TeX's memory you used:
 2297 strings out of 483183
 43630 string characters out of 5966291
 262687 words of memory out of 5000000
 17263 multiletter control sequences out of 15000+600000
 572911 words of font info for 50 fonts, out of 8000000 for 9000
 14 hyphenation exceptions out of 8191
 30i,6n,25p,258b,217s stack positions out of 5000i,500n,10000p,200000b,80000s
{/usr/share/texmf/fonts/enc/dvips/lm/lm-ec.enc}</usr/share/texmf/fonts/type1/
public/lm/lmbx12.pfb></usr/share/texmf/fonts/type1/public/lm/lmr10.pfb></usr/sh
are/texmf/fonts/type1/public/lm/lmr12.pfb></usr/share/texmf/fonts/type1/public/
lm/lmr17.pfb>
Output written on 1754823.positions.pdf (21 pages, 445243 bytes).
PDF statistics:
 1022 PDF objects out of 1200 (max. 8388607)
 221 compressed objects within 3 object streams
 0 named destinations out of 1000 (max. 500000)
 161 words of extra memory for PDF output out of 10000 (max. 10000000)

