This is pdfTeX, Version 3.141592653-2.6-1.40.24 (TeX Live 2022/Debian) (preloaded format=pdflatex 2022.10.23)  28 NOV 2022 16:47
entering extended mode
 restricted \write18 enabled.
 %&-line parsing enabled.
**/home/nikolay/Projects/binance/traders_info/flask_app/uploads/1754823.positio
ns.tex

(/home/nikolay/Projects/binance/traders_info/flask_app/uploads/1754823.position
s.tex
LaTeX2e <2022-06-01> patch level 5
L3 programming layer <2022-07-15>
(/usr/share/texlive/texmf-dist/tex/latex/base/article.cls
Document Class: article 2021/10/04 v1.4n Standard LaTeX document class
(/usr/share/texlive/texmf-dist/tex/latex/base/size10.clo
File: size10.clo 2021/10/04 v1.4n Standard LaTeX file (size option)
)
\c@part=\count185
\c@section=\count186
\c@subsection=\count187
\c@subsubsection=\count188
\c@paragraph=\count189
\c@subparagraph=\count190
\c@figure=\count191
\c@table=\count192
\abovecaptionskip=\skip47
\belowcaptionskip=\skip48
\bibindent=\dimen138
)
(/usr/share/texlive/texmf-dist/tex/latex/base/fontenc.sty
Package: fontenc 2021/04/29 v2.0v Standard LaTeX package
)
(/usr/share/texlive/texmf-dist/tex/latex/base/inputenc.sty
Package: inputenc 2021/02/14 v1.3d Input encoding file
\inpenc@prehook=\toks16
\inpenc@posthook=\toks17
)
(/usr/share/texmf/tex/latex/lm/lmodern.sty
Package: lmodern 2015/05/01 v1.6.1 Latin Modern Fonts
LaTeX Font Info:    Overwriting symbol font `operators' in version `normal'
(Font)                  OT1/cmr/m/n --> OT1/lmr/m/n on input line 22.
LaTeX Font Info:    Overwriting symbol font `letters' in version `normal'
(Font)                  OML/cmm/m/it --> OML/lmm/m/it on input line 23.
LaTeX Font Info:    Overwriting symbol font `symbols' in version `normal'
(Font)                  OMS/cmsy/m/n --> OMS/lmsy/m/n on input line 24.
LaTeX Font Info:    Overwriting symbol font `largesymbols' in version `normal'
(Font)                  OMX/cmex/m/n --> OMX/lmex/m/n on input line 25.
LaTeX Font Info:    Overwriting symbol font `operators' in version `bold'
(Font)                  OT1/cmr/bx/n --> OT1/lmr/bx/n on input line 26.
LaTeX Font Info:    Overwriting symbol font `letters' in version `bold'
(Font)                  OML/cmm/b/it --> OML/lmm/b/it on input line 27.
LaTeX Font Info:    Overwriting symbol font `symbols' in version `bold'
(Font)                  OMS/cmsy/b/n --> OMS/lmsy/b/n on input line 28.
LaTeX Font Info:    Overwriting symbol font `largesymbols' in version `bold'
(Font)                  OMX/cmex/m/n --> OMX/lmex/m/n on input line 29.
LaTeX Font Info:    Overwriting math alphabet `\mathbf' in version `normal'
(Font)                  OT1/cmr/bx/n --> OT1/lmr/bx/n on input line 31.
LaTeX Font Info:    Overwriting math alphabet `\mathsf' in version `normal'
(Font)                  OT1/cmss/m/n --> OT1/lmss/m/n on input line 32.
LaTeX Font Info:    Overwriting math alphabet `\mathit' in version `normal'
(Font)                  OT1/cmr/m/it --> OT1/lmr/m/it on input line 33.
LaTeX Font Info:    Overwriting math alphabet `\mathtt' in version `normal'
(Font)                  OT1/cmtt/m/n --> OT1/lmtt/m/n on input line 34.
LaTeX Font Info:    Overwriting math alphabet `\mathbf' in version `bold'
(Font)                  OT1/cmr/bx/n --> OT1/lmr/bx/n on input line 35.
LaTeX Font Info:    Overwriting math alphabet `\mathsf' in version `bold'
(Font)                  OT1/cmss/bx/n --> OT1/lmss/bx/n on input line 36.
LaTeX Font Info:    Overwriting math alphabet `\mathit' in version `bold'
(Font)                  OT1/cmr/bx/it --> OT1/lmr/bx/it on input line 37.
LaTeX Font Info:    Overwriting math alphabet `\mathtt' in version `bold'
(Font)                  OT1/cmtt/m/n --> OT1/lmtt/m/n on input line 38.
)
(/usr/share/texlive/texmf-dist/tex/latex/base/textcomp.sty
Package: textcomp 2020/02/02 v2.0n Standard LaTeX package
)
(/usr/share/texlive/texmf-dist/tex/latex/lastpage/lastpage.sty
Package: lastpage 2021/09/03 v1.2n Refers to last page's name (HMM; JPG)
)
(/usr/share/texlive/texmf-dist/tex/latex/geometry/geometry.sty
Package: geometry 2020/01/02 v5.9 Page Geometry

(/usr/share/texlive/texmf-dist/tex/latex/graphics/keyval.sty
Package: keyval 2022/05/29 v1.15 key=value parser (DPC)
\KV@toks@=\toks18
)
(/usr/share/texlive/texmf-dist/tex/generic/iftex/ifvtex.sty
Package: ifvtex 2019/10/25 v1.7 ifvtex legacy package. Use iftex instead.

(/usr/share/texlive/texmf-dist/tex/generic/iftex/iftex.sty
Package: iftex 2022/02/03 v1.0f TeX engine tests
))
\Gm@cnth=\count193
\Gm@cntv=\count194
\c@Gm@tempcnt=\count195
\Gm@bindingoffset=\dimen139
\Gm@wd@mp=\dimen140
\Gm@odd@mp=\dimen141
\Gm@even@mp=\dimen142
\Gm@layoutwidth=\dimen143
\Gm@layoutheight=\dimen144
\Gm@layouthoffset=\dimen145
\Gm@layoutvoffset=\dimen146
\Gm@dimlist=\toks19
)
(/usr/share/texlive/texmf-dist/tex/latex/graphics/graphicx.sty
Package: graphicx 2021/09/16 v1.2d Enhanced LaTeX Graphics (DPC,SPQR)

(/usr/share/texlive/texmf-dist/tex/latex/graphics/graphics.sty
Package: graphics 2022/03/10 v1.4e Standard LaTeX Graphics (DPC,SPQR)

(/usr/share/texlive/texmf-dist/tex/latex/graphics/trig.sty
Package: trig 2021/08/11 v1.11 sin cos tan (DPC)
)
(/usr/share/texlive/texmf-dist/tex/latex/graphics-cfg/graphics.cfg
File: graphics.cfg 2016/06/04 v1.11 sample graphics configuration
)
Package graphics Info: Driver file: pdftex.def on input line 107.

(/usr/share/texlive/texmf-dist/tex/latex/graphics-def/pdftex.def
File: pdftex.def 2020/10/05 v1.2a Graphics/color driver for pdftex
))
\Gin@req@height=\dimen147
\Gin@req@width=\dimen148
)
LaTeX Font Info:    Trying to load font information for T1+lmr on input line 15
.

(/usr/share/texmf/tex/latex/lm/t1lmr.fd
File: t1lmr.fd 2015/05/01 v1.6.1 Font defs for Latin Modern
)
(/usr/share/texlive/texmf-dist/tex/latex/l3backend/l3backend-pdftex.def
File: l3backend-pdftex.def 2022-07-01 L3 backend support: PDF output (pdfTeX)
\l__color_backend_stack_int=\count196
\l__pdf_internal_box=\box51
)
(./1754823.positions.aux

LaTeX Warning: Label `subsec:Minimumprofit' multiply defined.


LaTeX Warning: Label `subsec:Meanprofit' multiply defined.


LaTeX Warning: Label `subsec:Minimumprofit' multiply defined.


LaTeX Warning: Label `subsec:Meanprofit' multiply defined.

)
\openout1 = `1754823.positions.aux'.

LaTeX Font Info:    Checking defaults for OML/cmm/m/it on input line 15.
LaTeX Font Info:    ... okay on input line 15.
LaTeX Font Info:    Checking defaults for OMS/cmsy/m/n on input line 15.
LaTeX Font Info:    ... okay on input line 15.
LaTeX Font Info:    Checking defaults for OT1/cmr/m/n on input line 15.
LaTeX Font Info:    ... okay on input line 15.
LaTeX Font Info:    Checking defaults for T1/cmr/m/n on input line 15.
LaTeX Font Info:    ... okay on input line 15.
LaTeX Font Info:    Checking defaults for TS1/cmr/m/n on input line 15.
LaTeX Font Info:    ... okay on input line 15.
LaTeX Font Info:    Checking defaults for OMX/cmex/m/n on input line 15.
LaTeX Font Info:    ... okay on input line 15.
LaTeX Font Info:    Checking defaults for U/cmr/m/n on input line 15.
LaTeX Font Info:    ... okay on input line 15.
Package lastpage Info: Please have a look at the pageslts package at
(lastpage)             https://www.ctan.org/pkg/pageslts
(lastpage)             ! on input line 15.

*geometry* driver: auto-detecting
*geometry* detected driver: pdftex
*geometry* verbose mode - [ preamble ] result:
* driver: pdftex
* paper: <default>
* layout: <same size as paper>
* layoutoffset:(h,v)=(0.0pt,0.0pt)
* modes: 
* h-part:(L,W,R)=(56.9055pt, 500.484pt, 56.9055pt)
* v-part:(T,H,B)=(95.39737pt, 556.47656pt, 143.09605pt)
* \paperwidth=614.295pt
* \paperheight=794.96999pt
* \textwidth=500.484pt
* \textheight=556.47656pt
* \oddsidemargin=-15.36449pt
* \evensidemargin=-15.36449pt
* \topmargin=-13.87262pt
* \headheight=12.0pt
* \headsep=25.0pt
* \topskip=10.0pt
* \footskip=30.0pt
* \marginparwidth=65.0pt
* \marginparsep=11.0pt
* \columnsep=10.0pt
* \skip\footins=9.0pt plus 4.0pt minus 2.0pt
* \hoffset=0.0pt
* \voffset=0.0pt
* \mag=1000
* \@twocolumnfalse
* \@twosidefalse
* \@mparswitchfalse
* \@reversemarginfalse
* (1in=72.27pt=25.4mm, 1cm=28.453pt)

(/usr/share/texlive/texmf-dist/tex/context/base/mkii/supp-pdf.mkii
[Loading MPS to PDF converter (version 2006.09.02).]
\scratchcounter=\count197
\scratchdimen=\dimen149
\scratchbox=\box52
\nofMPsegments=\count198
\nofMParguments=\count199
\everyMPshowfont=\toks20
\MPscratchCnt=\count266
\MPscratchDim=\dimen150
\MPnumerator=\count267
\makeMPintoPDFobject=\count268
\everyMPtoPDFconversion=\toks21
) (/usr/share/texlive/texmf-dist/tex/latex/epstopdf-pkg/epstopdf-base.sty
Package: epstopdf-base 2020-01-24 v2.11 Base part for package epstopdf
Package epstopdf-base Info: Redefining graphics rule for `.eps' on input line 4
85.

(/usr/share/texlive/texmf-dist/tex/latex/latexconfig/epstopdf-sys.cfg
File: epstopdf-sys.cfg 2010/07/13 v1.3 Configuration of (r)epstopdf for TeX Liv
e
))
LaTeX Font Info:    Trying to load font information for OT1+lmr on input line 1
7.

(/usr/share/texmf/tex/latex/lm/ot1lmr.fd
File: ot1lmr.fd 2015/05/01 v1.6.1 Font defs for Latin Modern
)
LaTeX Font Info:    Trying to load font information for OML+lmm on input line 1
7.

(/usr/share/texmf/tex/latex/lm/omllmm.fd
File: omllmm.fd 2015/05/01 v1.6.1 Font defs for Latin Modern
)
LaTeX Font Info:    Trying to load font information for OMS+lmsy on input line 
17.

(/usr/share/texmf/tex/latex/lm/omslmsy.fd
File: omslmsy.fd 2015/05/01 v1.6.1 Font defs for Latin Modern
)
LaTeX Font Info:    Trying to load font information for OMX+lmex on input line 
17.

(/usr/share/texmf/tex/latex/lm/omxlmex.fd
File: omxlmex.fd 2015/05/01 v1.6.1 Font defs for Latin Modern
)
LaTeX Font Info:    External font `lmex10' loaded for size
(Font)              <12> on input line 17.
LaTeX Font Info:    External font `lmex10' loaded for size
(Font)              <8> on input line 17.
LaTeX Font Info:    External font `lmex10' loaded for size
(Font)              <6> on input line 17.
</tmp/pylatex-tmp.w4wi_8hw/e6a925ad-b83d-4960-bc90-2e4254870fcf.pdf, id=1, 1445
.4pt x 578.16pt>
File: /tmp/pylatex-tmp.w4wi_8hw/e6a925ad-b83d-4960-bc90-2e4254870fcf.pdf Graphi
c file (type pdf)
<use /tmp/pylatex-tmp.w4wi_8hw/e6a925ad-b83d-4960-bc90-2e4254870fcf.pdf>
Package pdftex.def Info: /tmp/pylatex-tmp.w4wi_8hw/e6a925ad-b83d-4960-bc90-2e42
54870fcf.pdf  used on input line 24.
(pdftex.def)             Requested size: 400.38872pt x 160.15457pt.
</tmp/pylatex-tmp.w4wi_8hw/ac363da8-0ec7-4cd0-ae6d-36d33aa1b7d1.pdf, id=2, 1445
.4pt x 578.16pt>
File: /tmp/pylatex-tmp.w4wi_8hw/ac363da8-0ec7-4cd0-ae6d-36d33aa1b7d1.pdf Graphi
c file (type pdf)
<use /tmp/pylatex-tmp.w4wi_8hw/ac363da8-0ec7-4cd0-ae6d-36d33aa1b7d1.pdf>
Package pdftex.def Info: /tmp/pylatex-tmp.w4wi_8hw/ac363da8-0ec7-4cd0-ae6d-36d3
3aa1b7d1.pdf  used on input line 32.
(pdftex.def)             Requested size: 400.38872pt x 160.15457pt.
LaTeX Font Info:    External font `lmex10' loaded for size
(Font)              <10> on input line 40.
LaTeX Font Info:    External font `lmex10' loaded for size
(Font)              <7> on input line 40.
LaTeX Font Info:    External font `lmex10' loaded for size
(Font)              <5> on input line 40.

! Undefined control sequence.
l.41 \toprule
             
The control sequence at the end of the top line
of your error message was never \def'ed. If you have
misspelled it (e.g., `\hobx'), type `I' and the correct
spelling (e.g., `I\hbox'). Otherwise just continue,
and I'll forget about whatever was undefined.

! Undefined control sequence.
<recently read> \midrule 
                         
l.44 \midrule
             
The control sequence at the end of the top line
of your error message was never \def'ed. If you have
misspelled it (e.g., `\hobx'), type `I' and the correct
spelling (e.g., `I\hbox'). Otherwise just continue,
and I'll forget about whatever was undefined.

! Undefined control sequence.
<recently read> \bottomrule 
                            
l.47 \bottomrule
                
The control sequence at the end of the top line
of your error message was never \def'ed. If you have
misspelled it (e.g., `\hobx'), type `I' and the correct
spelling (e.g., `I\hbox'). Otherwise just continue,
and I'll forget about whatever was undefined.

</tmp/pylatex-tmp.w4wi_8hw/bc8e1b6c-06fd-4a37-ac73-a6bb192f1d42.pdf, id=3, 1445
.4pt x 1084.05pt>
File: /tmp/pylatex-tmp.w4wi_8hw/bc8e1b6c-06fd-4a37-ac73-a6bb192f1d42.pdf Graphi
c file (type pdf)
<use /tmp/pylatex-tmp.w4wi_8hw/bc8e1b6c-06fd-4a37-ac73-a6bb192f1d42.pdf>
Package pdftex.def Info: /tmp/pylatex-tmp.w4wi_8hw/bc8e1b6c-06fd-4a37-ac73-a6bb
192f1d42.pdf  used on input line 54.
(pdftex.def)             Requested size: 400.38872pt x 300.28984pt.
[1

{/var/lib/texmf/fonts/map/pdftex/updmap/pdftex.map} </tmp/pylatex-tmp.w4wi_8hw/
e6a925ad-b83d-4960-bc90-2e4254870fcf.pdf> </tmp/pylatex-tmp.w4wi_8hw/ac363da8-0
ec7-4cd0-ae6d-36d33aa1b7d1.pdf>] [2 </tmp/pylatex-tmp.w4wi_8hw/bc8e1b6c-06fd-4a
37-ac73-a6bb192f1d42.pdf>]
! Undefined control sequence.
l.62 \toprule
             
The control sequence at the end of the top line
of your error message was never \def'ed. If you have
misspelled it (e.g., `\hobx'), type `I' and the correct
spelling (e.g., `I\hbox'). Otherwise just continue,
and I'll forget about whatever was undefined.

! Undefined control sequence.
<recently read> \midrule 
                         
l.65 \midrule
             
The control sequence at the end of the top line
of your error message was never \def'ed. If you have
misspelled it (e.g., `\hobx'), type `I' and the correct
spelling (e.g., `I\hbox'). Otherwise just continue,
and I'll forget about whatever was undefined.

! Undefined control sequence.
<recently read> \bottomrule 
                            
l.68 \bottomrule
                
The control sequence at the end of the top line
of your error message was never \def'ed. If you have
misspelled it (e.g., `\hobx'), type `I' and the correct
spelling (e.g., `I\hbox'). Otherwise just continue,
and I'll forget about whatever was undefined.

</tmp/pylatex-tmp.w4wi_8hw/c0ab317f-f561-45eb-9675-dfb9b0f2b7f9.pdf, id=86, 144
5.4pt x 1084.05pt>
File: /tmp/pylatex-tmp.w4wi_8hw/c0ab317f-f561-45eb-9675-dfb9b0f2b7f9.pdf Graphi
c file (type pdf)
<use /tmp/pylatex-tmp.w4wi_8hw/c0ab317f-f561-45eb-9675-dfb9b0f2b7f9.pdf>
Package pdftex.def Info: /tmp/pylatex-tmp.w4wi_8hw/c0ab317f-f561-45eb-9675-dfb9
b0f2b7f9.pdf  used on input line 75.
(pdftex.def)             Requested size: 400.38872pt x 300.28984pt.
[3 </tmp/pylatex-tmp.w4wi_8hw/c0ab317f-f561-45eb-9675-dfb9b0f2b7f9.pdf>]
! Undefined control sequence.
l.85 \toprule
             
The control sequence at the end of the top line
of your error message was never \def'ed. If you have
misspelled it (e.g., `\hobx'), type `I' and the correct
spelling (e.g., `I\hbox'). Otherwise just continue,
and I'll forget about whatever was undefined.

! Undefined control sequence.
<recently read> \midrule 
                         
l.88 \midrule
             
The control sequence at the end of the top line
of your error message was never \def'ed. If you have
misspelled it (e.g., `\hobx'), type `I' and the correct
spelling (e.g., `I\hbox'). Otherwise just continue,
and I'll forget about whatever was undefined.

! Undefined control sequence.
<recently read> \bottomrule 
                            
l.94 \bottomrule
                
The control sequence at the end of the top line
of your error message was never \def'ed. If you have
misspelled it (e.g., `\hobx'), type `I' and the correct
spelling (e.g., `I\hbox'). Otherwise just continue,
and I'll forget about whatever was undefined.

</tmp/pylatex-tmp.w4wi_8hw/0c9d78fe-8d4f-429b-bafc-7bbf28e5a456.pdf, id=123, 14
45.4pt x 1084.05pt>
File: /tmp/pylatex-tmp.w4wi_8hw/0c9d78fe-8d4f-429b-bafc-7bbf28e5a456.pdf Graphi
c file (type pdf)
<use /tmp/pylatex-tmp.w4wi_8hw/0c9d78fe-8d4f-429b-bafc-7bbf28e5a456.pdf>
Package pdftex.def Info: /tmp/pylatex-tmp.w4wi_8hw/0c9d78fe-8d4f-429b-bafc-7bbf
28e5a456.pdf  used on input line 101.
(pdftex.def)             Requested size: 400.38872pt x 300.28984pt.
[4 </tmp/pylatex-tmp.w4wi_8hw/0c9d78fe-8d4f-429b-bafc-7bbf28e5a456.pdf>]
! Undefined control sequence.
l.109 \toprule
              
The control sequence at the end of the top line
of your error message was never \def'ed. If you have
misspelled it (e.g., `\hobx'), type `I' and the correct
spelling (e.g., `I\hbox'). Otherwise just continue,
and I'll forget about whatever was undefined.

! Undefined control sequence.
<recently read> \midrule 
                         
l.112 \midrule
              
The control sequence at the end of the top line
of your error message was never \def'ed. If you have
misspelled it (e.g., `\hobx'), type `I' and the correct
spelling (e.g., `I\hbox'). Otherwise just continue,
and I'll forget about whatever was undefined.

! Undefined control sequence.
<recently read> \bottomrule 
                            
l.118 \bottomrule
                 
The control sequence at the end of the top line
of your error message was never \def'ed. If you have
misspelled it (e.g., `\hobx'), type `I' and the correct
spelling (e.g., `I\hbox'). Otherwise just continue,
and I'll forget about whatever was undefined.

</tmp/pylatex-tmp.w4wi_8hw/52a8a89d-2907-4f94-b952-f256ddc86888.pdf, id=160, 14
45.4pt x 1084.05pt>
File: /tmp/pylatex-tmp.w4wi_8hw/52a8a89d-2907-4f94-b952-f256ddc86888.pdf Graphi
c file (type pdf)
<use /tmp/pylatex-tmp.w4wi_8hw/52a8a89d-2907-4f94-b952-f256ddc86888.pdf>
Package pdftex.def Info: /tmp/pylatex-tmp.w4wi_8hw/52a8a89d-2907-4f94-b952-f256
ddc86888.pdf  used on input line 125.
(pdftex.def)             Requested size: 400.38872pt x 300.28984pt.
[5 </tmp/pylatex-tmp.w4wi_8hw/52a8a89d-2907-4f94-b952-f256ddc86888.pdf>]
! Undefined control sequence.
l.135 \toprule
              
The control sequence at the end of the top line
of your error message was never \def'ed. If you have
misspelled it (e.g., `\hobx'), type `I' and the correct
spelling (e.g., `I\hbox'). Otherwise just continue,
and I'll forget about whatever was undefined.

! Undefined control sequence.
<recently read> \midrule 
                         
l.138 \midrule
              
The control sequence at the end of the top line
of your error message was never \def'ed. If you have
misspelled it (e.g., `\hobx'), type `I' and the correct
spelling (e.g., `I\hbox'). Otherwise just continue,
and I'll forget about whatever was undefined.

! Undefined control sequence.
<recently read> \bottomrule 
                            
l.161 \bottomrule
                 
The control sequence at the end of the top line
of your error message was never \def'ed. If you have
misspelled it (e.g., `\hobx'), type `I' and the correct
spelling (e.g., `I\hbox'). Otherwise just continue,
and I'll forget about whatever was undefined.

</tmp/pylatex-tmp.w4wi_8hw/6cf05edd-7200-4270-854a-f77b03b575a5.pdf, id=199, 14
45.4pt x 1084.05pt>
File: /tmp/pylatex-tmp.w4wi_8hw/6cf05edd-7200-4270-854a-f77b03b575a5.pdf Graphi
c file (type pdf)
<use /tmp/pylatex-tmp.w4wi_8hw/6cf05edd-7200-4270-854a-f77b03b575a5.pdf>
Package pdftex.def Info: /tmp/pylatex-tmp.w4wi_8hw/6cf05edd-7200-4270-854a-f77b
03b575a5.pdf  used on input line 168.
(pdftex.def)             Requested size: 400.38872pt x 300.28984pt.
[6] [7 </tmp/pylatex-tmp.w4wi_8hw/6cf05edd-7200-4270-854a-f77b03b575a5.pdf>]
! Undefined control sequence.
l.176 \toprule
              
The control sequence at the end of the top line
of your error message was never \def'ed. If you have
misspelled it (e.g., `\hobx'), type `I' and the correct
spelling (e.g., `I\hbox'). Otherwise just continue,
and I'll forget about whatever was undefined.

! Undefined control sequence.
<recently read> \midrule 
                         
l.179 \midrule
              
The control sequence at the end of the top line
of your error message was never \def'ed. If you have
misspelled it (e.g., `\hobx'), type `I' and the correct
spelling (e.g., `I\hbox'). Otherwise just continue,
and I'll forget about whatever was undefined.

! Undefined control sequence.
<recently read> \bottomrule 
                            
l.202 \bottomrule
                 
The control sequence at the end of the top line
of your error message was never \def'ed. If you have
misspelled it (e.g., `\hobx'), type `I' and the correct
spelling (e.g., `I\hbox'). Otherwise just continue,
and I'll forget about whatever was undefined.

</tmp/pylatex-tmp.w4wi_8hw/6bea5a5c-9d9e-45f5-b65e-1b0f1ebc4093.pdf, id=236, 14
45.4pt x 1084.05pt>
File: /tmp/pylatex-tmp.w4wi_8hw/6bea5a5c-9d9e-45f5-b65e-1b0f1ebc4093.pdf Graphi
c file (type pdf)
<use /tmp/pylatex-tmp.w4wi_8hw/6bea5a5c-9d9e-45f5-b65e-1b0f1ebc4093.pdf>
Package pdftex.def Info: /tmp/pylatex-tmp.w4wi_8hw/6bea5a5c-9d9e-45f5-b65e-1b0f
1ebc4093.pdf  used on input line 209.
(pdftex.def)             Requested size: 400.38872pt x 300.28984pt.
</tmp/pylatex-tmp.w4wi_8hw/89efc59d-566a-45fa-a88b-c29c35c26920.pdf, id=237, 14
45.4pt x 1084.05pt>
File: /tmp/pylatex-tmp.w4wi_8hw/89efc59d-566a-45fa-a88b-c29c35c26920.pdf Graphi
c file (type pdf)
<use /tmp/pylatex-tmp.w4wi_8hw/89efc59d-566a-45fa-a88b-c29c35c26920.pdf>
Package pdftex.def Info: /tmp/pylatex-tmp.w4wi_8hw/89efc59d-566a-45fa-a88b-c29c
35c26920.pdf  used on input line 219.
(pdftex.def)             Requested size: 400.38872pt x 300.28984pt.
</tmp/pylatex-tmp.w4wi_8hw/2661ffe7-e41a-4ac9-88e1-924e781f5fbf.pdf, id=238, 14
45.4pt x 1084.05pt>
File: /tmp/pylatex-tmp.w4wi_8hw/2661ffe7-e41a-4ac9-88e1-924e781f5fbf.pdf Graphi
c file (type pdf)
<use /tmp/pylatex-tmp.w4wi_8hw/2661ffe7-e41a-4ac9-88e1-924e781f5fbf.pdf>
Package pdftex.def Info: /tmp/pylatex-tmp.w4wi_8hw/2661ffe7-e41a-4ac9-88e1-924e
781f5fbf.pdf  used on input line 227.
(pdftex.def)             Requested size: 400.38872pt x 300.28984pt.

AED: lastpage setting LastPage
[8] [9 </tmp/pylatex-tmp.w4wi_8hw/6bea5a5c-9d9e-45f5-b65e-1b0f1ebc4093.pdf>]
[10 </tmp/pylatex-tmp.w4wi_8hw/89efc59d-566a-45fa-a88b-c29c35c26920.pdf>]
[11 </tmp/pylatex-tmp.w4wi_8hw/2661ffe7-e41a-4ac9-88e1-924e781f5fbf.pdf>]
(./1754823.positions.aux)

LaTeX Warning: There were multiply-defined labels.

 ) 
Here is how much of TeX's memory you used:
 2436 strings out of 478840
 43536 string characters out of 5861439
 339796 words of memory out of 5000000
 20664 multiletter control sequences out of 15000+600000
 509832 words of font info for 54 fonts, out of 8000000 for 9000
 766 hyphenation exceptions out of 8191
 55i,6n,62p,283b,228s stack positions out of 10000i,1000n,20000p,200000b,200000s
{/usr/share/texmf/fonts/enc/dvips/lm/lm-ec.enc}</usr/share/texmf/fonts/type1/
public/lm/lmbx12.pfb></usr/share/texmf/fonts/type1/public/lm/lmr10.pfb></usr/sh
are/texmf/fonts/type1/public/lm/lmr12.pfb></usr/share/texmf/fonts/type1/public/
lm/lmr17.pfb>
Output written on 1754823.positions.pdf (11 pages, 184576 bytes).
PDF statistics:
 338 PDF objects out of 1000 (max. 8388607)
 89 compressed objects within 1 object stream
 0 named destinations out of 1000 (max. 500000)
 51 words of extra memory for PDF output out of 10000 (max. 10000000)

